04-Jun-25 13:16:34 - INFO - Log file log\04-Jun-25_13-16-34.log created
04-Jun-25 13:16:34 - INFO - output/04-Jun-25.csv borrado
04-Jun-25 13:16:34 - INFO - output/04-Jun-25.csv Creado
04-Jun-25 13:16:35 - INFO - LOGUEANDOME A LINKEDIN COMO badag85383@jeanssi.com...
04-Jun-25 13:16:44 - INFO - Login completado.
04-Jun-25 13:16:44 - INFO - === Iniciando búsqueda para: Data Analyst ===
04-Jun-25 13:17:04 - WARNING - Timeout esperando los resultados iniciales de la búsqueda. No se pudo cargar la página de resultados.
04-Jun-25 13:17:04 - INFO - === Búsqueda completada para: Data Analyst. Total scrapeados: 0 ===
04-Jun-25 13:17:14 - INFO - === Iniciando búsqueda para: Data Scientist ===
04-Jun-25 13:17:33 - WARNING - Timeout esperando los resultados iniciales de la búsqueda. No se pudo cargar la página de resultados.
04-Jun-25 13:17:33 - INFO - === Búsqueda completada para: Data Scientist. Total scrapeados: 0 ===
04-Jun-25 13:17:43 - INFO - === Iniciando búsqueda para: Data Engineer ===
04-Jun-25 13:17:48 - ERROR - Error general en el script principal: Message: no such window: target window already closed
from unknown error: web view not found
  (Session info: chrome=137.0.7151.69)
Stacktrace:
	GetHandleVerifier [0x0x7ff66fe4fea5+79173]
	GetHandleVerifier [0x0x7ff66fe4ff00+79264]
	(No symbol) [0x0x7ff66fc09e5a]
	(No symbol) [0x0x7ff66fbe20f1]
	(No symbol) [0x0x7ff66fc9017e]
	(No symbol) [0x0x7ff66fcb0922]
	(No symbol) [0x0x7ff66fc88743]
	(No symbol) [0x0x7ff66fc514c1]
	(No symbol) [0x0x7ff66fc52253]
	GetHandleVerifier [0x0x7ff67011a2dd+3004797]
	GetHandleVerifier [0x0x7ff67011472d+2981325]
	GetHandleVerifier [0x0x7ff670133380+3107360]
	GetHandleVerifier [0x0x7ff66fe6aa2e+188622]
	GetHandleVerifier [0x0x7ff66fe722bf+219487]
	GetHandleVerifier [0x0x7ff66fe58df4+115860]
	GetHandleVerifier [0x0x7ff66fe58fa9+116297]
	GetHandleVerifier [0x0x7ff66fe3f558+11256]
	BaseThreadInitThunk [0x0x7ff85342257d+29]
	RtlUserThreadStart [0x0x7ff85494af08+40]

04-Jun-25 13:17:50 - INFO - Driver cerrado correctamente.
