05-Jun-25 11:24:07 - INFO - Log file log\05-Jun-25_11-24-07.log created
05-Jun-25 11:24:07 - INFO - output/05-Jun-25.csv borrado
05-Jun-25 11:24:07 - INFO - output/05-Jun-25.csv Creado
05-Jun-25 11:24:08 - INFO - LOGUEANDOME A LINKEDIN COMO kideve4885@cigidea.com...
05-Jun-25 11:24:14 - INFO - Login completado.
05-Jun-25 11:24:23 - INFO - Navegación exitosa a la página principal después del login.
05-Jun-25 11:24:28 - INFO - === Iniciando búsqueda para: Data Analyst ===
05-Jun-25 11:24:28 - INFO - Navegando a la URL de búsqueda inicial: https://www.linkedin.com/jobs/search/?f_TPR=r86400&f_WRA=true&geoId=92000000&keywords=data%20analyst&location=Worldwide&start=0
05-Jun-25 11:25:08 - ERROR - ¡ERROR CRÍTICO! Timeout esperando la lista de resultados de la búsqueda. La página no cargó la lista principal o no es visible.
05-Jun-25 11:25:08 - INFO - === Búsqueda completada para: Data Analyst. Total scrapeados: 0 ===
05-Jun-25 11:25:23 - INFO - === Iniciando búsqueda para: Data Scientist ===
05-Jun-25 11:25:23 - INFO - Navegando a la URL de búsqueda inicial: https://www.linkedin.com/jobs/search/?f_TPR=r86400&f_WRA=true&geoId=92000000&keywords=data%20scientist&location=Worldwide&start=0
05-Jun-25 11:26:02 - ERROR - ¡ERROR CRÍTICO! Timeout esperando la lista de resultados de la búsqueda. La página no cargó la lista principal o no es visible.
05-Jun-25 11:26:02 - INFO - === Búsqueda completada para: Data Scientist. Total scrapeados: 0 ===
05-Jun-25 11:26:17 - INFO - === Iniciando búsqueda para: Data Engineer ===
05-Jun-25 11:26:17 - INFO - Navegando a la URL de búsqueda inicial: https://www.linkedin.com/jobs/search/?f_TPR=r86400&f_WRA=true&geoId=92000000&keywords=data%20engineer&location=Worldwide&start=0
05-Jun-25 11:26:26 - ERROR - Error general en el script principal: Message: invalid session id: session deleted as the browser has closed the connection
from disconnected: Unable to receive message from renderer
  (Session info: chrome=137.0.7151.69)
Stacktrace:
	GetHandleVerifier [0x0x7ff6f6f6fea5+79173]
	GetHandleVerifier [0x0x7ff6f6f6ff00+79264]
	(No symbol) [0x0x7ff6f6d29e5a]
	(No symbol) [0x0x7ff6f6d172dc]
	(No symbol) [0x0x7ff6f6d16fca]
	(No symbol) [0x0x7ff6f6d15e2e]
	(No symbol) [0x0x7ff6f6d3ac44]
	(No symbol) [0x0x7ff6f6db03c5]
	(No symbol) [0x0x7ff6f6dd0922]
	(No symbol) [0x0x7ff6f6da8743]
	(No symbol) [0x0x7ff6f6d714c1]
	(No symbol) [0x0x7ff6f6d72253]
	GetHandleVerifier [0x0x7ff6f723a2dd+3004797]
	GetHandleVerifier [0x0x7ff6f723472d+2981325]
	GetHandleVerifier [0x0x7ff6f7253380+3107360]
	GetHandleVerifier [0x0x7ff6f6f8aa2e+188622]
	GetHandleVerifier [0x0x7ff6f6f922bf+219487]
	GetHandleVerifier [0x0x7ff6f6f78df4+115860]
	GetHandleVerifier [0x0x7ff6f6f78fa9+116297]
	GetHandleVerifier [0x0x7ff6f6f5f558+11256]
	BaseThreadInitThunk [0x0x7ff85342257d+29]
	RtlUserThreadStart [0x0x7ff85494af08+40]

05-Jun-25 11:26:28 - INFO - Driver cerrado correctamente.
