24-Jun-25 16:37:25 - INFO - Archivo de log log\24-Jun-25_16-37-25.log creado y configurado.
24-Jun-25 16:37:25 - INFO - output\linkedin_jobs.csv borrado para una nueva ejecución.
24-Jun-25 16:37:25 - INFO - Archivo CSV 'output\linkedin_jobs.csv' creado con éxito.
24-Jun-25 16:37:27 - INFO - Iniciando sesión en LinkedIn como mirek21473@kimdyn.com...
24-Jun-25 16:37:44 - INFO - Login: Credenciales enviadas.
24-Jun-25 16:37:44 - INFO - Login: Navegación exitosa a la página principal después del login.
24-Jun-25 16:37:57 - INFO - Iniciando scraping para palabra clave: 'Analista de Datos' en ubicación: 'España'
24-Jun-25 16:37:57 - INFO - Navegando a la URL de búsqueda inicial: https://www.linkedin.com/jobs/search/?f_TPR=2592000000&f_WRA=true&geoId=92000000&keywords=Analista de Datos&location=España&start=0
24-Jun-25 16:38:16 - INFO - URL actual después de la navegación: https://www.linkedin.com/jobs/search/?currentJobId=4255315046&f_TPR=2592000000&f_WT=2&geoId=92000000&keywords=Analista%20de%20Datos&location=Espa%C3%B1a
24-Jun-25 16:38:16 - INFO - Lista de resultados de búsqueda inicial encontrada y visible.
24-Jun-25 16:38:19 - WARNING - No se pudo obtener el conteo de resultados inicial. Intentando selectores alternativos o asumiendo un conteo bajo.
24-Jun-25 16:38:19 - WARNING - No se pudo obtener el conteo de resultados con selectores alternativos. Asumiendo 0 para continuar.
24-Jun-25 16:38:19 - INFO - Iniciando scraping para 'Analista de Datos' en 'España' (0 resultados totales esperados)...
24-Jun-25 16:38:19 - INFO - --- Procesando Página 1 de un máximo de 3 ---
24-Jun-25 16:38:27 - INFO - Encontradas 25 tarjetas de trabajos válidas y visibles en la página.
24-Jun-25 16:38:27 - INFO - Total de tarjetas de trabajo válidas visibles en la página 1: 25
24-Jun-25 16:38:27 - INFO - Procesando trabajo 1/25 (ID: 4255315046).
24-Jun-25 16:38:27 - INFO - Preparando para scrapear tarjeta de trabajo (ID: 4255315046).
24-Jun-25 16:38:34 - INFO - Detalles del trabajo en el panel lateral cargados exitosamente.
24-Jun-25 16:38:40 - INFO - Trabajo extraído exitosamente: 'Sr. Data Analyst' en 'Gravity IT Resources' (ID: 4255315046)
24-Jun-25 16:38:44 - INFO - Procesando trabajo 2/25 (ID: 4255246733).
24-Jun-25 16:38:44 - INFO - Preparando para scrapear tarjeta de trabajo (ID: 4255246733).
24-Jun-25 16:38:54 - INFO - Detalles del trabajo en el panel lateral cargados exitosamente.
24-Jun-25 16:38:58 - INFO - Trabajo extraído exitosamente: 'Junior Data Analyst' en 'Insight Global' (ID: 4255246733)
24-Jun-25 16:39:01 - INFO - Procesando trabajo 3/25 (ID: 4237489490).
24-Jun-25 16:39:01 - INFO - Preparando para scrapear tarjeta de trabajo (ID: 4237489490).
24-Jun-25 16:39:11 - INFO - Detalles del trabajo en el panel lateral cargados exitosamente.
24-Jun-25 16:39:15 - INFO - Trabajo extraído exitosamente: 'Data Analyst' en 'Good Giant' (ID: 4237489490)
24-Jun-25 16:39:18 - INFO - Procesando trabajo 4/25 (ID: 4251542008).
24-Jun-25 16:39:18 - INFO - Preparando para scrapear tarjeta de trabajo (ID: 4251542008).
24-Jun-25 16:39:28 - INFO - Detalles del trabajo en el panel lateral cargados exitosamente.
24-Jun-25 16:39:32 - INFO - Trabajo extraído exitosamente: 'Data Analyst (Contract | Full Time)' en 'BiggerPockets' (ID: 4251542008)
24-Jun-25 16:39:34 - INFO - Procesando trabajo 5/25 (ID: 4245584842).
24-Jun-25 16:39:34 - INFO - Preparando para scrapear tarjeta de trabajo (ID: 4245584842).
24-Jun-25 16:39:42 - INFO - Detalles del trabajo en el panel lateral cargados exitosamente.
24-Jun-25 16:39:46 - INFO - Trabajo extraído exitosamente: 'Senior Data Analyst' en 'INSPYR Solutions' (ID: 4245584842)
24-Jun-25 16:39:49 - INFO - Procesando trabajo 6/25 (ID: 4256052384).
24-Jun-25 16:39:49 - INFO - Preparando para scrapear tarjeta de trabajo (ID: 4256052384).
24-Jun-25 16:39:59 - INFO - Detalles del trabajo en el panel lateral cargados exitosamente.
24-Jun-25 16:40:03 - INFO - Trabajo extraído exitosamente: 'Data Analyst (Medical Data)' en 'Wiraa' (ID: 4256052384)
24-Jun-25 16:40:05 - INFO - Procesando trabajo 7/25 (ID: 4247904856).
24-Jun-25 16:40:05 - INFO - Preparando para scrapear tarjeta de trabajo (ID: 4247904856).
24-Jun-25 16:40:14 - INFO - Detalles del trabajo en el panel lateral cargados exitosamente.
24-Jun-25 16:40:20 - INFO - Trabajo extraído exitosamente: 'Data Analyst' en 'Confidential' (ID: 4247904856)
24-Jun-25 16:40:24 - INFO - Procesando trabajo 8/25 (ID: 4252666961).
24-Jun-25 16:40:24 - INFO - Preparando para scrapear tarjeta de trabajo (ID: 4252666961).
24-Jun-25 16:40:33 - INFO - Detalles del trabajo en el panel lateral cargados exitosamente.
24-Jun-25 16:40:38 - INFO - Trabajo extraído exitosamente: 'Business Intelligence Analyst' en 'Practicus' (ID: 4252666961)
24-Jun-25 16:40:40 - INFO - Procesando trabajo 9/25 (ID: 4248919821).
24-Jun-25 16:40:40 - INFO - Preparando para scrapear tarjeta de trabajo (ID: 4248919821).
24-Jun-25 16:40:48 - INFO - Detalles del trabajo en el panel lateral cargados exitosamente.
24-Jun-25 16:40:52 - INFO - Trabajo extraído exitosamente: 'Data Analyst' en 'Facebook' (ID: 4248919821)
24-Jun-25 16:40:56 - INFO - Procesando trabajo 10/25 (ID: 4240671962).
24-Jun-25 16:40:56 - INFO - Preparando para scrapear tarjeta de trabajo (ID: 4240671962).
24-Jun-25 16:41:04 - INFO - Detalles del trabajo en el panel lateral cargados exitosamente.
24-Jun-25 16:41:09 - INFO - Trabajo extraído exitosamente: 'Analista de datos' en 'SIALBÉ' (ID: 4240671962)
24-Jun-25 16:41:12 - INFO - Procesando trabajo 11/25 (ID: 4247941516).
24-Jun-25 16:41:12 - INFO - Preparando para scrapear tarjeta de trabajo (ID: 4247941516).
24-Jun-25 16:41:20 - INFO - Detalles del trabajo en el panel lateral cargados exitosamente.
24-Jun-25 16:41:25 - INFO - Trabajo extraído exitosamente: 'Senior Data Analyst' en 'Warman O'Brien' (ID: 4247941516)
24-Jun-25 16:41:28 - INFO - Procesando trabajo 12/25 (ID: 4253920900).
24-Jun-25 16:41:28 - INFO - Preparando para scrapear tarjeta de trabajo (ID: 4253920900).
24-Jun-25 16:41:36 - INFO - Detalles del trabajo en el panel lateral cargados exitosamente.
24-Jun-25 16:41:41 - INFO - Trabajo extraído exitosamente: 'Senior Data Analyst' en 'Smith Johnson Tech' (ID: 4253920900)
24-Jun-25 16:41:44 - INFO - Procesando trabajo 13/25 (ID: 4255582961).
24-Jun-25 16:41:44 - INFO - Preparando para scrapear tarjeta de trabajo (ID: 4255582961).
24-Jun-25 16:41:52 - INFO - Detalles del trabajo en el panel lateral cargados exitosamente.
24-Jun-25 16:41:57 - INFO - Trabajo extraído exitosamente: 'Data Services Analyst, Entry Level' en 'Jobright.ai' (ID: 4255582961)
24-Jun-25 16:42:00 - INFO - Procesando trabajo 14/25 (ID: 4251676691).
24-Jun-25 16:42:01 - INFO - Preparando para scrapear tarjeta de trabajo (ID: 4251676691).
24-Jun-25 16:42:10 - INFO - Detalles del trabajo en el panel lateral cargados exitosamente.
24-Jun-25 16:42:14 - INFO - Trabajo extraído exitosamente: 'Data Analyst' en 'Rapid Talent Group' (ID: 4251676691)
24-Jun-25 16:42:18 - INFO - Procesando trabajo 15/25 (ID: 4231162343).
24-Jun-25 16:42:18 - INFO - Preparando para scrapear tarjeta de trabajo (ID: 4231162343).
24-Jun-25 16:42:26 - INFO - Detalles del trabajo en el panel lateral cargados exitosamente.
24-Jun-25 16:42:32 - INFO - Trabajo extraído exitosamente: 'People Analytics Analyst (Remote - US)' en 'Jobgether' (ID: 4231162343)
24-Jun-25 16:42:36 - INFO - Procesando trabajo 16/25 (ID: 4256064510).
24-Jun-25 16:42:36 - INFO - Preparando para scrapear tarjeta de trabajo (ID: 4256064510).
24-Jun-25 16:42:43 - INFO - Detalles del trabajo en el panel lateral cargados exitosamente.
24-Jun-25 16:42:49 - INFO - Trabajo extraído exitosamente: 'Data Analyst (LInE)' en 'micro1' (ID: 4256064510)
24-Jun-25 16:42:52 - INFO - Procesando trabajo 17/25 (ID: 4255906503).
24-Jun-25 16:42:52 - INFO - Preparando para scrapear tarjeta de trabajo (ID: 4255906503).
24-Jun-25 16:43:01 - INFO - Detalles del trabajo en el panel lateral cargados exitosamente.
24-Jun-25 16:43:07 - INFO - Trabajo extraído exitosamente: 'Clinical Data Analyst' en 'I3 INFOTEK INC' (ID: 4255906503)
24-Jun-25 16:43:10 - INFO - Procesando trabajo 18/25 (ID: 4255701272).
24-Jun-25 16:43:10 - INFO - Preparando para scrapear tarjeta de trabajo (ID: 4255701272).
24-Jun-25 16:43:18 - INFO - Detalles del trabajo en el panel lateral cargados exitosamente.
24-Jun-25 16:43:24 - WARNING - No se encontró el nombre de la empresa para ID 4255701272.
24-Jun-25 16:43:24 - INFO - Trabajo extraído exitosamente: 'Senior Data Analyst' en '' (ID: 4255701272)
24-Jun-25 16:43:27 - INFO - Procesando trabajo 19/25 (ID: 4255575912).
24-Jun-25 16:43:27 - INFO - Preparando para scrapear tarjeta de trabajo (ID: 4255575912).
24-Jun-25 16:43:35 - INFO - Detalles del trabajo en el panel lateral cargados exitosamente.
24-Jun-25 16:43:41 - INFO - Trabajo extraído exitosamente: 'Data Analyst' en 'Javvy Coffee' (ID: 4255575912)
24-Jun-25 16:43:44 - INFO - Procesando trabajo 20/25 (ID: 4255211719).
24-Jun-25 16:43:44 - INFO - Preparando para scrapear tarjeta de trabajo (ID: 4255211719).
24-Jun-25 16:43:53 - INFO - Detalles del trabajo en el panel lateral cargados exitosamente.
24-Jun-25 16:43:57 - INFO - Trabajo extraído exitosamente: 'PowerBI Developer' en 'Allied Consultants, Inc.' (ID: 4255211719)
24-Jun-25 16:44:01 - INFO - Procesando trabajo 21/25 (ID: 4239982828).
24-Jun-25 16:44:01 - INFO - Preparando para scrapear tarjeta de trabajo (ID: 4239982828).
24-Jun-25 16:44:09 - INFO - Detalles del trabajo en el panel lateral cargados exitosamente.
24-Jun-25 16:44:15 - INFO - Trabajo extraído exitosamente: 'Senior Data Analyst' en 'Arrows' (ID: 4239982828)
24-Jun-25 16:44:18 - INFO - Procesando trabajo 22/25 (ID: 4254146410).
24-Jun-25 16:44:18 - INFO - Preparando para scrapear tarjeta de trabajo (ID: 4254146410).
24-Jun-25 16:44:25 - INFO - Detalles del trabajo en el panel lateral cargados exitosamente.
24-Jun-25 16:44:30 - INFO - Trabajo extraído exitosamente: 'Data Analyst' en 'Bloom Growth™' (ID: 4254146410)
24-Jun-25 16:44:33 - INFO - Procesando trabajo 23/25 (ID: 4255234594).
24-Jun-25 16:44:33 - INFO - Preparando para scrapear tarjeta de trabajo (ID: 4255234594).
24-Jun-25 16:44:41 - INFO - Detalles del trabajo en el panel lateral cargados exitosamente.
24-Jun-25 16:44:46 - INFO - Trabajo extraído exitosamente: 'Business Intelligence Consultant' en 'Millennium Software and Staffing' (ID: 4255234594)
24-Jun-25 16:44:49 - INFO - Procesando trabajo 24/25 (ID: 4246002580).
24-Jun-25 16:44:49 - INFO - Preparando para scrapear tarjeta de trabajo (ID: 4246002580).
24-Jun-25 16:44:58 - INFO - Detalles del trabajo en el panel lateral cargados exitosamente.
24-Jun-25 16:45:01 - INFO - Trabajo extraído exitosamente: 'Analista de Datos' en 'IG Networks' (ID: 4246002580)
24-Jun-25 16:45:05 - INFO - Procesando trabajo 25/25 (ID: 4249964667).
24-Jun-25 16:45:05 - INFO - Preparando para scrapear tarjeta de trabajo (ID: 4249964667).
24-Jun-25 16:45:14 - INFO - Detalles del trabajo en el panel lateral cargados exitosamente.
24-Jun-25 16:45:19 - INFO - Trabajo extraído exitosamente: 'Data Analyst' en 'Robert Half' (ID: 4249964667)
24-Jun-25 16:45:22 - INFO - Intentando pasar a la página 2 usando el botón 'Siguiente' para 'Analista de Datos'...
24-Jun-25 16:45:23 - INFO - Clic en el botón 'Siguiente' exitoso para 'Analista de Datos'.
24-Jun-25 16:45:23 - INFO - La página 2 se cargó correctamente después de hacer clic en 'Siguiente' para 'Analista de Datos'.
24-Jun-25 16:45:38 - INFO - --- Procesando Página 2 de un máximo de 3 ---
24-Jun-25 16:45:46 - INFO - Encontradas 25 tarjetas de trabajos válidas y visibles en la página.
24-Jun-25 16:45:46 - INFO - Total de tarjetas de trabajo válidas visibles en la página 2: 25
24-Jun-25 16:45:46 - INFO - Procesando trabajo 1/25 (ID: 4252676518).
24-Jun-25 16:45:46 - INFO - Preparando para scrapear tarjeta de trabajo (ID: 4252676518).
24-Jun-25 16:45:54 - INFO - Detalles del trabajo en el panel lateral cargados exitosamente.
24-Jun-25 16:45:59 - WARNING - No se encontró el nombre de la empresa para ID 4252676518.
24-Jun-25 16:45:59 - INFO - Trabajo extraído exitosamente: 'Senior Data Analyst: 100% remote [32334]' en '' (ID: 4252676518)
24-Jun-25 16:46:03 - INFO - Procesando trabajo 2/25 (ID: 4251724559).
24-Jun-25 16:46:03 - INFO - Preparando para scrapear tarjeta de trabajo (ID: 4251724559).
24-Jun-25 16:46:11 - INFO - Detalles del trabajo en el panel lateral cargados exitosamente.
24-Jun-25 16:46:16 - INFO - Trabajo extraído exitosamente: 'Data Analyst' en 'Martello Talent' (ID: 4251724559)
24-Jun-25 16:46:20 - INFO - Procesando trabajo 3/25 (ID: 4250030229).
24-Jun-25 16:46:20 - INFO - Preparando para scrapear tarjeta de trabajo (ID: 4250030229).
24-Jun-25 16:46:30 - INFO - Detalles del trabajo en el panel lateral cargados exitosamente.
24-Jun-25 16:46:36 - INFO - Trabajo extraído exitosamente: 'Data Analyst II - (Remote - US)' en 'Mediavine' (ID: 4250030229)
24-Jun-25 16:46:38 - INFO - Procesando trabajo 4/25 (ID: 4256020699).
24-Jun-25 16:46:38 - INFO - Preparando para scrapear tarjeta de trabajo (ID: 4256020699).
24-Jun-25 16:46:48 - INFO - Detalles del trabajo en el panel lateral cargados exitosamente.
24-Jun-25 16:46:54 - INFO - Trabajo extraído exitosamente: 'Digital Analytics Analyst (Adobe Analytics)' en 'INSPYR Solutions' (ID: 4256020699)
24-Jun-25 16:46:56 - INFO - Procesando trabajo 5/25 (ID: 4249167085).
24-Jun-25 16:46:56 - INFO - Preparando para scrapear tarjeta de trabajo (ID: 4249167085).
24-Jun-25 16:47:06 - INFO - Detalles del trabajo en el panel lateral cargados exitosamente.
24-Jun-25 16:47:10 - INFO - Trabajo extraído exitosamente: 'Senior Data Analyst' en 'Warman O'Brien' (ID: 4249167085)
24-Jun-25 16:47:12 - INFO - Procesando trabajo 6/25 (ID: 4256062661).
24-Jun-25 16:47:12 - INFO - Preparando para scrapear tarjeta de trabajo (ID: 4256062661).
24-Jun-25 16:47:22 - INFO - Detalles del trabajo en el panel lateral cargados exitosamente.
24-Jun-25 16:47:26 - INFO - Trabajo extraído exitosamente: 'Data Analyst' en 'micro1' (ID: 4256062661)
24-Jun-25 16:47:29 - INFO - Procesando trabajo 7/25 (ID: 4255582193).
24-Jun-25 16:47:29 - INFO - Preparando para scrapear tarjeta de trabajo (ID: 4255582193).
24-Jun-25 16:47:38 - INFO - Detalles del trabajo en el panel lateral cargados exitosamente.
24-Jun-25 16:47:42 - INFO - Trabajo extraído exitosamente: 'Data Analyst, Entry Level' en 'Jobright.ai' (ID: 4255582193)
24-Jun-25 16:47:45 - INFO - Procesando trabajo 8/25 (ID: 4254197168).
24-Jun-25 16:47:45 - INFO - Preparando para scrapear tarjeta de trabajo (ID: 4254197168).
24-Jun-25 16:47:54 - INFO - Detalles del trabajo en el panel lateral cargados exitosamente.
24-Jun-25 16:47:59 - INFO - Trabajo extraído exitosamente: 'Analytics Consultant' en 'The Future Project Ltd' (ID: 4254197168)
24-Jun-25 16:48:02 - INFO - Procesando trabajo 9/25 (ID: 4256057165).
24-Jun-25 16:48:02 - INFO - Preparando para scrapear tarjeta de trabajo (ID: 4256057165).
24-Jun-25 16:48:11 - INFO - Detalles del trabajo en el panel lateral cargados exitosamente.
24-Jun-25 16:48:16 - INFO - Trabajo extraído exitosamente: 'Data Scientist' en 'Wiraa' (ID: 4256057165)
24-Jun-25 16:48:20 - INFO - Procesando trabajo 10/25 (ID: 4255192886).
24-Jun-25 16:48:20 - INFO - Preparando para scrapear tarjeta de trabajo (ID: 4255192886).
24-Jun-25 16:48:27 - INFO - Detalles del trabajo en el panel lateral cargados exitosamente.
24-Jun-25 16:48:33 - INFO - Trabajo extraído exitosamente: 'Data Analyst (AdTech)' en 'MediaLab' (ID: 4255192886)
24-Jun-25 16:48:36 - INFO - Procesando trabajo 11/25 (ID: 4249285310).
24-Jun-25 16:48:36 - INFO - Preparando para scrapear tarjeta de trabajo (ID: 4249285310).
24-Jun-25 16:48:45 - INFO - Detalles del trabajo en el panel lateral cargados exitosamente.
24-Jun-25 16:48:50 - INFO - Trabajo extraído exitosamente: 'Analista de datos' en 'SIALBÉ' (ID: 4249285310)
24-Jun-25 16:48:54 - INFO - Procesando trabajo 12/25 (ID: 4247680910).
24-Jun-25 16:48:54 - INFO - Preparando para scrapear tarjeta de trabajo (ID: 4247680910).
24-Jun-25 16:49:02 - INFO - Detalles del trabajo en el panel lateral cargados exitosamente.
24-Jun-25 16:49:06 - INFO - Trabajo extraído exitosamente: 'Project Analyst (Remote - US)' en 'Jobgether' (ID: 4247680910)
24-Jun-25 16:49:09 - INFO - Procesando trabajo 13/25 (ID: 4244845805).
24-Jun-25 16:49:09 - INFO - Preparando para scrapear tarjeta de trabajo (ID: 4244845805).
24-Jun-25 16:49:18 - INFO - Detalles del trabajo en el panel lateral cargados exitosamente.
24-Jun-25 16:49:23 - INFO - Trabajo extraído exitosamente: 'Sr. Data Analyst' en 'Burtch Works' (ID: 4244845805)
24-Jun-25 16:49:27 - INFO - Procesando trabajo 14/25 (ID: 4248412047).
24-Jun-25 16:49:27 - INFO - Preparando para scrapear tarjeta de trabajo (ID: 4248412047).
24-Jun-25 16:49:37 - INFO - Detalles del trabajo en el panel lateral cargados exitosamente.
24-Jun-25 16:49:41 - INFO - Trabajo extraído exitosamente: 'Data Analytics Intern' en 'Hirist' (ID: 4248412047)
24-Jun-25 16:49:45 - INFO - Procesando trabajo 15/25 (ID: 4255067480).
24-Jun-25 16:49:45 - INFO - Preparando para scrapear tarjeta de trabajo (ID: 4255067480).
24-Jun-25 16:49:54 - INFO - Detalles del trabajo en el panel lateral cargados exitosamente.
24-Jun-25 16:49:58 - INFO - Trabajo extraído exitosamente: 'Senior Data Analyst' en 'OGC Global' (ID: 4255067480)
24-Jun-25 16:50:01 - INFO - Procesando trabajo 16/25 (ID: 4243637196).
24-Jun-25 16:50:01 - INFO - Preparando para scrapear tarjeta de trabajo (ID: 4243637196).
24-Jun-25 16:50:10 - INFO - Detalles del trabajo en el panel lateral cargados exitosamente.
24-Jun-25 16:50:15 - INFO - Trabajo extraído exitosamente: 'Data Analyst' en 'Osaic' (ID: 4243637196)
24-Jun-25 16:50:19 - INFO - Procesando trabajo 17/25 (ID: 4255772207).
24-Jun-25 16:50:19 - INFO - Preparando para scrapear tarjeta de trabajo (ID: 4255772207).
24-Jun-25 16:50:28 - INFO - Detalles del trabajo en el panel lateral cargados exitosamente.
24-Jun-25 16:50:32 - INFO - Trabajo extraído exitosamente: 'Oracle Business Intelligence Consultant' en 'Skywaves Rise' (ID: 4255772207)
24-Jun-25 16:50:35 - INFO - Procesando trabajo 18/25 (ID: 4246720025).
24-Jun-25 16:50:35 - INFO - Preparando para scrapear tarjeta de trabajo (ID: 4246720025).
24-Jun-25 16:50:44 - INFO - Detalles del trabajo en el panel lateral cargados exitosamente.
24-Jun-25 16:50:49 - INFO - Trabajo extraído exitosamente: 'Senior Analyst, Insights' en 'Monigle' (ID: 4246720025)
24-Jun-25 16:50:51 - INFO - Procesando trabajo 19/25 (ID: 4248949546).
24-Jun-25 16:50:51 - INFO - Preparando para scrapear tarjeta de trabajo (ID: 4248949546).
24-Jun-25 16:50:59 - INFO - Detalles del trabajo en el panel lateral cargados exitosamente.
24-Jun-25 16:51:05 - INFO - Trabajo extraído exitosamente: 'Especialista Analítica de Negocio' en 'Wompi' (ID: 4248949546)
24-Jun-25 16:51:09 - INFO - Procesando trabajo 20/25 (ID: 4255588651).
24-Jun-25 16:51:09 - INFO - Preparando para scrapear tarjeta de trabajo (ID: 4255588651).
24-Jun-25 16:51:17 - INFO - Detalles del trabajo en el panel lateral cargados exitosamente.
24-Jun-25 16:51:22 - INFO - Trabajo extraído exitosamente: 'Data Analyst/Report Writer 3' en 'Jobs via Dice' (ID: 4255588651)
24-Jun-25 16:51:26 - INFO - Procesando trabajo 21/25 (ID: 4205305077).
24-Jun-25 16:51:26 - INFO - Preparando para scrapear tarjeta de trabajo (ID: 4205305077).
24-Jun-25 16:51:34 - INFO - Detalles del trabajo en el panel lateral cargados exitosamente.
24-Jun-25 16:51:38 - INFO - Trabajo extraído exitosamente: 'Analista de Datos Jr.' en 'Inetum' (ID: 4205305077)
24-Jun-25 16:51:40 - INFO - Procesando trabajo 22/25 (ID: 4255754173).
24-Jun-25 16:51:40 - INFO - Preparando para scrapear tarjeta de trabajo (ID: 4255754173).
24-Jun-25 16:51:50 - INFO - Detalles del trabajo en el panel lateral cargados exitosamente.
24-Jun-25 16:51:55 - INFO - Trabajo extraído exitosamente: 'Data' en 'Lensa' (ID: 4255754173)
24-Jun-25 16:51:59 - INFO - Procesando trabajo 23/25 (ID: 4225916443).
24-Jun-25 16:51:59 - INFO - Preparando para scrapear tarjeta de trabajo (ID: 4225916443).
24-Jun-25 16:52:09 - INFO - Detalles del trabajo en el panel lateral cargados exitosamente.
24-Jun-25 16:52:13 - INFO - Trabajo extraído exitosamente: 'Senior Data Analyst' en 'Super.com' (ID: 4225916443)
24-Jun-25 16:52:16 - INFO - Procesando trabajo 24/25 (ID: 4255375076).
24-Jun-25 16:52:16 - INFO - Preparando para scrapear tarjeta de trabajo (ID: 4255375076).
24-Jun-25 16:52:24 - INFO - Detalles del trabajo en el panel lateral cargados exitosamente.
24-Jun-25 16:52:30 - INFO - Trabajo extraído exitosamente: 'Sr Data Analyst(Remote Or Hybrid)' en 'Target' (ID: 4255375076)
24-Jun-25 16:52:33 - INFO - Procesando trabajo 25/25 (ID: 4256028258).
24-Jun-25 16:52:33 - INFO - Preparando para scrapear tarjeta de trabajo (ID: 4256028258).
24-Jun-25 16:52:41 - INFO - Detalles del trabajo en el panel lateral cargados exitosamente.
24-Jun-25 16:52:45 - INFO - Trabajo extraído exitosamente: 'Data Analyst or Analytics Intern' en 'Innovate Solutions' (ID: 4256028258)
24-Jun-25 16:52:48 - INFO - Intentando pasar a la página 3 usando el botón 'Siguiente' para 'Analista de Datos'...
24-Jun-25 16:52:50 - INFO - Clic en el botón 'Siguiente' exitoso para 'Analista de Datos'.
24-Jun-25 16:52:51 - INFO - La página 3 se cargó correctamente después de hacer clic en 'Siguiente' para 'Analista de Datos'.
24-Jun-25 16:53:03 - INFO - --- Procesando Página 3 de un máximo de 3 ---
24-Jun-25 16:53:11 - INFO - Encontradas 25 tarjetas de trabajos válidas y visibles en la página.
24-Jun-25 16:53:11 - INFO - Total de tarjetas de trabajo válidas visibles en la página 3: 25
24-Jun-25 16:53:11 - INFO - Procesando trabajo 1/25 (ID: 4242911161).
24-Jun-25 16:53:12 - INFO - Preparando para scrapear tarjeta de trabajo (ID: 4242911161).
24-Jun-25 16:53:19 - INFO - Detalles del trabajo en el panel lateral cargados exitosamente.
24-Jun-25 16:53:24 - INFO - Trabajo extraído exitosamente: 'Data Analyst' en 'DUAL North America' (ID: 4242911161)
24-Jun-25 16:53:26 - INFO - Procesando trabajo 2/25 (ID: 4255907622).
24-Jun-25 16:53:26 - INFO - Preparando para scrapear tarjeta de trabajo (ID: 4255907622).
24-Jun-25 16:53:34 - INFO - Detalles del trabajo en el panel lateral cargados exitosamente.
24-Jun-25 16:53:39 - INFO - Trabajo extraído exitosamente: 'Digital Data Analyst' en 'Insight Global' (ID: 4255907622)
24-Jun-25 16:53:43 - INFO - Procesando trabajo 3/25 (ID: 4240267797).
24-Jun-25 16:53:43 - INFO - Preparando para scrapear tarjeta de trabajo (ID: 4240267797).
24-Jun-25 16:53:51 - INFO - Detalles del trabajo en el panel lateral cargados exitosamente.
24-Jun-25 16:53:55 - INFO - Trabajo extraído exitosamente: 'Data Analyst II' en 'Crystal Equation Corporation' (ID: 4240267797)
24-Jun-25 16:53:57 - INFO - Procesando trabajo 4/25 (ID: 4238025407).
24-Jun-25 16:53:57 - INFO - Preparando para scrapear tarjeta de trabajo (ID: 4238025407).
24-Jun-25 16:54:06 - INFO - Detalles del trabajo en el panel lateral cargados exitosamente.
24-Jun-25 16:54:12 - INFO - Trabajo extraído exitosamente: 'Data Analyst' en 'Eliassen Group' (ID: 4238025407)
24-Jun-25 16:54:15 - INFO - Procesando trabajo 5/25 (ID: 4255913214).
24-Jun-25 16:54:15 - INFO - Preparando para scrapear tarjeta de trabajo (ID: 4255913214).
24-Jun-25 16:54:25 - INFO - Detalles del trabajo en el panel lateral cargados exitosamente.
24-Jun-25 16:54:30 - INFO - Trabajo extraído exitosamente: '"Analista de Dados JR #968890"' en 'Dexian Brasil' (ID: 4255913214)
24-Jun-25 16:54:33 - INFO - Procesando trabajo 6/25 (ID: 4255589310).
24-Jun-25 16:54:34 - INFO - Preparando para scrapear tarjeta de trabajo (ID: 4255589310).
24-Jun-25 16:54:41 - INFO - Detalles del trabajo en el panel lateral cargados exitosamente.
24-Jun-25 16:54:46 - INFO - Trabajo extraído exitosamente: 'Data Analyst, Entry Level' en 'Jobright.ai' (ID: 4255589310)
24-Jun-25 16:54:49 - INFO - Procesando trabajo 7/25 (ID: 4254118706).
24-Jun-25 16:54:49 - INFO - Preparando para scrapear tarjeta de trabajo (ID: 4254118706).
24-Jun-25 16:54:58 - INFO - Detalles del trabajo en el panel lateral cargados exitosamente.
24-Jun-25 16:55:03 - INFO - Trabajo extraído exitosamente: 'Business Intelligence Analyst' en 'Emonics LLC' (ID: 4254118706)
24-Jun-25 16:55:07 - INFO - Procesando trabajo 8/25 (ID: 4249301175).
24-Jun-25 16:55:07 - INFO - Preparando para scrapear tarjeta de trabajo (ID: 4249301175).
24-Jun-25 16:55:16 - INFO - Detalles del trabajo en el panel lateral cargados exitosamente.
24-Jun-25 16:55:21 - INFO - Trabajo extraído exitosamente: 'Senior Data Analyst' en 'Numetri' (ID: 4249301175)
24-Jun-25 16:55:25 - INFO - Procesando trabajo 9/25 (ID: 4256064523).
24-Jun-25 16:55:25 - INFO - Preparando para scrapear tarjeta de trabajo (ID: 4256064523).
24-Jun-25 16:55:32 - INFO - Detalles del trabajo en el panel lateral cargados exitosamente.
24-Jun-25 16:55:36 - INFO - Trabajo extraído exitosamente: 'Data Analyst' en 'micro1' (ID: 4256064523)
24-Jun-25 16:55:38 - INFO - Procesando trabajo 10/25 (ID: 4251614105).
24-Jun-25 16:55:39 - INFO - Preparando para scrapear tarjeta de trabajo (ID: 4251614105).
24-Jun-25 16:55:47 - INFO - Detalles del trabajo en el panel lateral cargados exitosamente.
24-Jun-25 16:55:52 - INFO - Trabajo extraído exitosamente: 'Analista de datos' en 'SIALBÉ' (ID: 4251614105)
24-Jun-25 16:55:55 - INFO - Procesando trabajo 11/25 (ID: 4246746173).
24-Jun-25 16:55:55 - INFO - Preparando para scrapear tarjeta de trabajo (ID: 4246746173).
24-Jun-25 16:56:05 - INFO - Detalles del trabajo en el panel lateral cargados exitosamente.
24-Jun-25 16:56:09 - INFO - Trabajo extraído exitosamente: 'Analyst, Data Exchange' en 'Capital Rx' (ID: 4246746173)
24-Jun-25 16:56:12 - INFO - Procesando trabajo 12/25 (ID: 4251020767).
24-Jun-25 16:56:12 - INFO - Preparando para scrapear tarjeta de trabajo (ID: 4251020767).
24-Jun-25 16:56:20 - INFO - Detalles del trabajo en el panel lateral cargados exitosamente.
24-Jun-25 16:56:24 - INFO - Trabajo extraído exitosamente: 'Data Analyst' en 'Evertreen' (ID: 4251020767)
24-Jun-25 16:56:27 - INFO - Procesando trabajo 13/25 (ID: 4255716849).
24-Jun-25 16:56:27 - INFO - Preparando para scrapear tarjeta de trabajo (ID: 4255716849).
24-Jun-25 16:56:36 - INFO - Detalles del trabajo en el panel lateral cargados exitosamente.
24-Jun-25 16:56:42 - INFO - Trabajo extraído exitosamente: 'Hiring 2 Business Analysts for a Data & BI Reporting Project – 100% Remote Contract!' en 'Integris Group' (ID: 4255716849)
24-Jun-25 16:56:46 - INFO - Procesando trabajo 14/25 (ID: 4256019414).
24-Jun-25 16:56:46 - INFO - Preparando para scrapear tarjeta de trabajo (ID: 4256019414).
24-Jun-25 16:56:54 - INFO - Detalles del trabajo en el panel lateral cargados exitosamente.
24-Jun-25 16:56:58 - INFO - Trabajo extraído exitosamente: 'Data Analyst Intern' en 'WebBoost Solutions by UM' (ID: 4256019414)
24-Jun-25 16:57:01 - INFO - Procesando trabajo 15/25 (ID: 4247980517).
24-Jun-25 16:57:01 - INFO - Preparando para scrapear tarjeta de trabajo (ID: 4247980517).
24-Jun-25 16:57:10 - INFO - Detalles del trabajo en el panel lateral cargados exitosamente.
24-Jun-25 16:57:14 - INFO - Trabajo extraído exitosamente: 'Data Analytics Intern' en 'Hirist' (ID: 4247980517)
24-Jun-25 16:57:17 - INFO - Procesando trabajo 16/25 (ID: 4230594328).
24-Jun-25 16:57:17 - INFO - Preparando para scrapear tarjeta de trabajo (ID: 4230594328).
24-Jun-25 16:57:27 - INFO - Detalles del trabajo en el panel lateral cargados exitosamente.
24-Jun-25 16:57:31 - INFO - Trabajo extraído exitosamente: 'Lead Data Analyst' en 'Inetum' (ID: 4230594328)
24-Jun-25 16:57:34 - INFO - Procesando trabajo 17/25 (ID: 4255750366).
24-Jun-25 16:57:34 - INFO - Preparando para scrapear tarjeta de trabajo (ID: 4255750366).
24-Jun-25 16:57:42 - INFO - Detalles del trabajo en el panel lateral cargados exitosamente.
24-Jun-25 16:57:46 - INFO - Trabajo extraído exitosamente: 'Data Analyst' en 'Lensa' (ID: 4255750366)
24-Jun-25 16:57:50 - INFO - Procesando trabajo 18/25 (ID: 4252321131).
24-Jun-25 16:57:50 - INFO - Preparando para scrapear tarjeta de trabajo (ID: 4252321131).
24-Jun-25 16:57:59 - INFO - Detalles del trabajo en el panel lateral cargados exitosamente.
24-Jun-25 16:58:05 - INFO - Trabajo extraído exitosamente: 'Insight Analyst' en 'Xiatech' (ID: 4252321131)
24-Jun-25 16:58:08 - INFO - Procesando trabajo 19/25 (ID: 4236507776).
24-Jun-25 16:58:08 - INFO - Preparando para scrapear tarjeta de trabajo (ID: 4236507776).
24-Jun-25 16:58:15 - INFO - Detalles del trabajo en el panel lateral cargados exitosamente.
24-Jun-25 16:58:20 - INFO - Trabajo extraído exitosamente: 'Data Analyst – Insights & Reporting' en 'Evo Tech Software Solutions Inc' (ID: 4236507776)
24-Jun-25 16:58:24 - INFO - Procesando trabajo 20/25 (ID: 4250526949).
24-Jun-25 16:58:24 - INFO - Preparando para scrapear tarjeta de trabajo (ID: 4250526949).
24-Jun-25 16:58:33 - INFO - Detalles del trabajo en el panel lateral cargados exitosamente.
24-Jun-25 16:58:37 - INFO - Trabajo extraído exitosamente: 'Part-Time Data Analyst Intern' en 'VITA CV' (ID: 4250526949)
24-Jun-25 16:58:40 - INFO - Procesando trabajo 21/25 (ID: 4256028309).
24-Jun-25 16:58:40 - INFO - Preparando para scrapear tarjeta de trabajo (ID: 4256028309).
24-Jun-25 16:58:48 - INFO - Detalles del trabajo en el panel lateral cargados exitosamente.
24-Jun-25 16:58:54 - INFO - Trabajo extraído exitosamente: 'Data Analyst Remote Intern' en 'Innovate Solutions' (ID: 4256028309)
24-Jun-25 16:58:57 - INFO - Procesando trabajo 22/25 (ID: 4256073135).
24-Jun-25 16:58:57 - INFO - Preparando para scrapear tarjeta de trabajo (ID: 4256073135).
24-Jun-25 16:59:06 - INFO - Detalles del trabajo en el panel lateral cargados exitosamente.
24-Jun-25 16:59:11 - INFO - Trabajo extraído exitosamente: 'Product Analyst' en 'Smartcat' (ID: 4256073135)
24-Jun-25 16:59:13 - INFO - Procesando trabajo 23/25 (ID: 4247993748).
24-Jun-25 16:59:14 - INFO - Preparando para scrapear tarjeta de trabajo (ID: 4247993748).
24-Jun-25 16:59:22 - INFO - Detalles del trabajo en el panel lateral cargados exitosamente.
24-Jun-25 16:59:28 - INFO - Trabajo extraído exitosamente: 'Flatiron Data Analyst' en 'Warman O'Brien' (ID: 4247993748)
24-Jun-25 16:59:31 - INFO - Procesando trabajo 24/25 (ID: 4251780684).
24-Jun-25 16:59:31 - INFO - Preparando para scrapear tarjeta de trabajo (ID: 4251780684).
24-Jun-25 16:59:39 - INFO - Detalles del trabajo en el panel lateral cargados exitosamente.
24-Jun-25 16:59:43 - INFO - Trabajo extraído exitosamente: 'Data Analyst' en 'Siyavula Foundation' (ID: 4251780684)
24-Jun-25 16:59:45 - INFO - Procesando trabajo 25/25 (ID: 4244864411).
24-Jun-25 16:59:45 - INFO - Preparando para scrapear tarjeta de trabajo (ID: 4244864411).
24-Jun-25 16:59:54 - INFO - Detalles del trabajo en el panel lateral cargados exitosamente.
24-Jun-25 16:59:58 - INFO - Trabajo extraído exitosamente: 'Analista de Dados – Marketing e Performance' en 'PYXYS Inteligência Digital' (ID: 4244864411)
24-Jun-25 17:00:01 - INFO - Se ha alcanzado el número máximo de páginas (3) a scrapear. Terminando paginación para 'Analista de Datos'.
24-Jun-25 17:00:01 - INFO - Se rasparon 75 trabajos para 'Analista de Datos' en 'España'.
24-Jun-25 17:00:08 - INFO - Iniciando scraping para palabra clave: 'Analista de Datos' en ubicación: 'Estados Unidos'
24-Jun-25 17:00:08 - INFO - Navegando a la URL de búsqueda inicial: https://www.linkedin.com/jobs/search/?f_TPR=2592000000&f_WRA=true&geoId=92000000&keywords=Analista de Datos&location=Estados Unidos&start=0
24-Jun-25 17:00:26 - INFO - URL actual después de la navegación: https://www.linkedin.com/jobs/search/?currentJobId=4255315046&f_TPR=2592000000&f_WT=2&geoId=92000000&keywords=Analista%20de%20Datos&location=Estados%20Unidos
24-Jun-25 17:00:26 - INFO - Lista de resultados de búsqueda inicial encontrada y visible.
24-Jun-25 17:00:29 - WARNING - No se pudo obtener el conteo de resultados inicial. Intentando selectores alternativos o asumiendo un conteo bajo.
24-Jun-25 17:00:29 - WARNING - No se pudo obtener el conteo de resultados con selectores alternativos. Asumiendo 0 para continuar.
24-Jun-25 17:00:29 - INFO - Iniciando scraping para 'Analista de Datos' en 'Estados Unidos' (0 resultados totales esperados)...
24-Jun-25 17:00:29 - INFO - --- Procesando Página 1 de un máximo de 3 ---
24-Jun-25 17:00:37 - INFO - Encontradas 25 tarjetas de trabajos válidas y visibles en la página.
24-Jun-25 17:00:37 - INFO - Total de tarjetas de trabajo válidas visibles en la página 1: 25
24-Jun-25 17:00:37 - INFO - Procesando trabajo 1/25 (ID: 4255315046).
24-Jun-25 17:00:37 - INFO - Preparando para scrapear tarjeta de trabajo (ID: 4255315046).
24-Jun-25 17:00:44 - INFO - Detalles del trabajo en el panel lateral cargados exitosamente.
24-Jun-25 17:00:50 - INFO - Trabajo extraído exitosamente: 'Sr. Data Analyst' en 'Gravity IT Resources' (ID: 4255315046)
24-Jun-25 17:00:53 - INFO - Procesando trabajo 2/25 (ID: 4255246733).
24-Jun-25 17:00:53 - INFO - Preparando para scrapear tarjeta de trabajo (ID: 4255246733).
24-Jun-25 17:01:00 - INFO - Detalles del trabajo en el panel lateral cargados exitosamente.
24-Jun-25 17:01:04 - INFO - Trabajo extraído exitosamente: 'Junior Data Analyst' en 'Insight Global' (ID: 4255246733)
24-Jun-25 17:01:08 - INFO - Procesando trabajo 3/25 (ID: 4237489490).
24-Jun-25 17:01:08 - INFO - Preparando para scrapear tarjeta de trabajo (ID: 4237489490).
24-Jun-25 17:01:15 - INFO - Detalles del trabajo en el panel lateral cargados exitosamente.
24-Jun-25 17:01:22 - INFO - Trabajo extraído exitosamente: 'Data Analyst' en 'Good Giant' (ID: 4237489490)
24-Jun-25 17:01:25 - INFO - Procesando trabajo 4/25 (ID: 4251542008).
24-Jun-25 17:01:25 - INFO - Preparando para scrapear tarjeta de trabajo (ID: 4251542008).
24-Jun-25 17:01:32 - INFO - Detalles del trabajo en el panel lateral cargados exitosamente.
24-Jun-25 17:01:37 - INFO - Trabajo extraído exitosamente: 'Data Analyst (Contract | Full Time)' en 'BiggerPockets' (ID: 4251542008)
24-Jun-25 17:01:40 - INFO - Procesando trabajo 5/25 (ID: 4245584842).
24-Jun-25 17:01:40 - INFO - Preparando para scrapear tarjeta de trabajo (ID: 4245584842).
24-Jun-25 17:01:49 - INFO - Detalles del trabajo en el panel lateral cargados exitosamente.
24-Jun-25 17:01:53 - INFO - Trabajo extraído exitosamente: 'Senior Data Analyst' en 'INSPYR Solutions' (ID: 4245584842)
24-Jun-25 17:01:55 - INFO - Procesando trabajo 6/25 (ID: 4256052384).
24-Jun-25 17:01:56 - INFO - Preparando para scrapear tarjeta de trabajo (ID: 4256052384).
24-Jun-25 17:02:03 - INFO - Detalles del trabajo en el panel lateral cargados exitosamente.
24-Jun-25 17:02:07 - INFO - Trabajo extraído exitosamente: 'Data Analyst (Medical Data)' en 'Wiraa' (ID: 4256052384)
24-Jun-25 17:02:09 - INFO - Procesando trabajo 7/25 (ID: 4247904856).
24-Jun-25 17:02:09 - INFO - Preparando para scrapear tarjeta de trabajo (ID: 4247904856).
24-Jun-25 17:02:19 - INFO - Detalles del trabajo en el panel lateral cargados exitosamente.
24-Jun-25 17:02:25 - INFO - Trabajo extraído exitosamente: 'Data Analyst' en 'Confidential' (ID: 4247904856)
24-Jun-25 17:02:28 - INFO - Procesando trabajo 8/25 (ID: 4252666961).
24-Jun-25 17:02:28 - INFO - Preparando para scrapear tarjeta de trabajo (ID: 4252666961).
24-Jun-25 17:02:36 - INFO - Detalles del trabajo en el panel lateral cargados exitosamente.
24-Jun-25 17:02:42 - INFO - Trabajo extraído exitosamente: 'Business Intelligence Analyst' en 'Practicus' (ID: 4252666961)
24-Jun-25 17:02:45 - INFO - Procesando trabajo 9/25 (ID: 4248919821).
24-Jun-25 17:02:45 - INFO - Preparando para scrapear tarjeta de trabajo (ID: 4248919821).
24-Jun-25 17:02:53 - INFO - Detalles del trabajo en el panel lateral cargados exitosamente.
24-Jun-25 17:02:59 - INFO - Trabajo extraído exitosamente: 'Data Analyst' en 'Facebook' (ID: 4248919821)
24-Jun-25 17:03:03 - INFO - Procesando trabajo 10/25 (ID: 4240671962).
24-Jun-25 17:03:03 - INFO - Preparando para scrapear tarjeta de trabajo (ID: 4240671962).
24-Jun-25 17:03:10 - INFO - Detalles del trabajo en el panel lateral cargados exitosamente.
24-Jun-25 17:03:15 - INFO - Trabajo extraído exitosamente: 'Analista de datos' en 'SIALBÉ' (ID: 4240671962)
24-Jun-25 17:03:18 - INFO - Procesando trabajo 11/25 (ID: 4247941516).
24-Jun-25 17:03:18 - INFO - Preparando para scrapear tarjeta de trabajo (ID: 4247941516).
24-Jun-25 17:03:26 - INFO - Detalles del trabajo en el panel lateral cargados exitosamente.
24-Jun-25 17:03:30 - INFO - Trabajo extraído exitosamente: 'Senior Data Analyst' en 'Warman O'Brien' (ID: 4247941516)
24-Jun-25 17:03:32 - INFO - Procesando trabajo 12/25 (ID: 4253920900).
24-Jun-25 17:03:32 - INFO - Preparando para scrapear tarjeta de trabajo (ID: 4253920900).
24-Jun-25 17:03:41 - INFO - Detalles del trabajo en el panel lateral cargados exitosamente.
24-Jun-25 17:03:47 - INFO - Trabajo extraído exitosamente: 'Senior Data Analyst' en 'Smith Johnson Tech' (ID: 4253920900)
24-Jun-25 17:03:51 - INFO - Procesando trabajo 13/25 (ID: 4255582961).
24-Jun-25 17:03:51 - INFO - Preparando para scrapear tarjeta de trabajo (ID: 4255582961).
24-Jun-25 17:03:59 - INFO - Detalles del trabajo en el panel lateral cargados exitosamente.
24-Jun-25 17:04:05 - INFO - Trabajo extraído exitosamente: 'Data Services Analyst, Entry Level' en 'Jobright.ai' (ID: 4255582961)
24-Jun-25 17:04:07 - INFO - Procesando trabajo 14/25 (ID: 4251676691).
24-Jun-25 17:04:07 - INFO - Preparando para scrapear tarjeta de trabajo (ID: 4251676691).
24-Jun-25 17:04:16 - INFO - Detalles del trabajo en el panel lateral cargados exitosamente.
24-Jun-25 17:04:20 - INFO - Trabajo extraído exitosamente: 'Data Analyst' en 'Rapid Talent Group' (ID: 4251676691)
24-Jun-25 17:04:23 - INFO - Procesando trabajo 15/25 (ID: 4231162343).
24-Jun-25 17:04:23 - INFO - Preparando para scrapear tarjeta de trabajo (ID: 4231162343).
24-Jun-25 17:04:32 - INFO - Detalles del trabajo en el panel lateral cargados exitosamente.
24-Jun-25 17:04:36 - INFO - Trabajo extraído exitosamente: 'People Analytics Analyst (Remote - US)' en 'Jobgether' (ID: 4231162343)
24-Jun-25 17:04:40 - INFO - Procesando trabajo 16/25 (ID: 4256064510).
24-Jun-25 17:04:40 - INFO - Preparando para scrapear tarjeta de trabajo (ID: 4256064510).
24-Jun-25 17:04:49 - INFO - Detalles del trabajo en el panel lateral cargados exitosamente.
24-Jun-25 17:04:53 - INFO - Trabajo extraído exitosamente: 'Data Analyst (LInE)' en 'micro1' (ID: 4256064510)
24-Jun-25 17:04:56 - INFO - Procesando trabajo 17/25 (ID: 4255913214).
24-Jun-25 17:04:56 - INFO - Preparando para scrapear tarjeta de trabajo (ID: 4255913214).
24-Jun-25 17:05:05 - INFO - Detalles del trabajo en el panel lateral cargados exitosamente.
24-Jun-25 17:05:09 - INFO - Trabajo extraído exitosamente: '"Analista de Dados JR #968890"' en 'Dexian Brasil' (ID: 4255913214)
24-Jun-25 17:05:13 - INFO - Procesando trabajo 18/25 (ID: 4255906503).
24-Jun-25 17:05:13 - INFO - Preparando para scrapear tarjeta de trabajo (ID: 4255906503).
24-Jun-25 17:05:22 - INFO - Detalles del trabajo en el panel lateral cargados exitosamente.
24-Jun-25 17:05:28 - INFO - Trabajo extraído exitosamente: 'Clinical Data Analyst' en 'I3 INFOTEK INC' (ID: 4255906503)
24-Jun-25 17:05:31 - INFO - Procesando trabajo 19/25 (ID: 4255701272).
24-Jun-25 17:05:31 - INFO - Preparando para scrapear tarjeta de trabajo (ID: 4255701272).
24-Jun-25 17:05:39 - INFO - Detalles del trabajo en el panel lateral cargados exitosamente.
24-Jun-25 17:05:44 - WARNING - No se encontró el nombre de la empresa para ID 4255701272.
24-Jun-25 17:05:44 - INFO - Trabajo extraído exitosamente: 'Senior Data Analyst' en '' (ID: 4255701272)
24-Jun-25 17:05:47 - INFO - Procesando trabajo 20/25 (ID: 4255575912).
24-Jun-25 17:05:47 - INFO - Preparando para scrapear tarjeta de trabajo (ID: 4255575912).
24-Jun-25 17:05:55 - INFO - Detalles del trabajo en el panel lateral cargados exitosamente.
24-Jun-25 17:06:01 - INFO - Trabajo extraído exitosamente: 'Data Analyst' en 'Javvy Coffee' (ID: 4255575912)
24-Jun-25 17:06:05 - INFO - Procesando trabajo 21/25 (ID: 4255211719).
24-Jun-25 17:06:05 - INFO - Preparando para scrapear tarjeta de trabajo (ID: 4255211719).
24-Jun-25 17:06:15 - INFO - Detalles del trabajo en el panel lateral cargados exitosamente.
24-Jun-25 17:06:21 - INFO - Trabajo extraído exitosamente: 'PowerBI Developer' en 'Allied Consultants, Inc.' (ID: 4255211719)
24-Jun-25 17:06:23 - INFO - Procesando trabajo 22/25 (ID: 4239982828).
24-Jun-25 17:06:23 - INFO - Preparando para scrapear tarjeta de trabajo (ID: 4239982828).
24-Jun-25 17:06:30 - INFO - Detalles del trabajo en el panel lateral cargados exitosamente.
24-Jun-25 17:06:34 - INFO - Trabajo extraído exitosamente: 'Senior Data Analyst' en 'Arrows' (ID: 4239982828)
24-Jun-25 17:06:38 - INFO - Procesando trabajo 23/25 (ID: 4254146410).
24-Jun-25 17:06:38 - INFO - Preparando para scrapear tarjeta de trabajo (ID: 4254146410).
24-Jun-25 17:06:48 - INFO - Detalles del trabajo en el panel lateral cargados exitosamente.
24-Jun-25 17:06:54 - INFO - Trabajo extraído exitosamente: 'Data Analyst' en 'Bloom Growth™' (ID: 4254146410)
24-Jun-25 17:06:57 - INFO - Procesando trabajo 24/25 (ID: 4255234594).
24-Jun-25 17:06:57 - INFO - Preparando para scrapear tarjeta de trabajo (ID: 4255234594).
24-Jun-25 17:07:06 - INFO - Detalles del trabajo en el panel lateral cargados exitosamente.
24-Jun-25 17:07:12 - INFO - Trabajo extraído exitosamente: 'Business Intelligence Consultant' en 'Millennium Software and Staffing' (ID: 4255234594)
24-Jun-25 17:07:15 - INFO - Procesando trabajo 25/25 (ID: 4246002580).
24-Jun-25 17:07:15 - INFO - Preparando para scrapear tarjeta de trabajo (ID: 4246002580).
24-Jun-25 17:07:25 - INFO - Detalles del trabajo en el panel lateral cargados exitosamente.
24-Jun-25 17:07:31 - INFO - Trabajo extraído exitosamente: 'Analista de Datos' en 'IG Networks' (ID: 4246002580)
24-Jun-25 17:07:33 - INFO - Intentando pasar a la página 2 usando el botón 'Siguiente' para 'Analista de Datos'...
24-Jun-25 17:07:35 - INFO - Clic en el botón 'Siguiente' exitoso para 'Analista de Datos'.
24-Jun-25 17:07:35 - INFO - La página 2 se cargó correctamente después de hacer clic en 'Siguiente' para 'Analista de Datos'.
24-Jun-25 17:07:49 - INFO - --- Procesando Página 2 de un máximo de 3 ---
24-Jun-25 17:07:56 - INFO - Encontradas 25 tarjetas de trabajos válidas y visibles en la página.
24-Jun-25 17:07:56 - INFO - Total de tarjetas de trabajo válidas visibles en la página 2: 25
24-Jun-25 17:07:56 - INFO - Procesando trabajo 1/25 (ID: 4255907622).
24-Jun-25 17:07:56 - INFO - Preparando para scrapear tarjeta de trabajo (ID: 4255907622).
24-Jun-25 17:08:05 - INFO - Detalles del trabajo en el panel lateral cargados exitosamente.
24-Jun-25 17:08:10 - INFO - Trabajo extraído exitosamente: 'Digital Data Analyst' en 'Insight Global' (ID: 4255907622)
24-Jun-25 17:08:12 - INFO - Procesando trabajo 2/25 (ID: 4252676518).
24-Jun-25 17:08:12 - INFO - Preparando para scrapear tarjeta de trabajo (ID: 4252676518).
24-Jun-25 17:08:21 - INFO - Detalles del trabajo en el panel lateral cargados exitosamente.
24-Jun-25 17:08:26 - WARNING - No se encontró el nombre de la empresa para ID 4252676518.
24-Jun-25 17:08:26 - INFO - Trabajo extraído exitosamente: 'Senior Data Analyst: 100% remote [32334]' en '' (ID: 4252676518)
24-Jun-25 17:08:28 - INFO - Procesando trabajo 3/25 (ID: 4251724559).
24-Jun-25 17:08:28 - INFO - Preparando para scrapear tarjeta de trabajo (ID: 4251724559).
24-Jun-25 17:08:35 - INFO - Detalles del trabajo en el panel lateral cargados exitosamente.
24-Jun-25 17:08:40 - INFO - Trabajo extraído exitosamente: 'Data Analyst' en 'Martello Talent' (ID: 4251724559)
24-Jun-25 17:08:43 - INFO - Procesando trabajo 4/25 (ID: 4250030229).
24-Jun-25 17:08:43 - INFO - Preparando para scrapear tarjeta de trabajo (ID: 4250030229).
24-Jun-25 17:08:51 - INFO - Detalles del trabajo en el panel lateral cargados exitosamente.
24-Jun-25 17:08:55 - INFO - Trabajo extraído exitosamente: 'Data Analyst II - (Remote - US)' en 'Mediavine' (ID: 4250030229)
24-Jun-25 17:08:59 - INFO - Procesando trabajo 5/25 (ID: 4256020699).
24-Jun-25 17:08:59 - INFO - Preparando para scrapear tarjeta de trabajo (ID: 4256020699).
24-Jun-25 17:09:07 - INFO - Detalles del trabajo en el panel lateral cargados exitosamente.
24-Jun-25 17:09:12 - INFO - Trabajo extraído exitosamente: 'Digital Analytics Analyst (Adobe Analytics)' en 'INSPYR Solutions' (ID: 4256020699)
24-Jun-25 17:09:15 - INFO - Procesando trabajo 6/25 (ID: 4249167085).
24-Jun-25 17:09:15 - INFO - Preparando para scrapear tarjeta de trabajo (ID: 4249167085).
24-Jun-25 17:09:23 - INFO - Detalles del trabajo en el panel lateral cargados exitosamente.
24-Jun-25 17:09:30 - INFO - Trabajo extraído exitosamente: 'Senior Data Analyst' en 'Warman O'Brien' (ID: 4249167085)
24-Jun-25 17:09:33 - CRITICAL - WebDriver ha fallado para 'Analista de Datos' en 'Estados Unidos': Message: invalid session id: session deleted as the browser has closed the connection
from disconnected: not connected to DevTools
  (Session info: chrome=137.0.7151.120)
Stacktrace:
	GetHandleVerifier [0x0x7ff69003fea5+79173]
	GetHandleVerifier [0x0x7ff69003ff00+79264]
	(No symbol) [0x0x7ff68fdf9e5a]
	(No symbol) [0x0x7ff68fde5c25]
	(No symbol) [0x0x7ff68fe0ac44]
	(No symbol) [0x0x7ff68fe803c5]
	(No symbol) [0x0x7ff68fea0922]
	(No symbol) [0x0x7ff68fe78743]
	(No symbol) [0x0x7ff68fe414c1]
	(No symbol) [0x0x7ff68fe42253]
	GetHandleVerifier [0x0x7ff69030a2dd+3004797]
	GetHandleVerifier [0x0x7ff69030472d+2981325]
	GetHandleVerifier [0x0x7ff690323380+3107360]
	GetHandleVerifier [0x0x7ff69005aa2e+188622]
	GetHandleVerifier [0x0x7ff6900622bf+219487]
	GetHandleVerifier [0x0x7ff690048df4+115860]
	GetHandleVerifier [0x0x7ff690048fa9+116297]
	GetHandleVerifier [0x0x7ff69002f558+11256]
	BaseThreadInitThunk [0x0x7ff82c56257d+29]
	RtlUserThreadStart [0x0x7ff82e14af08+40]
. Reintentando la conexión del driver.
24-Jun-25 17:31:10 - INFO - Iniciando sesión en LinkedIn como mirek21473@kimdyn.com...
24-Jun-25 17:31:29 - INFO - Login: Credenciales enviadas.
24-Jun-25 17:31:29 - INFO - Login: Navegación exitosa a la página principal después del login.
24-Jun-25 17:31:50 - INFO - Iniciando scraping para palabra clave: 'Ingeniero de Software' en ubicación: 'España'
24-Jun-25 17:31:50 - INFO - Navegando a la URL de búsqueda inicial: https://www.linkedin.com/jobs/search/?f_TPR=2592000000&f_WRA=true&geoId=92000000&keywords=Ingeniero de Software&location=España&start=0
24-Jun-25 17:32:05 - INFO - URL actual después de la navegación: https://www.linkedin.com/jobs/search/?currentJobId=4256051416&f_TPR=2592000000&f_WT=2&geoId=92000000&keywords=Ingeniero%20de%20Software&location=Espa%C3%B1a
24-Jun-25 17:32:05 - INFO - Lista de resultados de búsqueda inicial encontrada y visible.
24-Jun-25 17:32:08 - WARNING - No se pudo obtener el conteo de resultados inicial. Intentando selectores alternativos o asumiendo un conteo bajo.
24-Jun-25 17:32:08 - WARNING - No se pudo obtener el conteo de resultados con selectores alternativos. Asumiendo 0 para continuar.
24-Jun-25 17:32:08 - INFO - Iniciando scraping para 'Ingeniero de Software' en 'España' (0 resultados totales esperados)...
24-Jun-25 17:32:08 - INFO - --- Procesando Página 1 de un máximo de 3 ---
24-Jun-25 17:32:15 - INFO - Encontradas 25 tarjetas de trabajos válidas y visibles en la página.
24-Jun-25 17:32:15 - INFO - Total de tarjetas de trabajo válidas visibles en la página 1: 25
24-Jun-25 17:32:15 - INFO - Procesando trabajo 1/25 (ID: 4256051416).
24-Jun-25 17:32:15 - INFO - Preparando para scrapear tarjeta de trabajo (ID: 4256051416).
24-Jun-25 17:32:22 - INFO - Detalles del trabajo en el panel lateral cargados exitosamente.
24-Jun-25 17:32:27 - INFO - Trabajo extraído exitosamente: 'Software Developer (Java)' en 'Wiraa' (ID: 4256051416)
24-Jun-25 17:32:30 - INFO - Procesando trabajo 2/25 (ID: 4253906701).
24-Jun-25 17:32:30 - INFO - Preparando para scrapear tarjeta de trabajo (ID: 4253906701).
