03-Jun-25 23:38:01 - INFO - Log file log\03-Jun-25_23-38-01.log created
03-Jun-25 23:38:01 - INFO - output/03-Jun-25.csv borrado
03-Jun-25 23:38:01 - INFO - output/03-Jun-25.csv Creado
03-Jun-25 23:38:04 - INFO - LOGUEANDOME A LINKEDIN COMO badag85383@jeanssi.com...
03-Jun-25 23:38:15 - INFO - Login completado.
03-Jun-25 23:38:16 - INFO - Iniciando búsqueda para: Data Analyst
03-Jun-25 23:38:32 - ERROR - Error en página 0 para Data Analyst: Message: invalid session id: session deleted as the browser has closed the connection
from disconnected: not connected to DevTools
  (Session info: chrome=137.0.7151.68)
Stacktrace:
	GetHandleVerifier [0x0x7ff6c784fea5+79173]
	GetHandleVerifier [0x0x7ff6c784ff00+79264]
	(No symbol) [0x0x7ff6c7609e5a]
	(No symbol) [0x0x7ff6c75f5c25]
	(No symbol) [0x0x7ff6c761ac44]
	(No symbol) [0x0x7ff6c76903c5]
	(No symbol) [0x0x7ff6c76b0922]
	(No symbol) [0x0x7ff6c7688743]
	(No symbol) [0x0x7ff6c76514c1]
	(No symbol) [0x0x7ff6c7652253]
	GetHandleVerifier [0x0x7ff6c7b1a2dd+3004797]
	GetHandleVerifier [0x0x7ff6c7b1472d+2981325]
	GetHandleVerifier [0x0x7ff6c7b33380+3107360]
	GetHandleVerifier [0x0x7ff6c786aa2e+188622]
	GetHandleVerifier [0x0x7ff6c78722bf+219487]
	GetHandleVerifier [0x0x7ff6c7858df4+115860]
	GetHandleVerifier [0x0x7ff6c7858fa9+116297]
	GetHandleVerifier [0x0x7ff6c783f558+11256]
	BaseThreadInitThunk [0x0x7ffd586ce8d7+23]
	RtlUserThreadStart [0x0x7ffd59c3c5dc+44]

03-Jun-25 23:38:37 - INFO - Búsqueda completada para: Data Analyst
03-Jun-25 23:38:37 - INFO - Iniciando búsqueda para: Data Scientist
03-Jun-25 23:38:37 - ERROR - Error en página 0 para Data Scientist: Message: invalid session id
Stacktrace:
	GetHandleVerifier [0x0x7ff6c784fea5+79173]
	GetHandleVerifier [0x0x7ff6c784ff00+79264]
	(No symbol) [0x0x7ff6c7609c8c]
	(No symbol) [0x0x7ff6c76505ef]
	(No symbol) [0x0x7ff6c7688832]
	(No symbol) [0x0x7ff6c7683233]
	(No symbol) [0x0x7ff6c76822f9]
	(No symbol) [0x0x7ff6c75d5fc5]
	GetHandleVerifier [0x0x7ff6c7b1a2dd+3004797]
	GetHandleVerifier [0x0x7ff6c7b1472d+2981325]
	GetHandleVerifier [0x0x7ff6c7b33380+3107360]
	GetHandleVerifier [0x0x7ff6c786aa2e+188622]
	GetHandleVerifier [0x0x7ff6c78722bf+219487]
	(No symbol) [0x0x7ff6c75d5036]
	GetHandleVerifier [0x0x7ff6c7c33c78+4158232]
	BaseThreadInitThunk [0x0x7ffd586ce8d7+23]
	RtlUserThreadStart [0x0x7ffd59c3c5dc+44]

03-Jun-25 23:38:42 - INFO - Búsqueda completada para: Data Scientist
03-Jun-25 23:38:42 - INFO - Iniciando búsqueda para: Data Engineer
03-Jun-25 23:38:42 - ERROR - Error en página 0 para Data Engineer: Message: invalid session id
Stacktrace:
	GetHandleVerifier [0x0x7ff6c784fea5+79173]
	GetHandleVerifier [0x0x7ff6c784ff00+79264]
	(No symbol) [0x0x7ff6c7609c8c]
	(No symbol) [0x0x7ff6c76505ef]
	(No symbol) [0x0x7ff6c7688832]
	(No symbol) [0x0x7ff6c7683233]
	(No symbol) [0x0x7ff6c76822f9]
	(No symbol) [0x0x7ff6c75d5fc5]
	GetHandleVerifier [0x0x7ff6c7b1a2dd+3004797]
	GetHandleVerifier [0x0x7ff6c7b1472d+2981325]
	GetHandleVerifier [0x0x7ff6c7b33380+3107360]
	GetHandleVerifier [0x0x7ff6c786aa2e+188622]
	GetHandleVerifier [0x0x7ff6c78722bf+219487]
	(No symbol) [0x0x7ff6c75d5036]
	GetHandleVerifier [0x0x7ff6c7c33c78+4158232]
	BaseThreadInitThunk [0x0x7ffd586ce8d7+23]
	RtlUserThreadStart [0x0x7ffd59c3c5dc+44]

03-Jun-25 23:38:47 - INFO - Búsqueda completada para: Data Engineer
03-Jun-25 23:38:49 - INFO - Driver cerrado correctamente.
