04-Jun-25 13:04:10 - INFO - Log file log\04-Jun-25_13-04-10.log created
04-Jun-25 13:04:10 - INFO - output/04-Jun-25.csv no existe
04-Jun-25 13:04:10 - INFO - output/04-Jun-25.csv Creado
04-Jun-25 13:04:13 - INFO - LOGUEANDOME A LINKEDIN COMO badag85383@jeanssi.com...
04-Jun-25 13:04:22 - INFO - Login completado.
04-Jun-25 13:04:22 - INFO - === Iniciando búsqueda para: Data Analyst ===
04-Jun-25 13:04:45 - WARNING - Timeout esperando los resultados.
04-Jun-25 13:04:45 - WARNING - No se encontraron enlaces de trabajos en esta página.
04-Jun-25 13:04:50 - INFO - === Búsqueda completada para: Data Analyst ===
04-Jun-25 13:05:00 - INFO - === Iniciando búsqueda para: Data Scientist ===
04-Jun-25 13:05:17 - WARNING - Timeout esperando los resultados.
04-Jun-25 13:05:17 - WARNING - No se encontraron enlaces de trabajos en esta página.
04-Jun-25 13:05:22 - INFO - === Búsqueda completada para: Data Scientist ===
04-Jun-25 13:05:32 - INFO - === Iniciando búsqueda para: Data Engineer ===
04-Jun-25 13:05:41 - ERROR - Error en página 0 para Data Engineer: Message: invalid session id: session deleted as the browser has closed the connection
from disconnected: not connected to DevTools
  (Session info: chrome=137.0.7151.69)
Stacktrace:
	GetHandleVerifier [0x0x7ff66fe4fea5+79173]
	GetHandleVerifier [0x0x7ff66fe4ff00+79264]
	(No symbol) [0x0x7ff66fc09e5a]
	(No symbol) [0x0x7ff66fbf5c25]
	(No symbol) [0x0x7ff66fc1ac44]
	(No symbol) [0x0x7ff66fc903c5]
	(No symbol) [0x0x7ff66fcb0922]
	(No symbol) [0x0x7ff66fc88743]
	(No symbol) [0x0x7ff66fc514c1]
	(No symbol) [0x0x7ff66fc52253]
	GetHandleVerifier [0x0x7ff67011a2dd+3004797]
	GetHandleVerifier [0x0x7ff67011472d+2981325]
	GetHandleVerifier [0x0x7ff670133380+3107360]
	GetHandleVerifier [0x0x7ff66fe6aa2e+188622]
	GetHandleVerifier [0x0x7ff66fe722bf+219487]
	GetHandleVerifier [0x0x7ff66fe58df4+115860]
	GetHandleVerifier [0x0x7ff66fe58fa9+116297]
	GetHandleVerifier [0x0x7ff66fe3f558+11256]
	BaseThreadInitThunk [0x0x7ff85342257d+29]
	RtlUserThreadStart [0x0x7ff85494af08+40]

