05-Jun-25 21:22:43 - INFO - Log file log\05-Jun-25_21-22-43.log created
05-Jun-25 21:22:43 - INFO - output/05-Jun-25_linkedin_jobs.csv borrado
05-Jun-25 21:22:43 - INFO - output/05-Jun-25_linkedin_jobs.csv Creado
05-Jun-25 21:22:45 - INFO - LOGUEANDOME A LINKEDIN COMO kideve4885@cigidea.com...
05-Jun-25 21:23:05 - INFO - Login completado.
05-Jun-25 21:23:05 - INFO - Navegación exitosa a la página principal después del login.
05-Jun-25 21:23:17 - INFO - Iniciando búsqueda para: Keyword='Data%20Scientist', Ubicación='Spain', Remoto='true', Publicado='r86400'
05-Jun-25 21:23:17 - INFO - Navegando a la URL de búsqueda inicial: https://www.linkedin.com/jobs/search/?f_TPR=r86400&f_WRA=true&geoId=92000000&keywords=Data%20Scientist&location=Spain&start=0
05-Jun-25 21:23:33 - INFO - Lista de resultados de búsqueda inicial encontrada y visible.
05-Jun-25 21:23:39 - WARNING - No se pudo obtener el conteo de resultados inicial. Continuando sin él.
05-Jun-25 21:23:39 - INFO - Iniciando scraping para 'Data%20Scientist' en 'Spain' (0 resultados totales esperados)...
05-Jun-25 21:23:39 - INFO - Realizando scroll para cargar más trabajos. Total scrapeados hasta ahora: 0.
05-Jun-25 21:23:47 - INFO - No se cargaron nuevos elementos al hacer scroll. Intento 1/25. Altura: 985
05-Jun-25 21:24:02 - INFO - Encontradas 25 tarjetas de trabajos actualmente visibles y válidas en la página.
05-Jun-25 21:24:02 - INFO - Total de tarjetas de trabajo válidas visibles en la página después del scroll: 25
05-Jun-25 21:24:02 - INFO - Preparando para scrapear tarjeta de trabajo (ID: 4242974718).
05-Jun-25 21:24:02 - INFO - Haciendo clic en la tarjeta del trabajo (ID: 4242974718).
05-Jun-25 21:24:12 - INFO - Detalles del trabajo en el panel lateral cargados exitosamente.
05-Jun-25 21:24:18 - INFO - Trabajo extraído exitosamente: Data Scientist en Stomble (ID: 4242974718)
05-Jun-25 21:24:25 - INFO - Preparando para scrapear tarjeta de trabajo (ID: 4221676297).
05-Jun-25 21:24:25 - INFO - Haciendo clic en la tarjeta del trabajo (ID: 4221676297).
05-Jun-25 21:24:33 - INFO - Detalles del trabajo en el panel lateral cargados exitosamente.
05-Jun-25 21:24:38 - INFO - Trabajo extraído exitosamente: Data Scientist en Zetheta Algorithms Private Limited (ID: 4221676297)
05-Jun-25 21:24:44 - INFO - Preparando para scrapear tarjeta de trabajo (ID: 4245228991).
05-Jun-25 21:24:44 - INFO - Haciendo clic en la tarjeta del trabajo (ID: 4245228991).
05-Jun-25 21:24:53 - INFO - Detalles del trabajo en el panel lateral cargados exitosamente.
05-Jun-25 21:24:58 - INFO - Trabajo extraído exitosamente: Senior Data Scientist en Omnis Partners (ID: 4245228991)
05-Jun-25 21:25:05 - INFO - Preparando para scrapear tarjeta de trabajo (ID: 4242976337).
05-Jun-25 21:25:05 - INFO - Haciendo clic en la tarjeta del trabajo (ID: 4242976337).
05-Jun-25 21:25:12 - INFO - Detalles del trabajo en el panel lateral cargados exitosamente.
05-Jun-25 21:25:17 - INFO - Trabajo extraído exitosamente: Data Scientist en Wajusoft (ID: 4242976337)
05-Jun-25 21:25:24 - INFO - Preparando para scrapear tarjeta de trabajo (ID: 4245571898).
05-Jun-25 21:25:24 - INFO - Haciendo clic en la tarjeta del trabajo (ID: 4245571898).
05-Jun-25 21:25:32 - INFO - Detalles del trabajo en el panel lateral cargados exitosamente.
05-Jun-25 21:25:37 - INFO - Trabajo extraído exitosamente: Data Scientist (Junior) en DXC Technology (ID: 4245571898)
05-Jun-25 21:25:43 - INFO - Preparando para scrapear tarjeta de trabajo (ID: 4242450263).
05-Jun-25 21:25:43 - INFO - Haciendo clic en la tarjeta del trabajo (ID: 4242450263).
05-Jun-25 21:25:49 - INFO - Detalles del trabajo en el panel lateral cargados exitosamente.
05-Jun-25 21:25:55 - INFO - Trabajo extraído exitosamente: Data Scientist en AI Futures (ID: 4242450263)
05-Jun-25 21:26:01 - INFO - Preparando para scrapear tarjeta de trabajo (ID: 4245569848).
05-Jun-25 21:26:01 - INFO - Haciendo clic en la tarjeta del trabajo (ID: 4245569848).
05-Jun-25 21:26:08 - INFO - Detalles del trabajo en el panel lateral cargados exitosamente.
05-Jun-25 21:26:14 - INFO - Trabajo extraído exitosamente: Senior Data Scientist en Agero, Inc. (ID: 4245569848)
05-Jun-25 21:26:19 - INFO - Preparando para scrapear tarjeta de trabajo (ID: 4242425109).
05-Jun-25 21:26:19 - INFO - Haciendo clic en la tarjeta del trabajo (ID: 4242425109).
05-Jun-25 21:26:26 - INFO - Detalles del trabajo en el panel lateral cargados exitosamente.
05-Jun-25 21:26:30 - INFO - Trabajo extraído exitosamente: Data Scientist en Annapurna (ID: 4242425109)
05-Jun-25 21:26:36 - INFO - Preparando para scrapear tarjeta de trabajo (ID: 4245539439).
05-Jun-25 21:26:36 - INFO - Haciendo clic en la tarjeta del trabajo (ID: 4245539439).
05-Jun-25 21:26:43 - INFO - Detalles del trabajo en el panel lateral cargados exitosamente.
05-Jun-25 21:26:48 - INFO - Trabajo extraído exitosamente: Senior Data Scientist - Product Analysis | Global Big Tech en Principle (ID: 4245539439)
05-Jun-25 21:26:55 - INFO - Preparando para scrapear tarjeta de trabajo (ID: 4242947702).
05-Jun-25 21:26:55 - INFO - Haciendo clic en la tarjeta del trabajo (ID: 4242947702).
05-Jun-25 21:27:02 - INFO - Detalles del trabajo en el panel lateral cargados exitosamente.
05-Jun-25 21:27:09 - INFO - Trabajo extraído exitosamente: Data Scientist en Aequor (ID: 4242947702)
05-Jun-25 21:27:16 - INFO - Preparando para scrapear tarjeta de trabajo (ID: 4245739488).
05-Jun-25 21:27:16 - INFO - Haciendo clic en la tarjeta del trabajo (ID: 4245739488).
05-Jun-25 21:27:22 - INFO - Detalles del trabajo en el panel lateral cargados exitosamente.
05-Jun-25 21:27:28 - INFO - Trabajo extraído exitosamente: Senior Data Analyst - Optum Health Analytics, National Remote en Lensa (ID: 4245739488)
05-Jun-25 21:27:35 - INFO - Preparando para scrapear tarjeta de trabajo (ID: 4245594674).
05-Jun-25 21:27:35 - INFO - Haciendo clic en la tarjeta del trabajo (ID: 4245594674).
05-Jun-25 21:27:44 - INFO - Detalles del trabajo en el panel lateral cargados exitosamente.
05-Jun-25 21:27:50 - INFO - Trabajo extraído exitosamente: Data Analyst en Clinical Professionals HX (ID: 4245594674)
05-Jun-25 21:27:57 - INFO - Preparando para scrapear tarjeta de trabajo (ID: 4245588885).
05-Jun-25 21:27:57 - INFO - Haciendo clic en la tarjeta del trabajo (ID: 4245588885).
05-Jun-25 21:28:06 - INFO - Detalles del trabajo en el panel lateral cargados exitosamente.
05-Jun-25 21:28:12 - INFO - Trabajo extraído exitosamente: Senior Data Scientist en Copoly.ai (ID: 4245588885)
05-Jun-25 21:28:18 - ERROR - WebDriverException capturada durante la búsqueda de 'Data%20Scientist': Message: invalid session id: session deleted as the browser has closed the connection
from disconnected: not connected to DevTools
  (Session info: chrome=137.0.7151.69)
Stacktrace:
	GetHandleVerifier [0x0x7ff7c8ecfea5+79173]
	GetHandleVerifier [0x0x7ff7c8ecff00+79264]
	(No symbol) [0x0x7ff7c8c89e5a]
	(No symbol) [0x0x7ff7c8c75c25]
	(No symbol) [0x0x7ff7c8c9ac44]
	(No symbol) [0x0x7ff7c8d103c5]
	(No symbol) [0x0x7ff7c8d30922]
	(No symbol) [0x0x7ff7c8d08743]
	(No symbol) [0x0x7ff7c8cd14c1]
	(No symbol) [0x0x7ff7c8cd2253]
	GetHandleVerifier [0x0x7ff7c919a2dd+3004797]
	GetHandleVerifier [0x0x7ff7c919472d+2981325]
	GetHandleVerifier [0x0x7ff7c91b3380+3107360]
	GetHandleVerifier [0x0x7ff7c8eeaa2e+188622]
	GetHandleVerifier [0x0x7ff7c8ef22bf+219487]
	GetHandleVerifier [0x0x7ff7c8ed8df4+115860]
	GetHandleVerifier [0x0x7ff7c8ed8fa9+116297]
	GetHandleVerifier [0x0x7ff7c8ebf558+11256]
	BaseThreadInitThunk [0x0x7ffae037257d+29]
	RtlUserThreadStart [0x0x7ffae0ccaf08+40]
. Re-conectando el navegador.
05-Jun-25 21:28:22 - INFO - LOGUEANDOME A LINKEDIN COMO kideve4885@cigidea.com...
05-Jun-25 21:28:33 - ERROR - No se encontró el formulario de login o falló el clic.
05-Jun-25 21:28:33 - ERROR - Message: invalid session id: session deleted as the browser has closed the connection
from disconnected: not connected to DevTools
  (Session info: chrome=137.0.7151.69)
Stacktrace:
	GetHandleVerifier [0x0x7ff7c8ecfea5+79173]
	GetHandleVerifier [0x0x7ff7c8ecff00+79264]
	(No symbol) [0x0x7ff7c8c89e5a]
	(No symbol) [0x0x7ff7c8c75c25]
	(No symbol) [0x0x7ff7c8c9ac44]
	(No symbol) [0x0x7ff7c8d103c5]
	(No symbol) [0x0x7ff7c8d30922]
	(No symbol) [0x0x7ff7c8d08743]
	(No symbol) [0x0x7ff7c8cd14c1]
	(No symbol) [0x0x7ff7c8cd2253]
	GetHandleVerifier [0x0x7ff7c919a2dd+3004797]
	GetHandleVerifier [0x0x7ff7c919472d+2981325]
	GetHandleVerifier [0x0x7ff7c91b3380+3107360]
	GetHandleVerifier [0x0x7ff7c8eeaa2e+188622]
	GetHandleVerifier [0x0x7ff7c8ef22bf+219487]
	GetHandleVerifier [0x0x7ff7c8ed8df4+115860]
	GetHandleVerifier [0x0x7ff7c8ed8fa9+116297]
	GetHandleVerifier [0x0x7ff7c8ebf558+11256]
	BaseThreadInitThunk [0x0x7ffae037257d+29]
	RtlUserThreadStart [0x0x7ffae0ccaf08+40]

05-Jun-25 21:28:33 - CRITICAL - Error crítico en el script principal: Message: invalid session id: session deleted as the browser has closed the connection
from disconnected: not connected to DevTools
  (Session info: chrome=137.0.7151.69)
Stacktrace:
	GetHandleVerifier [0x0x7ff7c8ecfea5+79173]
	GetHandleVerifier [0x0x7ff7c8ecff00+79264]
	(No symbol) [0x0x7ff7c8c89e5a]
	(No symbol) [0x0x7ff7c8c75c25]
	(No symbol) [0x0x7ff7c8c9ac44]
	(No symbol) [0x0x7ff7c8d103c5]
	(No symbol) [0x0x7ff7c8d30922]
	(No symbol) [0x0x7ff7c8d08743]
	(No symbol) [0x0x7ff7c8cd14c1]
	(No symbol) [0x0x7ff7c8cd2253]
	GetHandleVerifier [0x0x7ff7c919a2dd+3004797]
	GetHandleVerifier [0x0x7ff7c919472d+2981325]
	GetHandleVerifier [0x0x7ff7c91b3380+3107360]
	GetHandleVerifier [0x0x7ff7c8eeaa2e+188622]
	GetHandleVerifier [0x0x7ff7c8ef22bf+219487]
	GetHandleVerifier [0x0x7ff7c8ed8df4+115860]
	GetHandleVerifier [0x0x7ff7c8ed8fa9+116297]
	GetHandleVerifier [0x0x7ff7c8ebf558+11256]
	BaseThreadInitThunk [0x0x7ffae037257d+29]
	RtlUserThreadStart [0x0x7ffae0ccaf08+40]

05-Jun-25 21:28:33 - INFO - Cerrando el navegador.
05-Jun-25 21:28:37 - WARNING - Retrying (Retry(total=2, connect=None, read=None, redirect=None, status=None)) after connection broken by 'NewConnectionError('<urllib3.connection.HTTPConnection object at 0x00000154C1936BD0>: Failed to establish a new connection: [WinError 10061] No se puede establecer una conexión ya que el equipo de destino denegó expresamente dicha conexión')': /session/3c70b16389631c5b9c0bde469d3a43cd
05-Jun-25 21:28:41 - WARNING - Retrying (Retry(total=1, connect=None, read=None, redirect=None, status=None)) after connection broken by 'NewConnectionError('<urllib3.connection.HTTPConnection object at 0x00000154C1936D50>: Failed to establish a new connection: [WinError 10061] No se puede establecer una conexión ya que el equipo de destino denegó expresamente dicha conexión')': /session/3c70b16389631c5b9c0bde469d3a43cd
05-Jun-25 21:28:45 - WARNING - Retrying (Retry(total=0, connect=None, read=None, redirect=None, status=None)) after connection broken by 'NewConnectionError('<urllib3.connection.HTTPConnection object at 0x00000154C19375F0>: Failed to establish a new connection: [WinError 10061] No se puede establecer una conexión ya que el equipo de destino denegó expresamente dicha conexión')': /session/3c70b16389631c5b9c0bde469d3a43cd
