05-Jun-25 12:11:26 - INFO - Log file log\05-Jun-25_12-11-26.log created
05-Jun-25 12:11:26 - INFO - output/05-Jun-25.csv borrado
05-Jun-25 12:11:26 - INFO - output/05-Jun-25.csv Creado
05-Jun-25 12:11:28 - INFO - LOGUEANDOME A LINKEDIN COMO kideve4885@cigidea.com...
05-Jun-25 12:11:46 - INFO - Login completado.
05-Jun-25 12:11:46 - INFO - Navegación exitosa a la página principal después del login.
05-Jun-25 12:11:59 - INFO - === Iniciando búsqueda para: Data Analyst ===
05-Jun-25 12:11:59 - INFO - Navegando a la URL de búsqueda inicial: https://www.linkedin.com/jobs/search/?f_TPR=r86400&f_WRA=true&geoId=92000000&keywords=data%20analyst&location=Worldwide&start=0
05-Jun-25 12:13:04 - ERROR - ¡ERROR CRÍTICO! Timeout esperando la lista de resultados de la búsqueda. La página no cargó la lista principal o no es visible.
05-Jun-25 12:13:04 - INFO - === Búsqueda completada para: Data Analyst. Total scrapeados: 0 ===
05-Jun-25 12:13:20 - INFO - Driver cerrado correctamente al final de la iteración de la palabra clave.
05-Jun-25 12:13:21 - INFO - LOGUEANDOME A LINKEDIN COMO kideve4885@cigidea.com...
05-Jun-25 12:13:32 - ERROR - No se encontró el formulario de login o falló el clic.
05-Jun-25 12:13:32 - ERROR - Message: invalid session id: session deleted as the browser has closed the connection
from disconnected: not connected to DevTools
  (Session info: chrome=137.0.7151.69)
Stacktrace:
	GetHandleVerifier [0x0x7ff6f6f6fea5+79173]
	GetHandleVerifier [0x0x7ff6f6f6ff00+79264]
	(No symbol) [0x0x7ff6f6d29e5a]
	(No symbol) [0x0x7ff6f6d15c25]
	(No symbol) [0x0x7ff6f6d3ac44]
	(No symbol) [0x0x7ff6f6db03c5]
	(No symbol) [0x0x7ff6f6dd0922]
	(No symbol) [0x0x7ff6f6da8743]
	(No symbol) [0x0x7ff6f6d714c1]
	(No symbol) [0x0x7ff6f6d72253]
	GetHandleVerifier [0x0x7ff6f723a2dd+3004797]
	GetHandleVerifier [0x0x7ff6f723472d+2981325]
	GetHandleVerifier [0x0x7ff6f7253380+3107360]
	GetHandleVerifier [0x0x7ff6f6f8aa2e+188622]
	GetHandleVerifier [0x0x7ff6f6f922bf+219487]
	GetHandleVerifier [0x0x7ff6f6f78df4+115860]
	GetHandleVerifier [0x0x7ff6f6f78fa9+116297]
	GetHandleVerifier [0x0x7ff6f6f5f558+11256]
	BaseThreadInitThunk [0x0x7ff85342257d+29]
	RtlUserThreadStart [0x0x7ff85494af08+40]

05-Jun-25 12:13:32 - ERROR - Error grave de WebDriver durante la búsqueda de 'Data Scientist': Message: invalid session id: session deleted as the browser has closed the connection
from disconnected: not connected to DevTools
  (Session info: chrome=137.0.7151.69)
Stacktrace:
	GetHandleVerifier [0x0x7ff6f6f6fea5+79173]
	GetHandleVerifier [0x0x7ff6f6f6ff00+79264]
	(No symbol) [0x0x7ff6f6d29e5a]
	(No symbol) [0x0x7ff6f6d15c25]
	(No symbol) [0x0x7ff6f6d3ac44]
	(No symbol) [0x0x7ff6f6db03c5]
	(No symbol) [0x0x7ff6f6dd0922]
	(No symbol) [0x0x7ff6f6da8743]
	(No symbol) [0x0x7ff6f6d714c1]
	(No symbol) [0x0x7ff6f6d72253]
	GetHandleVerifier [0x0x7ff6f723a2dd+3004797]
	GetHandleVerifier [0x0x7ff6f723472d+2981325]
	GetHandleVerifier [0x0x7ff6f7253380+3107360]
	GetHandleVerifier [0x0x7ff6f6f8aa2e+188622]
	GetHandleVerifier [0x0x7ff6f6f922bf+219487]
	GetHandleVerifier [0x0x7ff6f6f78df4+115860]
	GetHandleVerifier [0x0x7ff6f6f78fa9+116297]
	GetHandleVerifier [0x0x7ff6f6f5f558+11256]
	BaseThreadInitThunk [0x0x7ff85342257d+29]
	RtlUserThreadStart [0x0x7ff85494af08+40]

05-Jun-25 12:13:32 - WARNING - Reintentando la búsqueda para 'Data Scientist'...
05-Jun-25 12:13:32 - INFO - Reintentando Data Scientist (1/3). Pausa antes de reintentar...
05-Jun-25 12:14:30 - INFO - LOGUEANDOME A LINKEDIN COMO kideve4885@cigidea.com...
05-Jun-25 12:14:39 - ERROR - No se encontró el formulario de login o falló el clic.
05-Jun-25 12:14:39 - ERROR - Message: invalid session id: session deleted as the browser has closed the connection
from disconnected: not connected to DevTools
  (Session info: chrome=137.0.7151.69)
Stacktrace:
	GetHandleVerifier [0x0x7ff6f6f6fea5+79173]
	GetHandleVerifier [0x0x7ff6f6f6ff00+79264]
	(No symbol) [0x0x7ff6f6d29e5a]
	(No symbol) [0x0x7ff6f6d15c25]
	(No symbol) [0x0x7ff6f6d3ac44]
	(No symbol) [0x0x7ff6f6db03c5]
	(No symbol) [0x0x7ff6f6dd0922]
	(No symbol) [0x0x7ff6f6da8743]
	(No symbol) [0x0x7ff6f6d714c1]
	(No symbol) [0x0x7ff6f6d72253]
	GetHandleVerifier [0x0x7ff6f723a2dd+3004797]
	GetHandleVerifier [0x0x7ff6f723472d+2981325]
	GetHandleVerifier [0x0x7ff6f7253380+3107360]
	GetHandleVerifier [0x0x7ff6f6f8aa2e+188622]
	GetHandleVerifier [0x0x7ff6f6f922bf+219487]
	GetHandleVerifier [0x0x7ff6f6f78df4+115860]
	GetHandleVerifier [0x0x7ff6f6f78fa9+116297]
	GetHandleVerifier [0x0x7ff6f6f5f558+11256]
	BaseThreadInitThunk [0x0x7ff85342257d+29]
	RtlUserThreadStart [0x0x7ff85494af08+40]

05-Jun-25 12:14:39 - ERROR - Error grave de WebDriver durante la búsqueda de 'Data Scientist': Message: invalid session id: session deleted as the browser has closed the connection
from disconnected: not connected to DevTools
  (Session info: chrome=137.0.7151.69)
Stacktrace:
	GetHandleVerifier [0x0x7ff6f6f6fea5+79173]
	GetHandleVerifier [0x0x7ff6f6f6ff00+79264]
	(No symbol) [0x0x7ff6f6d29e5a]
	(No symbol) [0x0x7ff6f6d15c25]
	(No symbol) [0x0x7ff6f6d3ac44]
	(No symbol) [0x0x7ff6f6db03c5]
	(No symbol) [0x0x7ff6f6dd0922]
	(No symbol) [0x0x7ff6f6da8743]
	(No symbol) [0x0x7ff6f6d714c1]
	(No symbol) [0x0x7ff6f6d72253]
	GetHandleVerifier [0x0x7ff6f723a2dd+3004797]
	GetHandleVerifier [0x0x7ff6f723472d+2981325]
	GetHandleVerifier [0x0x7ff6f7253380+3107360]
	GetHandleVerifier [0x0x7ff6f6f8aa2e+188622]
	GetHandleVerifier [0x0x7ff6f6f922bf+219487]
	GetHandleVerifier [0x0x7ff6f6f78df4+115860]
	GetHandleVerifier [0x0x7ff6f6f78fa9+116297]
	GetHandleVerifier [0x0x7ff6f6f5f558+11256]
	BaseThreadInitThunk [0x0x7ff85342257d+29]
	RtlUserThreadStart [0x0x7ff85494af08+40]

05-Jun-25 12:14:39 - WARNING - Reintentando la búsqueda para 'Data Scientist'...
05-Jun-25 12:14:39 - INFO - Reintentando Data Scientist (2/3). Pausa antes de reintentar...
05-Jun-25 12:15:14 - INFO - LOGUEANDOME A LINKEDIN COMO kideve4885@cigidea.com...
05-Jun-25 12:15:22 - ERROR - No se encontró el formulario de login o falló el clic.
05-Jun-25 12:15:22 - ERROR - Message: invalid session id: session deleted as the browser has closed the connection
from disconnected: not connected to DevTools
  (Session info: chrome=137.0.7151.69)
Stacktrace:
	GetHandleVerifier [0x0x7ff6f6f6fea5+79173]
	GetHandleVerifier [0x0x7ff6f6f6ff00+79264]
	(No symbol) [0x0x7ff6f6d29e5a]
	(No symbol) [0x0x7ff6f6d15c25]
	(No symbol) [0x0x7ff6f6d3ac44]
	(No symbol) [0x0x7ff6f6db03c5]
	(No symbol) [0x0x7ff6f6dd0922]
	(No symbol) [0x0x7ff6f6da8743]
	(No symbol) [0x0x7ff6f6d714c1]
	(No symbol) [0x0x7ff6f6d72253]
	GetHandleVerifier [0x0x7ff6f723a2dd+3004797]
	GetHandleVerifier [0x0x7ff6f723472d+2981325]
	GetHandleVerifier [0x0x7ff6f7253380+3107360]
	GetHandleVerifier [0x0x7ff6f6f8aa2e+188622]
	GetHandleVerifier [0x0x7ff6f6f922bf+219487]
	GetHandleVerifier [0x0x7ff6f6f78df4+115860]
	GetHandleVerifier [0x0x7ff6f6f78fa9+116297]
	GetHandleVerifier [0x0x7ff6f6f5f558+11256]
	BaseThreadInitThunk [0x0x7ff85342257d+29]
	RtlUserThreadStart [0x0x7ff85494af08+40]

05-Jun-25 12:15:22 - ERROR - Error grave de WebDriver durante la búsqueda de 'Data Scientist': Message: invalid session id: session deleted as the browser has closed the connection
from disconnected: not connected to DevTools
  (Session info: chrome=137.0.7151.69)
Stacktrace:
	GetHandleVerifier [0x0x7ff6f6f6fea5+79173]
	GetHandleVerifier [0x0x7ff6f6f6ff00+79264]
	(No symbol) [0x0x7ff6f6d29e5a]
	(No symbol) [0x0x7ff6f6d15c25]
	(No symbol) [0x0x7ff6f6d3ac44]
	(No symbol) [0x0x7ff6f6db03c5]
	(No symbol) [0x0x7ff6f6dd0922]
	(No symbol) [0x0x7ff6f6da8743]
	(No symbol) [0x0x7ff6f6d714c1]
	(No symbol) [0x0x7ff6f6d72253]
	GetHandleVerifier [0x0x7ff6f723a2dd+3004797]
	GetHandleVerifier [0x0x7ff6f723472d+2981325]
	GetHandleVerifier [0x0x7ff6f7253380+3107360]
	GetHandleVerifier [0x0x7ff6f6f8aa2e+188622]
	GetHandleVerifier [0x0x7ff6f6f922bf+219487]
	GetHandleVerifier [0x0x7ff6f6f78df4+115860]
	GetHandleVerifier [0x0x7ff6f6f78fa9+116297]
	GetHandleVerifier [0x0x7ff6f6f5f558+11256]
	BaseThreadInitThunk [0x0x7ff85342257d+29]
	RtlUserThreadStart [0x0x7ff85494af08+40]

05-Jun-25 12:15:22 - ERROR - Se alcanzó el número máximo de reintentos para 'Data Scientist'. Saltando esta palabra clave.
05-Jun-25 12:15:24 - INFO - LOGUEANDOME A LINKEDIN COMO kideve4885@cigidea.com...
05-Jun-25 12:15:34 - ERROR - No se encontró el formulario de login o falló el clic.
05-Jun-25 12:15:34 - ERROR - Message: invalid session id: session deleted as the browser has closed the connection
from disconnected: not connected to DevTools
  (Session info: chrome=137.0.7151.69)
Stacktrace:
	GetHandleVerifier [0x0x7ff6f6f6fea5+79173]
	GetHandleVerifier [0x0x7ff6f6f6ff00+79264]
	(No symbol) [0x0x7ff6f6d29e5a]
	(No symbol) [0x0x7ff6f6d15c25]
	(No symbol) [0x0x7ff6f6d3ac44]
	(No symbol) [0x0x7ff6f6db03c5]
	(No symbol) [0x0x7ff6f6dd0922]
	(No symbol) [0x0x7ff6f6da8743]
	(No symbol) [0x0x7ff6f6d714c1]
	(No symbol) [0x0x7ff6f6d72253]
	GetHandleVerifier [0x0x7ff6f723a2dd+3004797]
	GetHandleVerifier [0x0x7ff6f723472d+2981325]
	GetHandleVerifier [0x0x7ff6f7253380+3107360]
	GetHandleVerifier [0x0x7ff6f6f8aa2e+188622]
	GetHandleVerifier [0x0x7ff6f6f922bf+219487]
	GetHandleVerifier [0x0x7ff6f6f78df4+115860]
	GetHandleVerifier [0x0x7ff6f6f78fa9+116297]
	GetHandleVerifier [0x0x7ff6f6f5f558+11256]
	BaseThreadInitThunk [0x0x7ff85342257d+29]
	RtlUserThreadStart [0x0x7ff85494af08+40]

05-Jun-25 12:15:34 - ERROR - Error grave de WebDriver durante la búsqueda de 'Data Engineer': Message: invalid session id: session deleted as the browser has closed the connection
from disconnected: not connected to DevTools
  (Session info: chrome=137.0.7151.69)
Stacktrace:
	GetHandleVerifier [0x0x7ff6f6f6fea5+79173]
	GetHandleVerifier [0x0x7ff6f6f6ff00+79264]
	(No symbol) [0x0x7ff6f6d29e5a]
	(No symbol) [0x0x7ff6f6d15c25]
	(No symbol) [0x0x7ff6f6d3ac44]
	(No symbol) [0x0x7ff6f6db03c5]
	(No symbol) [0x0x7ff6f6dd0922]
	(No symbol) [0x0x7ff6f6da8743]
	(No symbol) [0x0x7ff6f6d714c1]
	(No symbol) [0x0x7ff6f6d72253]
	GetHandleVerifier [0x0x7ff6f723a2dd+3004797]
	GetHandleVerifier [0x0x7ff6f723472d+2981325]
	GetHandleVerifier [0x0x7ff6f7253380+3107360]
	GetHandleVerifier [0x0x7ff6f6f8aa2e+188622]
	GetHandleVerifier [0x0x7ff6f6f922bf+219487]
	GetHandleVerifier [0x0x7ff6f6f78df4+115860]
	GetHandleVerifier [0x0x7ff6f6f78fa9+116297]
	GetHandleVerifier [0x0x7ff6f6f5f558+11256]
	BaseThreadInitThunk [0x0x7ff85342257d+29]
	RtlUserThreadStart [0x0x7ff85494af08+40]

05-Jun-25 12:15:34 - WARNING - Reintentando la búsqueda para 'Data Engineer'...
05-Jun-25 12:15:34 - INFO - Reintentando Data Engineer (1/3). Pausa antes de reintentar...
05-Jun-25 12:16:11 - INFO - LOGUEANDOME A LINKEDIN COMO kideve4885@cigidea.com...
05-Jun-25 12:16:23 - ERROR - No se encontró el formulario de login o falló el clic.
05-Jun-25 12:16:23 - ERROR - Message: invalid session id: session deleted as the browser has closed the connection
from disconnected: not connected to DevTools
  (Session info: chrome=137.0.7151.69)
Stacktrace:
	GetHandleVerifier [0x0x7ff6f6f6fea5+79173]
	GetHandleVerifier [0x0x7ff6f6f6ff00+79264]
	(No symbol) [0x0x7ff6f6d29e5a]
	(No symbol) [0x0x7ff6f6d15c25]
	(No symbol) [0x0x7ff6f6d3ac44]
	(No symbol) [0x0x7ff6f6db03c5]
	(No symbol) [0x0x7ff6f6dd0922]
	(No symbol) [0x0x7ff6f6da8743]
	(No symbol) [0x0x7ff6f6d714c1]
	(No symbol) [0x0x7ff6f6d72253]
	GetHandleVerifier [0x0x7ff6f723a2dd+3004797]
	GetHandleVerifier [0x0x7ff6f723472d+2981325]
	GetHandleVerifier [0x0x7ff6f7253380+3107360]
	GetHandleVerifier [0x0x7ff6f6f8aa2e+188622]
	GetHandleVerifier [0x0x7ff6f6f922bf+219487]
	GetHandleVerifier [0x0x7ff6f6f78df4+115860]
	GetHandleVerifier [0x0x7ff6f6f78fa9+116297]
	GetHandleVerifier [0x0x7ff6f6f5f558+11256]
	BaseThreadInitThunk [0x0x7ff85342257d+29]
	RtlUserThreadStart [0x0x7ff85494af08+40]

05-Jun-25 12:16:23 - ERROR - Error grave de WebDriver durante la búsqueda de 'Data Engineer': Message: invalid session id: session deleted as the browser has closed the connection
from disconnected: not connected to DevTools
  (Session info: chrome=137.0.7151.69)
Stacktrace:
	GetHandleVerifier [0x0x7ff6f6f6fea5+79173]
	GetHandleVerifier [0x0x7ff6f6f6ff00+79264]
	(No symbol) [0x0x7ff6f6d29e5a]
	(No symbol) [0x0x7ff6f6d15c25]
	(No symbol) [0x0x7ff6f6d3ac44]
	(No symbol) [0x0x7ff6f6db03c5]
	(No symbol) [0x0x7ff6f6dd0922]
	(No symbol) [0x0x7ff6f6da8743]
	(No symbol) [0x0x7ff6f6d714c1]
	(No symbol) [0x0x7ff6f6d72253]
	GetHandleVerifier [0x0x7ff6f723a2dd+3004797]
	GetHandleVerifier [0x0x7ff6f723472d+2981325]
	GetHandleVerifier [0x0x7ff6f7253380+3107360]
	GetHandleVerifier [0x0x7ff6f6f8aa2e+188622]
	GetHandleVerifier [0x0x7ff6f6f922bf+219487]
	GetHandleVerifier [0x0x7ff6f6f78df4+115860]
	GetHandleVerifier [0x0x7ff6f6f78fa9+116297]
	GetHandleVerifier [0x0x7ff6f6f5f558+11256]
	BaseThreadInitThunk [0x0x7ff85342257d+29]
	RtlUserThreadStart [0x0x7ff85494af08+40]

05-Jun-25 12:16:23 - WARNING - Reintentando la búsqueda para 'Data Engineer'...
05-Jun-25 12:16:23 - INFO - Reintentando Data Engineer (2/3). Pausa antes de reintentar...
05-Jun-25 12:17:29 - INFO - LOGUEANDOME A LINKEDIN COMO kideve4885@cigidea.com...
