05-Jun-25 11:35:13 - INFO - Log file log\05-Jun-25_11-35-13.log created
05-Jun-25 11:35:13 - INFO - output/05-Jun-25.csv borrado
05-Jun-25 11:35:13 - INFO - output/05-Jun-25.csv Creado
05-Jun-25 11:35:15 - INFO - LOGUEANDOME A LINKEDIN COMO kideve4885@cigidea.com...
05-Jun-25 11:35:24 - INFO - Login completado.
05-Jun-25 11:35:31 - INFO - Navegación exitosa a la página principal después del login.
05-Jun-25 11:35:42 - INFO - === Iniciando búsqueda para: Data Analyst ===
05-Jun-25 11:35:42 - INFO - Navegando a la URL de búsqueda inicial: https://www.linkedin.com/jobs/search/?f_TPR=r86400&f_WRA=true&geoId=92000000&keywords=data%20analyst&location=Worldwide&start=0
05-Jun-25 11:36:40 - ERROR - ¡ERROR CRÍTICO! Timeout esperando la lista de resultados de la búsqueda. La página no cargó la lista principal o no es visible.
05-Jun-25 11:36:40 - INFO - === Búsqueda completada para: Data Analyst. Total scrapeados: 0 ===
05-Jun-25 11:36:59 - INFO - Driver cerrado correctamente al final de la iteración de la palabra clave.
05-Jun-25 11:37:01 - INFO - LOGUEANDOME A LINKEDIN COMO kideve4885@cigidea.com...
05-Jun-25 11:37:08 - ERROR - No se encontró el formulario de login o falló el clic.
05-Jun-25 11:37:08 - ERROR - Message: invalid session id: session deleted as the browser has closed the connection
from disconnected: not connected to DevTools
  (Session info: chrome=137.0.7151.69)
Stacktrace:
	GetHandleVerifier [0x0x7ff6f6f6fea5+79173]
	GetHandleVerifier [0x0x7ff6f6f6ff00+79264]
	(No symbol) [0x0x7ff6f6d29e5a]
	(No symbol) [0x0x7ff6f6d15c25]
	(No symbol) [0x0x7ff6f6d3ac44]
	(No symbol) [0x0x7ff6f6db03c5]
	(No symbol) [0x0x7ff6f6dd0922]
	(No symbol) [0x0x7ff6f6da8743]
	(No symbol) [0x0x7ff6f6d714c1]
	(No symbol) [0x0x7ff6f6d72253]
	GetHandleVerifier [0x0x7ff6f723a2dd+3004797]
	GetHandleVerifier [0x0x7ff6f723472d+2981325]
	GetHandleVerifier [0x0x7ff6f7253380+3107360]
	GetHandleVerifier [0x0x7ff6f6f8aa2e+188622]
	GetHandleVerifier [0x0x7ff6f6f922bf+219487]
	GetHandleVerifier [0x0x7ff6f6f78df4+115860]
	GetHandleVerifier [0x0x7ff6f6f78fa9+116297]
	GetHandleVerifier [0x0x7ff6f6f5f558+11256]
	BaseThreadInitThunk [0x0x7ff85342257d+29]
	RtlUserThreadStart [0x0x7ff85494af08+40]

05-Jun-25 11:37:08 - ERROR - Error grave de WebDriver durante la búsqueda de 'Data Scientist': Message: invalid session id
Stacktrace:
	GetHandleVerifier [0x0x7ff6f6f6fea5+79173]
	GetHandleVerifier [0x0x7ff6f6f6ff00+79264]
	(No symbol) [0x0x7ff6f6d29c8c]
	(No symbol) [0x0x7ff6f6d705ef]
	(No symbol) [0x0x7ff6f6da8832]
	(No symbol) [0x0x7ff6f6da3233]
	(No symbol) [0x0x7ff6f6da22f9]
	(No symbol) [0x0x7ff6f6cf5fc5]
	GetHandleVerifier [0x0x7ff6f723a2dd+3004797]
	GetHandleVerifier [0x0x7ff6f723472d+2981325]
	GetHandleVerifier [0x0x7ff6f7253380+3107360]
	GetHandleVerifier [0x0x7ff6f6f8aa2e+188622]
	GetHandleVerifier [0x0x7ff6f6f922bf+219487]
	(No symbol) [0x0x7ff6f6cf5036]
	GetHandleVerifier [0x0x7ff6f7353c78+4158232]
	BaseThreadInitThunk [0x0x7ff85342257d+29]
	RtlUserThreadStart [0x0x7ff85494af08+40]

05-Jun-25 11:37:08 - WARNING - Reintentando la búsqueda para 'Data Scientist'...
05-Jun-25 11:37:08 - INFO - Reintentando Data Scientist (1/3). Pausa antes de reintentar...
05-Jun-25 11:37:56 - INFO - LOGUEANDOME A LINKEDIN COMO kideve4885@cigidea.com...
05-Jun-25 11:38:05 - INFO - Login completado.
05-Jun-25 11:38:13 - INFO - Navegación exitosa a la página principal después del login.
05-Jun-25 11:38:21 - INFO - === Iniciando búsqueda para: Data Scientist ===
05-Jun-25 11:38:21 - INFO - Navegando a la URL de búsqueda inicial: https://www.linkedin.com/jobs/search/?f_TPR=r86400&f_WRA=true&geoId=92000000&keywords=data%20scientist&location=Worldwide&start=0
05-Jun-25 11:39:19 - ERROR - ¡ERROR CRÍTICO! Timeout esperando la lista de resultados de la búsqueda. La página no cargó la lista principal o no es visible.
05-Jun-25 11:39:19 - INFO - === Búsqueda completada para: Data Scientist. Total scrapeados: 0 ===
05-Jun-25 11:39:39 - INFO - Driver cerrado correctamente al final de la iteración de la palabra clave.
05-Jun-25 11:39:40 - INFO - LOGUEANDOME A LINKEDIN COMO kideve4885@cigidea.com...
05-Jun-25 11:39:47 - ERROR - No se encontró el formulario de login o falló el clic.
05-Jun-25 11:39:47 - ERROR - Message: invalid session id: session deleted as the browser has closed the connection
from disconnected: not connected to DevTools
  (Session info: chrome=137.0.7151.69)
Stacktrace:
	GetHandleVerifier [0x0x7ff6f6f6fea5+79173]
	GetHandleVerifier [0x0x7ff6f6f6ff00+79264]
	(No symbol) [0x0x7ff6f6d29e5a]
	(No symbol) [0x0x7ff6f6d15c25]
	(No symbol) [0x0x7ff6f6d3ac44]
	(No symbol) [0x0x7ff6f6db03c5]
	(No symbol) [0x0x7ff6f6dd0922]
	(No symbol) [0x0x7ff6f6da8743]
	(No symbol) [0x0x7ff6f6d714c1]
	(No symbol) [0x0x7ff6f6d72253]
	GetHandleVerifier [0x0x7ff6f723a2dd+3004797]
	GetHandleVerifier [0x0x7ff6f723472d+2981325]
	GetHandleVerifier [0x0x7ff6f7253380+3107360]
	GetHandleVerifier [0x0x7ff6f6f8aa2e+188622]
	GetHandleVerifier [0x0x7ff6f6f922bf+219487]
	GetHandleVerifier [0x0x7ff6f6f78df4+115860]
	GetHandleVerifier [0x0x7ff6f6f78fa9+116297]
	GetHandleVerifier [0x0x7ff6f6f5f558+11256]
	BaseThreadInitThunk [0x0x7ff85342257d+29]
	RtlUserThreadStart [0x0x7ff85494af08+40]

05-Jun-25 11:39:47 - ERROR - Error grave de WebDriver durante la búsqueda de 'Data Engineer': Message: invalid session id
Stacktrace:
	GetHandleVerifier [0x0x7ff6f6f6fea5+79173]
	GetHandleVerifier [0x0x7ff6f6f6ff00+79264]
	(No symbol) [0x0x7ff6f6d29c8c]
	(No symbol) [0x0x7ff6f6d705ef]
	(No symbol) [0x0x7ff6f6da8832]
	(No symbol) [0x0x7ff6f6da3233]
	(No symbol) [0x0x7ff6f6da22f9]
	(No symbol) [0x0x7ff6f6cf5fc5]
	GetHandleVerifier [0x0x7ff6f723a2dd+3004797]
	GetHandleVerifier [0x0x7ff6f723472d+2981325]
	GetHandleVerifier [0x0x7ff6f7253380+3107360]
	GetHandleVerifier [0x0x7ff6f6f8aa2e+188622]
	GetHandleVerifier [0x0x7ff6f6f922bf+219487]
	(No symbol) [0x0x7ff6f6cf5036]
	GetHandleVerifier [0x0x7ff6f7353c78+4158232]
	BaseThreadInitThunk [0x0x7ff85342257d+29]
	RtlUserThreadStart [0x0x7ff85494af08+40]

05-Jun-25 11:39:47 - WARNING - Reintentando la búsqueda para 'Data Engineer'...
05-Jun-25 11:39:47 - INFO - Reintentando Data Engineer (1/3). Pausa antes de reintentar...
05-Jun-25 11:40:20 - INFO - LOGUEANDOME A LINKEDIN COMO kideve4885@cigidea.com...
05-Jun-25 11:40:28 - ERROR - No se encontró el formulario de login o falló el clic.
05-Jun-25 11:40:28 - ERROR - Message: invalid session id: session deleted as the browser has closed the connection
from disconnected: not connected to DevTools
  (Session info: chrome=137.0.7151.69)
Stacktrace:
	GetHandleVerifier [0x0x7ff6f6f6fea5+79173]
	GetHandleVerifier [0x0x7ff6f6f6ff00+79264]
	(No symbol) [0x0x7ff6f6d29e5a]
	(No symbol) [0x0x7ff6f6d15c25]
	(No symbol) [0x0x7ff6f6d3ac44]
	(No symbol) [0x0x7ff6f6db03c5]
	(No symbol) [0x0x7ff6f6dd0922]
	(No symbol) [0x0x7ff6f6da8743]
	(No symbol) [0x0x7ff6f6d714c1]
	(No symbol) [0x0x7ff6f6d72253]
	GetHandleVerifier [0x0x7ff6f723a2dd+3004797]
	GetHandleVerifier [0x0x7ff6f723472d+2981325]
	GetHandleVerifier [0x0x7ff6f7253380+3107360]
	GetHandleVerifier [0x0x7ff6f6f8aa2e+188622]
	GetHandleVerifier [0x0x7ff6f6f922bf+219487]
	GetHandleVerifier [0x0x7ff6f6f78df4+115860]
	GetHandleVerifier [0x0x7ff6f6f78fa9+116297]
	GetHandleVerifier [0x0x7ff6f6f5f558+11256]
	BaseThreadInitThunk [0x0x7ff85342257d+29]
	RtlUserThreadStart [0x0x7ff85494af08+40]

05-Jun-25 11:40:28 - ERROR - Error grave de WebDriver durante la búsqueda de 'Data Engineer': Message: invalid session id
Stacktrace:
	GetHandleVerifier [0x0x7ff6f6f6fea5+79173]
	GetHandleVerifier [0x0x7ff6f6f6ff00+79264]
	(No symbol) [0x0x7ff6f6d29c8c]
	(No symbol) [0x0x7ff6f6d705ef]
	(No symbol) [0x0x7ff6f6da8832]
	(No symbol) [0x0x7ff6f6da3233]
	(No symbol) [0x0x7ff6f6da22f9]
	(No symbol) [0x0x7ff6f6cf5fc5]
	GetHandleVerifier [0x0x7ff6f723a2dd+3004797]
	GetHandleVerifier [0x0x7ff6f723472d+2981325]
	GetHandleVerifier [0x0x7ff6f7253380+3107360]
	GetHandleVerifier [0x0x7ff6f6f8aa2e+188622]
	GetHandleVerifier [0x0x7ff6f6f922bf+219487]
	(No symbol) [0x0x7ff6f6cf5036]
	GetHandleVerifier [0x0x7ff6f7353c78+4158232]
	BaseThreadInitThunk [0x0x7ff85342257d+29]
	RtlUserThreadStart [0x0x7ff85494af08+40]

05-Jun-25 11:40:28 - WARNING - Reintentando la búsqueda para 'Data Engineer'...
05-Jun-25 11:40:28 - INFO - Reintentando Data Engineer (2/3). Pausa antes de reintentar...
05-Jun-25 11:41:06 - INFO - LOGUEANDOME A LINKEDIN COMO kideve4885@cigidea.com...
05-Jun-25 11:41:15 - ERROR - No se encontró el formulario de login o falló el clic.
05-Jun-25 11:41:15 - ERROR - Message: invalid session id: session deleted as the browser has closed the connection
from disconnected: not connected to DevTools
  (Session info: chrome=137.0.7151.69)
Stacktrace:
	GetHandleVerifier [0x0x7ff6f6f6fea5+79173]
	GetHandleVerifier [0x0x7ff6f6f6ff00+79264]
	(No symbol) [0x0x7ff6f6d29e5a]
	(No symbol) [0x0x7ff6f6d15c25]
	(No symbol) [0x0x7ff6f6d3ac44]
	(No symbol) [0x0x7ff6f6db03c5]
	(No symbol) [0x0x7ff6f6dd0922]
	(No symbol) [0x0x7ff6f6da8743]
	(No symbol) [0x0x7ff6f6d714c1]
	(No symbol) [0x0x7ff6f6d72253]
	GetHandleVerifier [0x0x7ff6f723a2dd+3004797]
	GetHandleVerifier [0x0x7ff6f723472d+2981325]
	GetHandleVerifier [0x0x7ff6f7253380+3107360]
	GetHandleVerifier [0x0x7ff6f6f8aa2e+188622]
	GetHandleVerifier [0x0x7ff6f6f922bf+219487]
	GetHandleVerifier [0x0x7ff6f6f78df4+115860]
	GetHandleVerifier [0x0x7ff6f6f78fa9+116297]
	GetHandleVerifier [0x0x7ff6f6f5f558+11256]
	BaseThreadInitThunk [0x0x7ff85342257d+29]
	RtlUserThreadStart [0x0x7ff85494af08+40]

05-Jun-25 11:41:15 - ERROR - Error grave de WebDriver durante la búsqueda de 'Data Engineer': Message: invalid session id
Stacktrace:
	GetHandleVerifier [0x0x7ff6f6f6fea5+79173]
	GetHandleVerifier [0x0x7ff6f6f6ff00+79264]
	(No symbol) [0x0x7ff6f6d29c8c]
	(No symbol) [0x0x7ff6f6d705ef]
	(No symbol) [0x0x7ff6f6da8832]
	(No symbol) [0x0x7ff6f6da3233]
	(No symbol) [0x0x7ff6f6da22f9]
	(No symbol) [0x0x7ff6f6cf5fc5]
	GetHandleVerifier [0x0x7ff6f723a2dd+3004797]
	GetHandleVerifier [0x0x7ff6f723472d+2981325]
	GetHandleVerifier [0x0x7ff6f7253380+3107360]
	GetHandleVerifier [0x0x7ff6f6f8aa2e+188622]
	GetHandleVerifier [0x0x7ff6f6f922bf+219487]
	(No symbol) [0x0x7ff6f6cf5036]
	GetHandleVerifier [0x0x7ff6f7353c78+4158232]
	BaseThreadInitThunk [0x0x7ff85342257d+29]
	RtlUserThreadStart [0x0x7ff85494af08+40]

05-Jun-25 11:41:15 - ERROR - Se alcanzó el número máximo de reintentos para 'Data Engineer'. Saltando esta palabra clave.
05-Jun-25 11:41:15 - INFO - Scraping de todas las palabras clave completado.
