11-Jun-25 16:27:37 - INFO - Log file log\11-Jun-25_16-27-37.log created
11-Jun-25 16:27:37 - INFO - output/11-Jun-25_linkedin_jobs.csv borrado
11-Jun-25 16:27:37 - INFO - output/11-Jun-25_linkedin_jobs.csv Creado
11-Jun-25 16:27:39 - INFO - LOGUEANDOME A LINKEDIN COMO wegoda2685@adrewire.com...
11-Jun-25 16:27:59 - INFO - Login completado.
11-Jun-25 16:27:59 - INFO - Navegación exitosa a la página principal después del login.
11-Jun-25 16:28:15 - INFO - Iniciando búsqueda para: Keyword='Data%20Scientist', Ubicación='Spain', Remoto='true', Publicado='r86400'
11-Jun-25 16:28:15 - INFO - Navegando a la URL de búsqueda inicial: https://www.linkedin.com/jobs/search/?f_TPR=r86400&f_WRA=true&geoId=92000000&keywords=Data%20Scientist&location=Spain&start=0
11-Jun-25 16:28:31 - INFO - Lista de resultados de búsqueda inicial encontrada y visible.
11-Jun-25 16:28:40 - WARNING - No se pudo obtener el conteo de resultados inicial. Continuando sin él.
11-Jun-25 16:28:40 - INFO - Iniciando scraping para 'Data%20Scientist' en 'Spain' (0 resultados totales esperados)...
11-Jun-25 16:28:40 - INFO - --- Procesando Página 1 de un máximo de 5 ---
11-Jun-25 16:28:40 - INFO - Realizando scroll para cargar más trabajos en la página 1. Total scrapeados hasta ahora: 0.
11-Jun-25 16:28:49 - INFO - No se cargaron nuevos elementos al hacer scroll en la página 1. Intento 1/25. Altura: 985
11-Jun-25 16:28:54 - INFO - Realizando scroll para cargar más trabajos en la página 1. Total scrapeados hasta ahora: 0.
11-Jun-25 16:29:04 - INFO - No se cargaron nuevos elementos al hacer scroll en la página 1. Intento 2/25. Altura: 985
11-Jun-25 16:29:09 - INFO - Realizando scroll para cargar más trabajos en la página 1. Total scrapeados hasta ahora: 0.
11-Jun-25 16:29:19 - INFO - No se cargaron nuevos elementos al hacer scroll en la página 1. Intento 3/25. Altura: 985
11-Jun-25 16:29:24 - INFO - Realizando scroll para cargar más trabajos en la página 1. Total scrapeados hasta ahora: 0.
11-Jun-25 16:29:33 - INFO - No se cargaron nuevos elementos al hacer scroll en la página 1. Intento 4/25. Altura: 985
11-Jun-25 16:29:38 - INFO - Realizando scroll para cargar más trabajos en la página 1. Total scrapeados hasta ahora: 0.
11-Jun-25 16:29:45 - INFO - No se cargaron nuevos elementos al hacer scroll en la página 1. Intento 5/25. Altura: 985
11-Jun-25 16:29:51 - INFO - Realizando scroll para cargar más trabajos en la página 1. Total scrapeados hasta ahora: 0.
11-Jun-25 16:29:59 - INFO - No se cargaron nuevos elementos al hacer scroll en la página 1. Intento 6/25. Altura: 985
11-Jun-25 16:30:04 - INFO - Realizando scroll para cargar más trabajos en la página 1. Total scrapeados hasta ahora: 0.
11-Jun-25 16:30:14 - INFO - No se cargaron nuevos elementos al hacer scroll en la página 1. Intento 7/25. Altura: 985
11-Jun-25 16:30:19 - INFO - Realizando scroll para cargar más trabajos en la página 1. Total scrapeados hasta ahora: 0.
11-Jun-25 16:30:29 - INFO - No se cargaron nuevos elementos al hacer scroll en la página 1. Intento 8/25. Altura: 985
11-Jun-25 16:30:34 - INFO - Realizando scroll para cargar más trabajos en la página 1. Total scrapeados hasta ahora: 0.
11-Jun-25 16:30:41 - INFO - No se cargaron nuevos elementos al hacer scroll en la página 1. Intento 9/25. Altura: 985
11-Jun-25 16:30:47 - INFO - Realizando scroll para cargar más trabajos en la página 1. Total scrapeados hasta ahora: 0.
11-Jun-25 16:30:54 - INFO - No se cargaron nuevos elementos al hacer scroll en la página 1. Intento 10/25. Altura: 985
11-Jun-25 16:30:59 - INFO - Realizando scroll para cargar más trabajos en la página 1. Total scrapeados hasta ahora: 0.
11-Jun-25 16:31:09 - INFO - No se cargaron nuevos elementos al hacer scroll en la página 1. Intento 11/25. Altura: 985
11-Jun-25 16:31:14 - INFO - Realizando scroll para cargar más trabajos en la página 1. Total scrapeados hasta ahora: 0.
11-Jun-25 16:31:21 - INFO - No se cargaron nuevos elementos al hacer scroll en la página 1. Intento 12/25. Altura: 985
11-Jun-25 16:31:27 - INFO - Realizando scroll para cargar más trabajos en la página 1. Total scrapeados hasta ahora: 0.
11-Jun-25 16:31:35 - INFO - No se cargaron nuevos elementos al hacer scroll en la página 1. Intento 13/25. Altura: 985
11-Jun-25 16:31:40 - INFO - Realizando scroll para cargar más trabajos en la página 1. Total scrapeados hasta ahora: 0.
11-Jun-25 16:31:49 - INFO - No se cargaron nuevos elementos al hacer scroll en la página 1. Intento 14/25. Altura: 985
11-Jun-25 16:31:54 - INFO - Realizando scroll para cargar más trabajos en la página 1. Total scrapeados hasta ahora: 0.
11-Jun-25 16:32:02 - INFO - No se cargaron nuevos elementos al hacer scroll en la página 1. Intento 15/25. Altura: 985
11-Jun-25 16:32:07 - INFO - Realizando scroll para cargar más trabajos en la página 1. Total scrapeados hasta ahora: 0.
11-Jun-25 16:32:17 - INFO - No se cargaron nuevos elementos al hacer scroll en la página 1. Intento 16/25. Altura: 985
11-Jun-25 16:32:22 - INFO - Realizando scroll para cargar más trabajos en la página 1. Total scrapeados hasta ahora: 0.
11-Jun-25 16:32:31 - INFO - No se cargaron nuevos elementos al hacer scroll en la página 1. Intento 17/25. Altura: 985
11-Jun-25 16:32:36 - INFO - Realizando scroll para cargar más trabajos en la página 1. Total scrapeados hasta ahora: 0.
11-Jun-25 16:32:46 - INFO - No se cargaron nuevos elementos al hacer scroll en la página 1. Intento 18/25. Altura: 985
11-Jun-25 16:32:51 - INFO - Realizando scroll para cargar más trabajos en la página 1. Total scrapeados hasta ahora: 0.
11-Jun-25 16:33:01 - INFO - No se cargaron nuevos elementos al hacer scroll en la página 1. Intento 19/25. Altura: 985
11-Jun-25 16:33:06 - INFO - Realizando scroll para cargar más trabajos en la página 1. Total scrapeados hasta ahora: 0.
11-Jun-25 16:33:15 - INFO - No se cargaron nuevos elementos al hacer scroll en la página 1. Intento 20/25. Altura: 985
11-Jun-25 16:33:20 - INFO - Realizando scroll para cargar más trabajos en la página 1. Total scrapeados hasta ahora: 0.
11-Jun-25 16:33:27 - ERROR - WebDriverException capturada durante la búsqueda de 'Data%20Scientist': Message: invalid session id: session deleted as the browser has closed the connection
from disconnected: not connected to DevTools
  (Session info: chrome=137.0.7151.69)
Stacktrace:
	GetHandleVerifier [0x0x7ff608cefea5+79173]
	GetHandleVerifier [0x0x7ff608ceff00+79264]
	(No symbol) [0x0x7ff608aa9e5a]
	(No symbol) [0x0x7ff608a95c25]
	(No symbol) [0x0x7ff608abac44]
	(No symbol) [0x0x7ff608b303c5]
	(No symbol) [0x0x7ff608b50922]
	(No symbol) [0x0x7ff608b28743]
	(No symbol) [0x0x7ff608af14c1]
	(No symbol) [0x0x7ff608af2253]
	GetHandleVerifier [0x0x7ff608fba2dd+3004797]
	GetHandleVerifier [0x0x7ff608fb472d+2981325]
	GetHandleVerifier [0x0x7ff608fd3380+3107360]
	GetHandleVerifier [0x0x7ff608d0aa2e+188622]
	GetHandleVerifier [0x0x7ff608d122bf+219487]
	GetHandleVerifier [0x0x7ff608cf8df4+115860]
	GetHandleVerifier [0x0x7ff608cf8fa9+116297]
	GetHandleVerifier [0x0x7ff608cdf558+11256]
	BaseThreadInitThunk [0x0x7ffc82a3257d+29]
	RtlUserThreadStart [0x0x7ffc842caf08+40]
. Re-conectando el navegador.
11-Jun-25 16:33:31 - INFO - LOGUEANDOME A LINKEDIN COMO wegoda2685@adrewire.com...
11-Jun-25 16:33:50 - INFO - Login completado.
11-Jun-25 16:33:50 - INFO - Navegación exitosa a la página principal después del login.
11-Jun-25 16:34:03 - INFO - Iniciando búsqueda para: Keyword='Data%20Engineer', Ubicación='Spain', Remoto='true', Publicado='r86400'
11-Jun-25 16:34:03 - INFO - Navegando a la URL de búsqueda inicial: https://www.linkedin.com/jobs/search/?f_TPR=r86400&f_WRA=true&geoId=92000000&keywords=Data%20Engineer&location=Spain&start=0
11-Jun-25 16:34:18 - INFO - Lista de resultados de búsqueda inicial encontrada y visible.
11-Jun-25 16:34:24 - WARNING - No se pudo obtener el conteo de resultados inicial. Continuando sin él.
11-Jun-25 16:34:24 - INFO - Iniciando scraping para 'Data%20Engineer' en 'Spain' (0 resultados totales esperados)...
11-Jun-25 16:34:24 - INFO - --- Procesando Página 1 de un máximo de 5 ---
11-Jun-25 16:34:24 - INFO - Realizando scroll para cargar más trabajos en la página 1. Total scrapeados hasta ahora: 0.
11-Jun-25 16:34:32 - INFO - No se cargaron nuevos elementos al hacer scroll en la página 1. Intento 1/25. Altura: 945
11-Jun-25 16:34:38 - INFO - Realizando scroll para cargar más trabajos en la página 1. Total scrapeados hasta ahora: 0.
11-Jun-25 16:34:46 - INFO - No se cargaron nuevos elementos al hacer scroll en la página 1. Intento 2/25. Altura: 945
11-Jun-25 16:34:51 - INFO - Realizando scroll para cargar más trabajos en la página 1. Total scrapeados hasta ahora: 0.
11-Jun-25 16:34:58 - INFO - No se cargaron nuevos elementos al hacer scroll en la página 1. Intento 3/25. Altura: 945
11-Jun-25 16:35:04 - INFO - Realizando scroll para cargar más trabajos en la página 1. Total scrapeados hasta ahora: 0.
11-Jun-25 16:35:14 - INFO - No se cargaron nuevos elementos al hacer scroll en la página 1. Intento 4/25. Altura: 945
11-Jun-25 16:35:19 - INFO - Realizando scroll para cargar más trabajos en la página 1. Total scrapeados hasta ahora: 0.
11-Jun-25 16:35:27 - INFO - No se cargaron nuevos elementos al hacer scroll en la página 1. Intento 5/25. Altura: 945
11-Jun-25 16:35:32 - INFO - Realizando scroll para cargar más trabajos en la página 1. Total scrapeados hasta ahora: 0.
11-Jun-25 16:35:40 - INFO - No se cargaron nuevos elementos al hacer scroll en la página 1. Intento 6/25. Altura: 945
11-Jun-25 16:35:45 - INFO - Realizando scroll para cargar más trabajos en la página 1. Total scrapeados hasta ahora: 0.
11-Jun-25 16:35:55 - INFO - No se cargaron nuevos elementos al hacer scroll en la página 1. Intento 7/25. Altura: 945
11-Jun-25 16:36:00 - INFO - Realizando scroll para cargar más trabajos en la página 1. Total scrapeados hasta ahora: 0.
11-Jun-25 16:36:08 - INFO - No se cargaron nuevos elementos al hacer scroll en la página 1. Intento 8/25. Altura: 945
11-Jun-25 16:36:13 - INFO - Realizando scroll para cargar más trabajos en la página 1. Total scrapeados hasta ahora: 0.
11-Jun-25 16:36:20 - INFO - No se cargaron nuevos elementos al hacer scroll en la página 1. Intento 9/25. Altura: 945
11-Jun-25 16:36:26 - INFO - Realizando scroll para cargar más trabajos en la página 1. Total scrapeados hasta ahora: 0.
11-Jun-25 16:36:34 - INFO - No se cargaron nuevos elementos al hacer scroll en la página 1. Intento 10/25. Altura: 945
11-Jun-25 16:36:39 - INFO - Realizando scroll para cargar más trabajos en la página 1. Total scrapeados hasta ahora: 0.
11-Jun-25 16:36:49 - INFO - No se cargaron nuevos elementos al hacer scroll en la página 1. Intento 11/25. Altura: 945
11-Jun-25 16:36:54 - INFO - Realizando scroll para cargar más trabajos en la página 1. Total scrapeados hasta ahora: 0.
11-Jun-25 16:37:02 - INFO - No se cargaron nuevos elementos al hacer scroll en la página 1. Intento 12/25. Altura: 945
11-Jun-25 16:37:07 - INFO - Realizando scroll para cargar más trabajos en la página 1. Total scrapeados hasta ahora: 0.
11-Jun-25 16:37:16 - INFO - No se cargaron nuevos elementos al hacer scroll en la página 1. Intento 13/25. Altura: 945
11-Jun-25 16:37:22 - INFO - Realizando scroll para cargar más trabajos en la página 1. Total scrapeados hasta ahora: 0.
11-Jun-25 16:37:30 - INFO - No se cargaron nuevos elementos al hacer scroll en la página 1. Intento 14/25. Altura: 945
11-Jun-25 16:37:35 - INFO - Realizando scroll para cargar más trabajos en la página 1. Total scrapeados hasta ahora: 0.
11-Jun-25 16:37:43 - INFO - No se cargaron nuevos elementos al hacer scroll en la página 1. Intento 15/25. Altura: 945
11-Jun-25 16:37:48 - INFO - Realizando scroll para cargar más trabajos en la página 1. Total scrapeados hasta ahora: 0.
11-Jun-25 16:37:57 - INFO - No se cargaron nuevos elementos al hacer scroll en la página 1. Intento 16/25. Altura: 945
11-Jun-25 16:38:02 - INFO - Realizando scroll para cargar más trabajos en la página 1. Total scrapeados hasta ahora: 0.
11-Jun-25 16:38:11 - INFO - No se cargaron nuevos elementos al hacer scroll en la página 1. Intento 17/25. Altura: 945
11-Jun-25 16:38:16 - INFO - Realizando scroll para cargar más trabajos en la página 1. Total scrapeados hasta ahora: 0.
11-Jun-25 16:38:24 - INFO - No se cargaron nuevos elementos al hacer scroll en la página 1. Intento 18/25. Altura: 945
11-Jun-25 16:38:30 - INFO - Realizando scroll para cargar más trabajos en la página 1. Total scrapeados hasta ahora: 0.
11-Jun-25 16:38:39 - INFO - No se cargaron nuevos elementos al hacer scroll en la página 1. Intento 19/25. Altura: 945
11-Jun-25 16:38:45 - INFO - Realizando scroll para cargar más trabajos en la página 1. Total scrapeados hasta ahora: 0.
11-Jun-25 16:38:52 - INFO - No se cargaron nuevos elementos al hacer scroll en la página 1. Intento 20/25. Altura: 945
11-Jun-25 16:38:57 - INFO - Realizando scroll para cargar más trabajos en la página 1. Total scrapeados hasta ahora: 0.
11-Jun-25 16:39:06 - INFO - No se cargaron nuevos elementos al hacer scroll en la página 1. Intento 21/25. Altura: 945
11-Jun-25 16:39:11 - INFO - Realizando scroll para cargar más trabajos en la página 1. Total scrapeados hasta ahora: 0.
11-Jun-25 16:39:20 - INFO - No se cargaron nuevos elementos al hacer scroll en la página 1. Intento 22/25. Altura: 945
11-Jun-25 16:39:26 - INFO - Realizando scroll para cargar más trabajos en la página 1. Total scrapeados hasta ahora: 0.
11-Jun-25 16:39:35 - INFO - No se cargaron nuevos elementos al hacer scroll en la página 1. Intento 23/25. Altura: 945
11-Jun-25 16:39:41 - INFO - Realizando scroll para cargar más trabajos en la página 1. Total scrapeados hasta ahora: 0.
11-Jun-25 16:39:49 - INFO - No se cargaron nuevos elementos al hacer scroll en la página 1. Intento 24/25. Altura: 945
11-Jun-25 16:39:54 - INFO - Realizando scroll para cargar más trabajos en la página 1. Total scrapeados hasta ahora: 0.
11-Jun-25 16:40:03 - INFO - No se cargaron nuevos elementos al hacer scroll en la página 1. Intento 25/25. Altura: 945
11-Jun-25 16:40:03 - INFO - Máximo de intentos de scroll sin nuevo contenido alcanzado en la página 1. Pasando a scrapear lo cargado.
11-Jun-25 16:40:33 - INFO - Encontradas 25 tarjetas de trabajos actualmente visibles y válidas en la página.
11-Jun-25 16:40:33 - INFO - Total de tarjetas de trabajo válidas visibles en la página 1 después de scrolls: 25
11-Jun-25 16:40:33 - INFO - Preparando para scrapear tarjeta de trabajo (ID: 4247328938).
11-Jun-25 16:40:33 - INFO - Haciendo clic en la tarjeta del trabajo (ID: 4247328938).
11-Jun-25 16:40:41 - INFO - Detalles del trabajo en el panel lateral cargados exitosamente.
11-Jun-25 16:40:45 - INFO - Trabajo extraído exitosamente: Data Engineer - Remoto en Stefanini LATAM (ID: 4247328938)
11-Jun-25 16:40:48 - INFO - Preparando para scrapear tarjeta de trabajo (ID: 4246333057).
11-Jun-25 16:40:48 - INFO - Haciendo clic en la tarjeta del trabajo (ID: 4246333057).
11-Jun-25 16:40:57 - INFO - Detalles del trabajo en el panel lateral cargados exitosamente.
11-Jun-25 16:41:03 - INFO - Trabajo extraído exitosamente: Data Engineer en Axon (ID: 4246333057)
11-Jun-25 16:41:06 - INFO - Preparando para scrapear tarjeta de trabajo (ID: 4246059931).
11-Jun-25 16:41:06 - INFO - Haciendo clic en la tarjeta del trabajo (ID: 4246059931).
11-Jun-25 16:41:13 - INFO - Detalles del trabajo en el panel lateral cargados exitosamente.
11-Jun-25 16:41:19 - INFO - Trabajo extraído exitosamente: Data Engineer - Customer Data Platform (CDP) en RED Global (ID: 4246059931)
11-Jun-25 16:41:21 - INFO - Preparando para scrapear tarjeta de trabajo (ID: 4246004338).
11-Jun-25 16:41:21 - INFO - Haciendo clic en la tarjeta del trabajo (ID: 4246004338).
11-Jun-25 16:41:29 - INFO - Detalles del trabajo en el panel lateral cargados exitosamente.
11-Jun-25 16:41:34 - INFO - Trabajo extraído exitosamente: Data Engineer en HCLTech (ID: 4246004338)
11-Jun-25 16:41:37 - INFO - Preparando para scrapear tarjeta de trabajo (ID: 4242769980).
11-Jun-25 16:41:38 - INFO - Haciendo clic en la tarjeta del trabajo (ID: 4242769980).
11-Jun-25 16:41:45 - INFO - Detalles del trabajo en el panel lateral cargados exitosamente.
11-Jun-25 16:41:50 - INFO - Trabajo extraído exitosamente: Data Engineer en Nextar (ID: 4242769980)
11-Jun-25 16:41:53 - INFO - Preparando para scrapear tarjeta de trabajo (ID: 4249090728).
11-Jun-25 16:41:53 - INFO - Haciendo clic en la tarjeta del trabajo (ID: 4249090728).
11-Jun-25 16:42:03 - INFO - Detalles del trabajo en el panel lateral cargados exitosamente.
11-Jun-25 16:42:07 - INFO - Trabajo extraído exitosamente: Data Engineer (mid-level) en CareCentrix (ID: 4249090728)
11-Jun-25 16:42:10 - INFO - Preparando para scrapear tarjeta de trabajo (ID: 4248683290).
11-Jun-25 16:42:10 - INFO - Haciendo clic en la tarjeta del trabajo (ID: 4248683290).
11-Jun-25 16:42:17 - INFO - Detalles del trabajo en el panel lateral cargados exitosamente.
11-Jun-25 16:42:23 - WARNING - No se encontró el nombre de la empresa para ID 4248683290.
11-Jun-25 16:42:23 - INFO - Trabajo extraído exitosamente: Data Engineer en  (ID: 4248683290)
11-Jun-25 16:42:26 - INFO - Preparando para scrapear tarjeta de trabajo (ID: 4247319005).
11-Jun-25 16:42:26 - INFO - Haciendo clic en la tarjeta del trabajo (ID: 4247319005).
11-Jun-25 16:42:35 - INFO - Detalles del trabajo en el panel lateral cargados exitosamente.
11-Jun-25 16:42:39 - INFO - Trabajo extraído exitosamente: Senior Data Engineer en GBH (ID: 4247319005)
11-Jun-25 16:42:42 - INFO - Preparando para scrapear tarjeta de trabajo (ID: 4249078988).
11-Jun-25 16:42:43 - INFO - Haciendo clic en la tarjeta del trabajo (ID: 4249078988).
11-Jun-25 16:42:49 - INFO - Detalles del trabajo en el panel lateral cargados exitosamente.
11-Jun-25 16:42:54 - INFO - Trabajo extraído exitosamente: Senior Data Engineer - PowerBI en Altia (ID: 4249078988)
11-Jun-25 16:42:58 - INFO - Preparando para scrapear tarjeta de trabajo (ID: 4249274298).
11-Jun-25 16:42:58 - INFO - Haciendo clic en la tarjeta del trabajo (ID: 4249274298).
11-Jun-25 16:43:07 - INFO - Detalles del trabajo en el panel lateral cargados exitosamente.
11-Jun-25 16:43:12 - INFO - Trabajo extraído exitosamente: Senior Data Engineer en AllCloud (ID: 4249274298)
11-Jun-25 16:43:15 - INFO - Preparando para scrapear tarjeta de trabajo (ID: 4247146002).
11-Jun-25 16:43:15 - INFO - Haciendo clic en la tarjeta del trabajo (ID: 4247146002).
11-Jun-25 16:43:23 - INFO - Detalles del trabajo en el panel lateral cargados exitosamente.
11-Jun-25 16:43:29 - INFO - Trabajo extraído exitosamente: Data Engineer en La Fosse (ID: 4247146002)
11-Jun-25 16:43:32 - INFO - Preparando para scrapear tarjeta de trabajo (ID: 4247308059).
11-Jun-25 16:43:32 - INFO - Haciendo clic en la tarjeta del trabajo (ID: 4247308059).
11-Jun-25 16:43:39 - INFO - Detalles del trabajo en el panel lateral cargados exitosamente.
11-Jun-25 16:43:44 - INFO - Trabajo extraído exitosamente: Junior Data Migration Engineer-3-6 Months Contract-Remote opportunity-Direct Customer en Accion Labs (ID: 4247308059)
11-Jun-25 16:43:46 - INFO - Preparando para scrapear tarjeta de trabajo (ID: 4247308120).
11-Jun-25 16:43:46 - INFO - Haciendo clic en la tarjeta del trabajo (ID: 4247308120).
11-Jun-25 16:43:53 - INFO - Detalles del trabajo en el panel lateral cargados exitosamente.
11-Jun-25 16:43:58 - INFO - Trabajo extraído exitosamente: Senior Data Engineer en Zonda (ID: 4247308120)
11-Jun-25 16:44:01 - INFO - Preparando para scrapear tarjeta de trabajo (ID: 4248333456).
11-Jun-25 16:44:01 - INFO - Haciendo clic en la tarjeta del trabajo (ID: 4248333456).
11-Jun-25 16:44:08 - INFO - Detalles del trabajo en el panel lateral cargados exitosamente.
11-Jun-25 16:44:13 - INFO - Trabajo extraído exitosamente: Software & Data Engineer en Pinnacle Technology Partners (ID: 4248333456)
11-Jun-25 16:44:16 - INFO - Preparando para scrapear tarjeta de trabajo (ID: 4236817872).
11-Jun-25 16:44:17 - INFO - Haciendo clic en la tarjeta del trabajo (ID: 4236817872).
11-Jun-25 16:44:26 - INFO - Detalles del trabajo en el panel lateral cargados exitosamente.
11-Jun-25 16:44:30 - INFO - Trabajo extraído exitosamente: GCP Data engineer en RandomTrees (ID: 4236817872)
11-Jun-25 16:44:34 - INFO - Preparando para scrapear tarjeta de trabajo (ID: 4249034918).
11-Jun-25 16:44:34 - INFO - Haciendo clic en la tarjeta del trabajo (ID: 4249034918).
11-Jun-25 16:44:43 - INFO - Detalles del trabajo en el panel lateral cargados exitosamente.
11-Jun-25 16:44:49 - INFO - Trabajo extraído exitosamente: Power BI Engineer (Remote) en Lensa (ID: 4249034918)
11-Jun-25 16:44:52 - INFO - Preparando para scrapear tarjeta de trabajo (ID: 4247333780).
11-Jun-25 16:44:52 - INFO - Haciendo clic en la tarjeta del trabajo (ID: 4247333780).
11-Jun-25 16:45:01 - INFO - Detalles del trabajo en el panel lateral cargados exitosamente.
11-Jun-25 16:45:07 - INFO - Trabajo extraído exitosamente: Azure Data Engineer en techolution (ID: 4247333780)
11-Jun-25 16:45:10 - INFO - Preparando para scrapear tarjeta de trabajo (ID: 4249229565).
11-Jun-25 16:45:10 - INFO - Haciendo clic en la tarjeta del trabajo (ID: 4249229565).
11-Jun-25 16:45:18 - INFO - Detalles del trabajo en el panel lateral cargados exitosamente.
11-Jun-25 16:45:22 - INFO - Trabajo extraído exitosamente: Data Engineer (Analytics Engineer) en LaTeam Partners (ID: 4249229565)
11-Jun-25 16:45:26 - INFO - Preparando para scrapear tarjeta de trabajo (ID: 4247100129).
11-Jun-25 16:45:26 - INFO - Haciendo clic en la tarjeta del trabajo (ID: 4247100129).
11-Jun-25 16:45:33 - INFO - Detalles del trabajo en el panel lateral cargados exitosamente.
11-Jun-25 16:45:37 - INFO - Trabajo extraído exitosamente: Senior Azure Data Engineer - Remote en Datatech Analytics (ID: 4247100129)
11-Jun-25 16:45:41 - INFO - Preparando para scrapear tarjeta de trabajo (ID: 4247318831).
11-Jun-25 16:45:41 - INFO - Haciendo clic en la tarjeta del trabajo (ID: 4247318831).
11-Jun-25 16:45:48 - INFO - Detalles del trabajo en el panel lateral cargados exitosamente.
11-Jun-25 16:45:52 - INFO - Trabajo extraído exitosamente: Data Engineer en RPI AI LAB (ID: 4247318831)
11-Jun-25 16:45:55 - INFO - Preparando para scrapear tarjeta de trabajo (ID: 4249228362).
11-Jun-25 16:45:55 - INFO - Haciendo clic en la tarjeta del trabajo (ID: 4249228362).
11-Jun-25 16:46:01 - INFO - Detalles del trabajo en el panel lateral cargados exitosamente.
11-Jun-25 16:46:07 - INFO - Trabajo extraído exitosamente: Data Engineer en Wiraa (ID: 4249228362)
11-Jun-25 16:46:10 - INFO - Preparando para scrapear tarjeta de trabajo (ID: 4248361376).
11-Jun-25 16:46:10 - INFO - Haciendo clic en la tarjeta del trabajo (ID: 4248361376).
11-Jun-25 16:46:17 - INFO - Detalles del trabajo en el panel lateral cargados exitosamente.
11-Jun-25 16:46:23 - INFO - Trabajo extraído exitosamente: Senior Data Engineer en Shout! Studios (ID: 4248361376)
11-Jun-25 16:46:26 - INFO - Preparando para scrapear tarjeta de trabajo (ID: 4247339421).
11-Jun-25 16:46:26 - INFO - Haciendo clic en la tarjeta del trabajo (ID: 4247339421).
11-Jun-25 16:46:35 - INFO - Detalles del trabajo en el panel lateral cargados exitosamente.
11-Jun-25 16:46:40 - INFO - Trabajo extraído exitosamente: Data Engineer en Insight Global (ID: 4247339421)
11-Jun-25 16:46:43 - INFO - Preparando para scrapear tarjeta de trabajo (ID: 4249095519).
11-Jun-25 16:46:43 - INFO - Haciendo clic en la tarjeta del trabajo (ID: 4249095519).
11-Jun-25 16:46:50 - INFO - Detalles del trabajo en el panel lateral cargados exitosamente.
11-Jun-25 16:46:55 - INFO - Trabajo extraído exitosamente: Senior Data Engineer en Opply (ID: 4249095519)
11-Jun-25 16:46:58 - INFO - Preparando para scrapear tarjeta de trabajo (ID: 4249079446).
11-Jun-25 16:46:58 - INFO - Haciendo clic en la tarjeta del trabajo (ID: 4249079446).
11-Jun-25 16:47:07 - INFO - Detalles del trabajo en el panel lateral cargados exitosamente.
11-Jun-25 16:47:13 - INFO - Trabajo extraído exitosamente: Senior Data Engineer en Gravity IT Resources (ID: 4249079446)
11-Jun-25 16:47:16 - INFO - Intentando pasar a la página 2...
11-Jun-25 16:47:32 - INFO - No se encontró el botón de la página 2 o 'Siguiente' en el tiempo esperado. Posiblemente hemos llegado a la última página de resultados para esta búsqueda.
11-Jun-25 16:47:32 - INFO - Scraping completado para 'Data%20Engineer'. Total de trabajos extraídos: 25.
11-Jun-25 16:47:32 - INFO - Iniciando búsqueda para: Keyword='Python%20Developer', Ubicación='Spain', Remoto='true', Publicado='r86400'
11-Jun-25 16:47:32 - INFO - Navegando a la URL de búsqueda inicial: https://www.linkedin.com/jobs/search/?f_TPR=r86400&f_WRA=true&geoId=92000000&keywords=Python%20Developer&location=Spain&start=0
11-Jun-25 16:47:45 - INFO - Lista de resultados de búsqueda inicial encontrada y visible.
11-Jun-25 16:47:59 - ERROR - WebDriverException capturada durante la búsqueda de 'Python%20Developer': Message: move target out of bounds
  (Session info: chrome=137.0.7151.69)
Stacktrace:
	GetHandleVerifier [0x0x7ff608cefea5+79173]
	GetHandleVerifier [0x0x7ff608ceff00+79264]
	(No symbol) [0x0x7ff608aa9c8c]
	(No symbol) [0x0x7ff608b5c36f]
	(No symbol) [0x0x7ff608b2896a]
	(No symbol) [0x0x7ff608b5100d]
	(No symbol) [0x0x7ff608b28743]
	(No symbol) [0x0x7ff608af14c1]
	(No symbol) [0x0x7ff608af2253]
	GetHandleVerifier [0x0x7ff608fba2dd+3004797]
	GetHandleVerifier [0x0x7ff608fb472d+2981325]
	GetHandleVerifier [0x0x7ff608fd3380+3107360]
	GetHandleVerifier [0x0x7ff608d0aa2e+188622]
	GetHandleVerifier [0x0x7ff608d122bf+219487]
	GetHandleVerifier [0x0x7ff608cf8df4+115860]
	GetHandleVerifier [0x0x7ff608cf8fa9+116297]
	GetHandleVerifier [0x0x7ff608cdf558+11256]
	BaseThreadInitThunk [0x0x7ffc82a3257d+29]
	RtlUserThreadStart [0x0x7ffc842caf08+40]
. Re-conectando el navegador.
11-Jun-25 16:48:03 - INFO - LOGUEANDOME A LINKEDIN COMO wegoda2685@adrewire.com...
11-Jun-25 16:48:17 - INFO - Login completado.
11-Jun-25 16:48:26 - INFO - Navegación exitosa a la página principal después del login.
11-Jun-25 16:48:39 - INFO - Iniciando búsqueda para: Keyword='Scrum%20Master', Ubicación='Spain', Remoto='true', Publicado='r86400'
11-Jun-25 16:48:39 - INFO - Navegando a la URL de búsqueda inicial: https://www.linkedin.com/jobs/search/?f_TPR=r86400&f_WRA=true&geoId=92000000&keywords=Scrum%20Master&location=Spain&start=0
11-Jun-25 16:48:52 - INFO - Lista de resultados de búsqueda inicial encontrada y visible.
11-Jun-25 16:48:59 - WARNING - No se pudo obtener el conteo de resultados inicial. Continuando sin él.
11-Jun-25 16:48:59 - INFO - Iniciando scraping para 'Scrum%20Master' en 'Spain' (0 resultados totales esperados)...
11-Jun-25 16:48:59 - INFO - --- Procesando Página 1 de un máximo de 5 ---
11-Jun-25 16:48:59 - INFO - Realizando scroll para cargar más trabajos en la página 1. Total scrapeados hasta ahora: 0.
11-Jun-25 16:49:08 - INFO - No se cargaron nuevos elementos al hacer scroll en la página 1. Intento 1/25. Altura: 985
11-Jun-25 16:49:14 - INFO - Realizando scroll para cargar más trabajos en la página 1. Total scrapeados hasta ahora: 0.
11-Jun-25 16:49:24 - INFO - No se cargaron nuevos elementos al hacer scroll en la página 1. Intento 2/25. Altura: 985
11-Jun-25 16:49:29 - INFO - Realizando scroll para cargar más trabajos en la página 1. Total scrapeados hasta ahora: 0.
11-Jun-25 16:49:37 - INFO - No se cargaron nuevos elementos al hacer scroll en la página 1. Intento 3/25. Altura: 985
11-Jun-25 16:49:42 - INFO - Realizando scroll para cargar más trabajos en la página 1. Total scrapeados hasta ahora: 0.
11-Jun-25 16:49:51 - INFO - No se cargaron nuevos elementos al hacer scroll en la página 1. Intento 4/25. Altura: 985
11-Jun-25 16:49:57 - INFO - Realizando scroll para cargar más trabajos en la página 1. Total scrapeados hasta ahora: 0.
11-Jun-25 16:50:05 - INFO - No se cargaron nuevos elementos al hacer scroll en la página 1. Intento 5/25. Altura: 985
11-Jun-25 16:50:10 - INFO - Realizando scroll para cargar más trabajos en la página 1. Total scrapeados hasta ahora: 0.
11-Jun-25 16:50:19 - INFO - No se cargaron nuevos elementos al hacer scroll en la página 1. Intento 6/25. Altura: 985
11-Jun-25 16:50:24 - INFO - Realizando scroll para cargar más trabajos en la página 1. Total scrapeados hasta ahora: 0.
11-Jun-25 16:50:33 - INFO - No se cargaron nuevos elementos al hacer scroll en la página 1. Intento 7/25. Altura: 985
11-Jun-25 16:50:39 - INFO - Realizando scroll para cargar más trabajos en la página 1. Total scrapeados hasta ahora: 0.
11-Jun-25 16:50:49 - INFO - No se cargaron nuevos elementos al hacer scroll en la página 1. Intento 8/25. Altura: 985
11-Jun-25 16:50:54 - INFO - Realizando scroll para cargar más trabajos en la página 1. Total scrapeados hasta ahora: 0.
11-Jun-25 16:51:02 - INFO - No se cargaron nuevos elementos al hacer scroll en la página 1. Intento 9/25. Altura: 985
11-Jun-25 16:51:07 - INFO - Realizando scroll para cargar más trabajos en la página 1. Total scrapeados hasta ahora: 0.
11-Jun-25 16:51:17 - INFO - No se cargaron nuevos elementos al hacer scroll en la página 1. Intento 10/25. Altura: 985
11-Jun-25 16:51:22 - INFO - Realizando scroll para cargar más trabajos en la página 1. Total scrapeados hasta ahora: 0.
11-Jun-25 16:51:30 - INFO - No se cargaron nuevos elementos al hacer scroll en la página 1. Intento 11/25. Altura: 985
11-Jun-25 16:51:36 - INFO - Realizando scroll para cargar más trabajos en la página 1. Total scrapeados hasta ahora: 0.
11-Jun-25 16:51:44 - INFO - No se cargaron nuevos elementos al hacer scroll en la página 1. Intento 12/25. Altura: 985
11-Jun-25 16:51:49 - INFO - Realizando scroll para cargar más trabajos en la página 1. Total scrapeados hasta ahora: 0.
11-Jun-25 16:51:59 - INFO - No se cargaron nuevos elementos al hacer scroll en la página 1. Intento 13/25. Altura: 985
11-Jun-25 16:52:05 - INFO - Realizando scroll para cargar más trabajos en la página 1. Total scrapeados hasta ahora: 0.
11-Jun-25 16:52:14 - INFO - No se cargaron nuevos elementos al hacer scroll en la página 1. Intento 14/25. Altura: 985
11-Jun-25 16:52:19 - INFO - Realizando scroll para cargar más trabajos en la página 1. Total scrapeados hasta ahora: 0.
11-Jun-25 16:52:28 - INFO - No se cargaron nuevos elementos al hacer scroll en la página 1. Intento 15/25. Altura: 985
11-Jun-25 16:52:34 - INFO - Realizando scroll para cargar más trabajos en la página 1. Total scrapeados hasta ahora: 0.
11-Jun-25 16:52:43 - INFO - No se cargaron nuevos elementos al hacer scroll en la página 1. Intento 16/25. Altura: 985
11-Jun-25 16:52:48 - INFO - Realizando scroll para cargar más trabajos en la página 1. Total scrapeados hasta ahora: 0.
11-Jun-25 16:52:56 - INFO - No se cargaron nuevos elementos al hacer scroll en la página 1. Intento 17/25. Altura: 985
11-Jun-25 16:53:01 - INFO - Realizando scroll para cargar más trabajos en la página 1. Total scrapeados hasta ahora: 0.
11-Jun-25 16:53:09 - ERROR - WebDriverException capturada durante la búsqueda de 'Scrum%20Master': Message: invalid session id: session deleted as the browser has closed the connection
from disconnected: not connected to DevTools
  (Session info: chrome=137.0.7151.69)
Stacktrace:
	GetHandleVerifier [0x0x7ff608cefea5+79173]
	GetHandleVerifier [0x0x7ff608ceff00+79264]
	(No symbol) [0x0x7ff608aa9e5a]
	(No symbol) [0x0x7ff608a95c25]
	(No symbol) [0x0x7ff608abac44]
	(No symbol) [0x0x7ff608b303c5]
	(No symbol) [0x0x7ff608b50922]
	(No symbol) [0x0x7ff608b28743]
	(No symbol) [0x0x7ff608af14c1]
	(No symbol) [0x0x7ff608af2253]
	GetHandleVerifier [0x0x7ff608fba2dd+3004797]
	GetHandleVerifier [0x0x7ff608fb472d+2981325]
	GetHandleVerifier [0x0x7ff608fd3380+3107360]
	GetHandleVerifier [0x0x7ff608d0aa2e+188622]
	GetHandleVerifier [0x0x7ff608d122bf+219487]
	GetHandleVerifier [0x0x7ff608cf8df4+115860]
	GetHandleVerifier [0x0x7ff608cf8fa9+116297]
	GetHandleVerifier [0x0x7ff608cdf558+11256]
	BaseThreadInitThunk [0x0x7ffc82a3257d+29]
	RtlUserThreadStart [0x0x7ffc842caf08+40]
. Re-conectando el navegador.
11-Jun-25 16:53:13 - INFO - LOGUEANDOME A LINKEDIN COMO wegoda2685@adrewire.com...
11-Jun-25 16:53:25 - ERROR - No se encontró el formulario de login o falló el clic.
11-Jun-25 16:53:25 - ERROR - Message: invalid session id: session deleted as the browser has closed the connection
from disconnected: not connected to DevTools
  (Session info: chrome=137.0.7151.69)
Stacktrace:
	GetHandleVerifier [0x0x7ff608cefea5+79173]
	GetHandleVerifier [0x0x7ff608ceff00+79264]
	(No symbol) [0x0x7ff608aa9e5a]
	(No symbol) [0x0x7ff608a95c25]
	(No symbol) [0x0x7ff608abac44]
	(No symbol) [0x0x7ff608b303c5]
	(No symbol) [0x0x7ff608b50922]
	(No symbol) [0x0x7ff608b28743]
	(No symbol) [0x0x7ff608af14c1]
	(No symbol) [0x0x7ff608af2253]
	GetHandleVerifier [0x0x7ff608fba2dd+3004797]
	GetHandleVerifier [0x0x7ff608fb472d+2981325]
	GetHandleVerifier [0x0x7ff608fd3380+3107360]
	GetHandleVerifier [0x0x7ff608d0aa2e+188622]
	GetHandleVerifier [0x0x7ff608d122bf+219487]
	GetHandleVerifier [0x0x7ff608cf8df4+115860]
	GetHandleVerifier [0x0x7ff608cf8fa9+116297]
	GetHandleVerifier [0x0x7ff608cdf558+11256]
	BaseThreadInitThunk [0x0x7ffc82a3257d+29]
	RtlUserThreadStart [0x0x7ffc842caf08+40]

11-Jun-25 16:53:25 - CRITICAL - Error crítico en el script principal: Message: invalid session id: session deleted as the browser has closed the connection
from disconnected: not connected to DevTools
  (Session info: chrome=137.0.7151.69)
Stacktrace:
	GetHandleVerifier [0x0x7ff608cefea5+79173]
	GetHandleVerifier [0x0x7ff608ceff00+79264]
	(No symbol) [0x0x7ff608aa9e5a]
	(No symbol) [0x0x7ff608a95c25]
	(No symbol) [0x0x7ff608abac44]
	(No symbol) [0x0x7ff608b303c5]
	(No symbol) [0x0x7ff608b50922]
	(No symbol) [0x0x7ff608b28743]
	(No symbol) [0x0x7ff608af14c1]
	(No symbol) [0x0x7ff608af2253]
	GetHandleVerifier [0x0x7ff608fba2dd+3004797]
	GetHandleVerifier [0x0x7ff608fb472d+2981325]
	GetHandleVerifier [0x0x7ff608fd3380+3107360]
	GetHandleVerifier [0x0x7ff608d0aa2e+188622]
	GetHandleVerifier [0x0x7ff608d122bf+219487]
	GetHandleVerifier [0x0x7ff608cf8df4+115860]
	GetHandleVerifier [0x0x7ff608cf8fa9+116297]
	GetHandleVerifier [0x0x7ff608cdf558+11256]
	BaseThreadInitThunk [0x0x7ffc82a3257d+29]
	RtlUserThreadStart [0x0x7ffc842caf08+40]

11-Jun-25 16:53:25 - INFO - Cerrando el navegador.
11-Jun-25 16:53:29 - WARNING - Retrying (Retry(total=2, connect=None, read=None, redirect=None, status=None)) after connection broken by 'NewConnectionError('<urllib3.connection.HTTPConnection object at 0x000001EBD67C17F0>: Failed to establish a new connection: [WinError 10061] No se puede establecer una conexión ya que el equipo de destino denegó expresamente dicha conexión')': /session/a15514680b16e9d1760e1d3ea39c60bb
11-Jun-25 16:53:33 - WARNING - Retrying (Retry(total=1, connect=None, read=None, redirect=None, status=None)) after connection broken by 'NewConnectionError('<urllib3.connection.HTTPConnection object at 0x000001EBD67C2210>: Failed to establish a new connection: [WinError 10061] No se puede establecer una conexión ya que el equipo de destino denegó expresamente dicha conexión')': /session/a15514680b16e9d1760e1d3ea39c60bb
11-Jun-25 16:53:37 - WARNING - Retrying (Retry(total=0, connect=None, read=None, redirect=None, status=None)) after connection broken by 'NewConnectionError('<urllib3.connection.HTTPConnection object at 0x000001EBD67C2F30>: Failed to establish a new connection: [WinError 10061] No se puede establecer una conexión ya que el equipo de destino denegó expresamente dicha conexión')': /session/a15514680b16e9d1760e1d3ea39c60bb
11-Jun-25 16:53:41 - INFO - Proceso completado.
