11-Jun-25 16:53:46 - INFO - Log file log\11-Jun-25_16-53-46.log created
11-Jun-25 16:53:46 - INFO - output/11-Jun-25_linkedin_jobs.csv borrado
11-Jun-25 16:53:46 - INFO - output/11-Jun-25_linkedin_jobs.csv Creado
11-Jun-25 16:53:47 - INFO - LOGUEANDOME A LINKEDIN COMO wegoda2685@adrewire.com...
11-Jun-25 16:53:57 - ERROR - No se encontró el formulario de login o falló el clic.
11-Jun-25 16:53:57 - ERROR - Message: invalid session id: session deleted as the browser has closed the connection
from disconnected: not connected to DevTools
  (Session info: chrome=137.0.7151.69)
Stacktrace:
	GetHandleVerifier [0x0x7ff608cefea5+79173]
	GetHandleVerifier [0x0x7ff608ceff00+79264]
	(No symbol) [0x0x7ff608aa9e5a]
	(No symbol) [0x0x7ff608a95c25]
	(No symbol) [0x0x7ff608abac44]
	(No symbol) [0x0x7ff608b303c5]
	(No symbol) [0x0x7ff608b50922]
	(No symbol) [0x0x7ff608b28743]
	(No symbol) [0x0x7ff608af14c1]
	(No symbol) [0x0x7ff608af2253]
	GetHandleVerifier [0x0x7ff608fba2dd+3004797]
	GetHandleVerifier [0x0x7ff608fb472d+2981325]
	GetHandleVerifier [0x0x7ff608fd3380+3107360]
	GetHandleVerifier [0x0x7ff608d0aa2e+188622]
	GetHandleVerifier [0x0x7ff608d122bf+219487]
	GetHandleVerifier [0x0x7ff608cf8df4+115860]
	GetHandleVerifier [0x0x7ff608cf8fa9+116297]
	GetHandleVerifier [0x0x7ff608cdf558+11256]
	BaseThreadInitThunk [0x0x7ffc82a3257d+29]
	RtlUserThreadStart [0x0x7ffc842caf08+40]

11-Jun-25 16:53:57 - CRITICAL - Error crítico en el script principal: Message: invalid session id: session deleted as the browser has closed the connection
from disconnected: not connected to DevTools
  (Session info: chrome=137.0.7151.69)
Stacktrace:
	GetHandleVerifier [0x0x7ff608cefea5+79173]
	GetHandleVerifier [0x0x7ff608ceff00+79264]
	(No symbol) [0x0x7ff608aa9e5a]
	(No symbol) [0x0x7ff608a95c25]
	(No symbol) [0x0x7ff608abac44]
	(No symbol) [0x0x7ff608b303c5]
	(No symbol) [0x0x7ff608b50922]
	(No symbol) [0x0x7ff608b28743]
	(No symbol) [0x0x7ff608af14c1]
	(No symbol) [0x0x7ff608af2253]
	GetHandleVerifier [0x0x7ff608fba2dd+3004797]
	GetHandleVerifier [0x0x7ff608fb472d+2981325]
	GetHandleVerifier [0x0x7ff608fd3380+3107360]
	GetHandleVerifier [0x0x7ff608d0aa2e+188622]
	GetHandleVerifier [0x0x7ff608d122bf+219487]
	GetHandleVerifier [0x0x7ff608cf8df4+115860]
	GetHandleVerifier [0x0x7ff608cf8fa9+116297]
	GetHandleVerifier [0x0x7ff608cdf558+11256]
	BaseThreadInitThunk [0x0x7ffc82a3257d+29]
	RtlUserThreadStart [0x0x7ffc842caf08+40]

11-Jun-25 16:53:57 - INFO - Proceso completado.
