11-Jun-25 17:11:49 - INFO - Log file log\11-Jun-25_17-11-49.log created
11-Jun-25 17:11:49 - INFO - output/11-Jun-25_linkedin_jobs.csv borrado
11-Jun-25 17:11:49 - INFO - output/11-Jun-25_linkedin_jobs.csv Creado
11-Jun-25 17:11:51 - INFO - LOGUEANDOME A LINKEDIN COMO wegoda2685@adrewire.com...
11-Jun-25 17:12:13 - INFO - Login completado.
11-Jun-25 17:12:13 - INFO - Navegación exitosa a la página principal después del login.
11-Jun-25 17:12:28 - INFO - Iniciando búsqueda para: Keyword='Data%20Scientist', Ubicación='Spain', Remoto='true', Publicado='r86400'
11-Jun-25 17:12:28 - INFO - Navegando a la URL de búsqueda inicial: https://www.linkedin.com/jobs/search/?f_TPR=r86400&f_WRA=true&geoId=92000000&keywords=Data%20Scientist&location=Spain&start=0
11-Jun-25 17:12:44 - INFO - URL actual después de la navegación: https://www.linkedin.com/jobs/search/?currentJobId=4249085755&f_TPR=r86400&f_WT=2&geoId=92000000&keywords=Data%20Scientist&location=Spain
11-Jun-25 17:12:44 - INFO - Lista de resultados de búsqueda inicial encontrada y visible.
11-Jun-25 17:12:48 - WARNING - No se pudo obtener el conteo de resultados inicial. Intentando selectores alternativos o asumiendo un conteo bajo.
11-Jun-25 17:12:48 - WARNING - No se pudo obtener el conteo de resultados con selectores alternativos. Asumiendo 0 para continuar.
11-Jun-25 17:12:48 - INFO - Iniciando scraping para 'Data%20Scientist' en 'Spain' (0 resultados totales esperados)...
11-Jun-25 17:12:48 - INFO - --- Procesando Página 1 de un máximo de 3 ---
11-Jun-25 17:12:58 - INFO - Encontradas 25 tarjetas de trabajos actualmente visibles y válidas en la página.
11-Jun-25 17:12:58 - INFO - Total de tarjetas de trabajo válidas visibles en la página 1: 25
11-Jun-25 17:12:58 - INFO - Preparando para scrapear tarjeta de trabajo (ID: 4249085755).
11-Jun-25 17:12:58 - INFO - Haciendo clic en la tarjeta del trabajo (ID: 4249085755).
11-Jun-25 17:13:05 - INFO - Detalles del trabajo en el panel lateral cargados exitosamente.
11-Jun-25 17:13:11 - INFO - Trabajo extraído exitosamente: Data Scientist with ML en AllianceIT Inc (ID: 4249085755)
11-Jun-25 17:13:14 - INFO - Preparando para scrapear tarjeta de trabajo (ID: 4247348554).
11-Jun-25 17:13:15 - INFO - Haciendo clic en la tarjeta del trabajo (ID: 4247348554).
11-Jun-25 17:13:24 - INFO - Detalles del trabajo en el panel lateral cargados exitosamente.
11-Jun-25 17:13:29 - INFO - Trabajo extraído exitosamente: Data Scientist en Holcim ADC (ID: 4247348554)
11-Jun-25 17:13:32 - INFO - Preparando para scrapear tarjeta de trabajo (ID: 4231868796).
11-Jun-25 17:13:32 - INFO - Haciendo clic en la tarjeta del trabajo (ID: 4231868796).
11-Jun-25 17:13:41 - INFO - Detalles del trabajo en el panel lateral cargados exitosamente.
11-Jun-25 17:13:45 - INFO - Trabajo extraído exitosamente: Data Scientist (L5) - Customer Service en Netflix (ID: 4231868796)
11-Jun-25 17:13:48 - INFO - Preparando para scrapear tarjeta de trabajo (ID: 4247198398).
11-Jun-25 17:13:48 - INFO - Haciendo clic en la tarjeta del trabajo (ID: 4247198398).
11-Jun-25 17:13:55 - INFO - Detalles del trabajo en el panel lateral cargados exitosamente.
11-Jun-25 17:14:00 - INFO - Trabajo extraído exitosamente: Senior Data Scientist en Travel + Leisure Co. (ID: 4247198398)
11-Jun-25 17:14:03 - INFO - Preparando para scrapear tarjeta de trabajo (ID: 4237698064).
11-Jun-25 17:14:03 - INFO - Haciendo clic en la tarjeta del trabajo (ID: 4237698064).
11-Jun-25 17:14:10 - INFO - Detalles del trabajo en el panel lateral cargados exitosamente.
11-Jun-25 17:14:16 - INFO - Trabajo extraído exitosamente: Lead Data Scientist en Candid (ID: 4237698064)
11-Jun-25 17:14:18 - INFO - Preparando para scrapear tarjeta de trabajo (ID: 4247334073).
11-Jun-25 17:14:18 - INFO - Haciendo clic en la tarjeta del trabajo (ID: 4247334073).
11-Jun-25 17:14:25 - INFO - Detalles del trabajo en el panel lateral cargados exitosamente.
11-Jun-25 17:14:29 - INFO - Trabajo extraído exitosamente: Staff Data Scientist en Capital Rx (ID: 4247334073)
11-Jun-25 17:14:32 - INFO - Preparando para scrapear tarjeta de trabajo (ID: 4247140467).
11-Jun-25 17:14:32 - INFO - Haciendo clic en la tarjeta del trabajo (ID: 4247140467).
11-Jun-25 17:14:39 - INFO - Detalles del trabajo en el panel lateral cargados exitosamente.
11-Jun-25 17:14:45 - INFO - Trabajo extraído exitosamente: Data Scientist / Analytical Analyst en Ambition (ID: 4247140467)
11-Jun-25 17:14:48 - INFO - Preparando para scrapear tarjeta de trabajo (ID: 4249040829).
11-Jun-25 17:14:48 - WARNING - No se pudo obtener job_id o URL de la tarjeta antes del clic: Message: no such element: Unable to locate element: {"method":"css selector","selector":"a[href*='/jobs/view/']"}
  (Session info: chrome=137.0.7151.69); For documentation on this error, please visit: https://www.selenium.dev/documentation/webdriver/troubleshooting/errors#no-such-element-exception
Stacktrace:
	GetHandleVerifier [0x0x7ff608cefea5+79173]
	GetHandleVerifier [0x0x7ff608ceff00+79264]
	(No symbol) [0x0x7ff608aa9e5a]
	(No symbol) [0x0x7ff608b00586]
	(No symbol) [0x0x7ff608b0083c]
	(No symbol) [0x0x7ff608af2e4c]
	(No symbol) [0x0x7ff608b289af]
	(No symbol) [0x0x7ff608af2d16]
	(No symbol) [0x0x7ff608b28b80]
	(No symbol) [0x0x7ff608b5100d]
	(No symbol) [0x0x7ff608b28743]
	(No symbol) [0x0x7ff608af14c1]
	(No symbol) [0x0x7ff608af2253]
	GetHandleVerifier [0x0x7ff608fba2dd+3004797]
	GetHandleVerifier [0x0x7ff608fb472d+2981325]
	GetHandleVerifier [0x0x7ff608fd3380+3107360]
	GetHandleVerifier [0x0x7ff608d0aa2e+188622]
	GetHandleVerifier [0x0x7ff608d122bf+219487]
	GetHandleVerifier [0x0x7ff608cf8df4+115860]
	GetHandleVerifier [0x0x7ff608cf8fa9+116297]
	GetHandleVerifier [0x0x7ff608cdf558+11256]
	BaseThreadInitThunk [0x0x7ffc82a3257d+29]
	RtlUserThreadStart [0x0x7ffc842caf08+40]
. Se intentará de nuevo después del clic.
11-Jun-25 17:14:48 - INFO - Haciendo clic en la tarjeta del trabajo (ID: 4249040829).
11-Jun-25 17:14:57 - INFO - Detalles del trabajo en el panel lateral cargados exitosamente.
11-Jun-25 17:15:02 - INFO - Trabajo extraído exitosamente: Quality Insights Lead en Airbnb (ID: 4249040829)
11-Jun-25 17:15:05 - INFO - Preparando para scrapear tarjeta de trabajo (ID: 4247347581).
11-Jun-25 17:15:05 - INFO - Haciendo clic en la tarjeta del trabajo (ID: 4247347581).
11-Jun-25 17:15:14 - INFO - Detalles del trabajo en el panel lateral cargados exitosamente.
11-Jun-25 17:15:19 - INFO - Trabajo extraído exitosamente: Lead Data Scientist en Insight Global (ID: 4247347581)
11-Jun-25 17:15:23 - INFO - Preparando para scrapear tarjeta de trabajo (ID: 4249037234).
11-Jun-25 17:15:23 - WARNING - No se pudo obtener job_id o URL de la tarjeta antes del clic: Message: no such element: Unable to locate element: {"method":"css selector","selector":"a[href*='/jobs/view/']"}
  (Session info: chrome=137.0.7151.69); For documentation on this error, please visit: https://www.selenium.dev/documentation/webdriver/troubleshooting/errors#no-such-element-exception
Stacktrace:
	GetHandleVerifier [0x0x7ff608cefea5+79173]
	GetHandleVerifier [0x0x7ff608ceff00+79264]
	(No symbol) [0x0x7ff608aa9e5a]
	(No symbol) [0x0x7ff608b00586]
	(No symbol) [0x0x7ff608b0083c]
	(No symbol) [0x0x7ff608af2e4c]
	(No symbol) [0x0x7ff608b289af]
	(No symbol) [0x0x7ff608af2d16]
	(No symbol) [0x0x7ff608b28b80]
	(No symbol) [0x0x7ff608b5100d]
	(No symbol) [0x0x7ff608b28743]
	(No symbol) [0x0x7ff608af14c1]
	(No symbol) [0x0x7ff608af2253]
	GetHandleVerifier [0x0x7ff608fba2dd+3004797]
	GetHandleVerifier [0x0x7ff608fb472d+2981325]
	GetHandleVerifier [0x0x7ff608fd3380+3107360]
	GetHandleVerifier [0x0x7ff608d0aa2e+188622]
	GetHandleVerifier [0x0x7ff608d122bf+219487]
	GetHandleVerifier [0x0x7ff608cf8df4+115860]
	GetHandleVerifier [0x0x7ff608cf8fa9+116297]
	GetHandleVerifier [0x0x7ff608cdf558+11256]
	BaseThreadInitThunk [0x0x7ffc82a3257d+29]
	RtlUserThreadStart [0x0x7ffc842caf08+40]
. Se intentará de nuevo después del clic.
11-Jun-25 17:15:23 - INFO - Haciendo clic en la tarjeta del trabajo (ID: 4249037234).
11-Jun-25 17:15:30 - INFO - Detalles del trabajo en el panel lateral cargados exitosamente.
11-Jun-25 17:15:36 - INFO - Trabajo extraído exitosamente: FBS - Data Scientist I en Capgemini (ID: 4249037234)
11-Jun-25 17:15:38 - INFO - Preparando para scrapear tarjeta de trabajo (ID: 4248370389).
11-Jun-25 17:15:38 - INFO - Haciendo clic en la tarjeta del trabajo (ID: 4248370389).
11-Jun-25 17:15:46 - INFO - Detalles del trabajo en el panel lateral cargados exitosamente.
11-Jun-25 17:15:51 - INFO - Trabajo extraído exitosamente: Senior Data Scientist en Harnham (ID: 4248370389)
11-Jun-25 17:15:53 - INFO - Preparando para scrapear tarjeta de trabajo (ID: 4247324727).
11-Jun-25 17:15:53 - WARNING - No se pudo obtener job_id o URL de la tarjeta antes del clic: Message: no such element: Unable to locate element: {"method":"css selector","selector":"a[href*='/jobs/view/']"}
  (Session info: chrome=137.0.7151.69); For documentation on this error, please visit: https://www.selenium.dev/documentation/webdriver/troubleshooting/errors#no-such-element-exception
Stacktrace:
	GetHandleVerifier [0x0x7ff608cefea5+79173]
	GetHandleVerifier [0x0x7ff608ceff00+79264]
	(No symbol) [0x0x7ff608aa9e5a]
	(No symbol) [0x0x7ff608b00586]
	(No symbol) [0x0x7ff608b0083c]
	(No symbol) [0x0x7ff608af2e4c]
	(No symbol) [0x0x7ff608b289af]
	(No symbol) [0x0x7ff608af2d16]
	(No symbol) [0x0x7ff608b28b80]
	(No symbol) [0x0x7ff608b5100d]
	(No symbol) [0x0x7ff608b28743]
	(No symbol) [0x0x7ff608af14c1]
	(No symbol) [0x0x7ff608af2253]
	GetHandleVerifier [0x0x7ff608fba2dd+3004797]
	GetHandleVerifier [0x0x7ff608fb472d+2981325]
	GetHandleVerifier [0x0x7ff608fd3380+3107360]
	GetHandleVerifier [0x0x7ff608d0aa2e+188622]
	GetHandleVerifier [0x0x7ff608d122bf+219487]
	GetHandleVerifier [0x0x7ff608cf8df4+115860]
	GetHandleVerifier [0x0x7ff608cf8fa9+116297]
	GetHandleVerifier [0x0x7ff608cdf558+11256]
	BaseThreadInitThunk [0x0x7ffc82a3257d+29]
	RtlUserThreadStart [0x0x7ffc842caf08+40]
. Se intentará de nuevo después del clic.
11-Jun-25 17:15:53 - INFO - Haciendo clic en la tarjeta del trabajo (ID: 4247324727).
11-Jun-25 17:16:00 - INFO - Detalles del trabajo en el panel lateral cargados exitosamente.
11-Jun-25 17:16:05 - INFO - Trabajo extraído exitosamente: Data Scientist | Python | Natural Language Processing | Large Language Models | Machine Learning | Remote, US en Enigma (ID: 4247324727)
11-Jun-25 17:16:08 - INFO - Preparando para scrapear tarjeta de trabajo (ID: 4247165086).
11-Jun-25 17:16:08 - INFO - Haciendo clic en la tarjeta del trabajo (ID: 4247165086).
11-Jun-25 17:16:15 - INFO - Detalles del trabajo en el panel lateral cargados exitosamente.
11-Jun-25 17:16:20 - INFO - Trabajo extraído exitosamente: Senior Data Scientist (US Time Zone) en TalenTown \u0130nsan Kaynaklar\u0131 - \u0130\u015fe Al\u0131m Ajans\u0131 (ID: 4247165086)
11-Jun-25 17:16:23 - INFO - Preparando para scrapear tarjeta de trabajo (ID: 4192143919).
11-Jun-25 17:16:23 - WARNING - No se pudo obtener job_id o URL de la tarjeta antes del clic: Message: no such element: Unable to locate element: {"method":"css selector","selector":"a[href*='/jobs/view/']"}
  (Session info: chrome=137.0.7151.69); For documentation on this error, please visit: https://www.selenium.dev/documentation/webdriver/troubleshooting/errors#no-such-element-exception
Stacktrace:
	GetHandleVerifier [0x0x7ff608cefea5+79173]
	GetHandleVerifier [0x0x7ff608ceff00+79264]
	(No symbol) [0x0x7ff608aa9e5a]
	(No symbol) [0x0x7ff608b00586]
	(No symbol) [0x0x7ff608b0083c]
	(No symbol) [0x0x7ff608af2e4c]
	(No symbol) [0x0x7ff608b289af]
	(No symbol) [0x0x7ff608af2d16]
	(No symbol) [0x0x7ff608b28b80]
	(No symbol) [0x0x7ff608b5100d]
	(No symbol) [0x0x7ff608b28743]
	(No symbol) [0x0x7ff608af14c1]
	(No symbol) [0x0x7ff608af2253]
	GetHandleVerifier [0x0x7ff608fba2dd+3004797]
	GetHandleVerifier [0x0x7ff608fb472d+2981325]
	GetHandleVerifier [0x0x7ff608fd3380+3107360]
	GetHandleVerifier [0x0x7ff608d0aa2e+188622]
	GetHandleVerifier [0x0x7ff608d122bf+219487]
	GetHandleVerifier [0x0x7ff608cf8df4+115860]
	GetHandleVerifier [0x0x7ff608cf8fa9+116297]
	GetHandleVerifier [0x0x7ff608cdf558+11256]
	BaseThreadInitThunk [0x0x7ffc82a3257d+29]
	RtlUserThreadStart [0x0x7ffc842caf08+40]
. Se intentará de nuevo después del clic.
11-Jun-25 17:16:23 - INFO - Haciendo clic en la tarjeta del trabajo (ID: 4192143919).
11-Jun-25 17:16:32 - INFO - Detalles del trabajo en el panel lateral cargados exitosamente.
11-Jun-25 17:16:36 - INFO - Trabajo extraído exitosamente: Senior Data Scientist - Guide en Included Health (ID: 4192143919)
11-Jun-25 17:16:39 - INFO - Preparando para scrapear tarjeta de trabajo (ID: 4249053768).
11-Jun-25 17:16:39 - INFO - Haciendo clic en la tarjeta del trabajo (ID: 4249053768).
11-Jun-25 17:16:46 - INFO - Detalles del trabajo en el panel lateral cargados exitosamente.
11-Jun-25 17:16:52 - INFO - Trabajo extraído exitosamente: Data Annotator (Math & Coding) en micro1 (ID: 4249053768)
11-Jun-25 17:16:55 - INFO - Preparando para scrapear tarjeta de trabajo (ID: 4249266285).
11-Jun-25 17:16:55 - INFO - Haciendo clic en la tarjeta del trabajo (ID: 4249266285).
11-Jun-25 17:17:03 - INFO - Detalles del trabajo en el panel lateral cargados exitosamente.
11-Jun-25 17:17:08 - INFO - Trabajo extraído exitosamente: Data Analyst en Taskify (ID: 4249266285)
11-Jun-25 17:17:11 - INFO - Preparando para scrapear tarjeta de trabajo (ID: 4249039969).
11-Jun-25 17:17:11 - INFO - Haciendo clic en la tarjeta del trabajo (ID: 4249039969).
11-Jun-25 17:17:19 - INFO - Detalles del trabajo en el panel lateral cargados exitosamente.
11-Jun-25 17:17:24 - INFO - Trabajo extraído exitosamente: Data Scientist en Fintech Farm (ID: 4249039969)
11-Jun-25 17:17:27 - INFO - Preparando para scrapear tarjeta de trabajo (ID: 4246562434).
11-Jun-25 17:17:27 - INFO - Haciendo clic en la tarjeta del trabajo (ID: 4246562434).
11-Jun-25 17:17:33 - INFO - Detalles del trabajo en el panel lateral cargados exitosamente.
11-Jun-25 17:17:38 - INFO - Trabajo extraído exitosamente: Senior Data Scientist en BetterEngineer (ID: 4246562434)
11-Jun-25 17:17:41 - INFO - Preparando para scrapear tarjeta de trabajo (ID: 4233807217).
11-Jun-25 17:17:41 - INFO - Haciendo clic en la tarjeta del trabajo (ID: 4233807217).
11-Jun-25 17:17:50 - INFO - Detalles del trabajo en el panel lateral cargados exitosamente.
11-Jun-25 17:17:55 - INFO - Trabajo extraído exitosamente: Data Scientist | Merch Algorithms | Pricing Optimization en Stitch Fix (ID: 4233807217)
11-Jun-25 17:17:59 - INFO - Preparando para scrapear tarjeta de trabajo (ID: 4248389553).
11-Jun-25 17:17:59 - INFO - Haciendo clic en la tarjeta del trabajo (ID: 4248389553).
11-Jun-25 17:18:08 - INFO - Detalles del trabajo en el panel lateral cargados exitosamente.
11-Jun-25 17:18:12 - INFO - Trabajo extraído exitosamente: Senior Data Scientist en Vertisystem (ID: 4248389553)
11-Jun-25 17:18:16 - INFO - Preparando para scrapear tarjeta de trabajo (ID: 4246349866).
11-Jun-25 17:18:16 - INFO - Haciendo clic en la tarjeta del trabajo (ID: 4246349866).
11-Jun-25 17:18:22 - INFO - Detalles del trabajo en el panel lateral cargados exitosamente.
11-Jun-25 17:18:26 - INFO - Trabajo extraído exitosamente: Artificial Intelligence Enginee en Citric Sheep (ID: 4246349866)
11-Jun-25 17:18:29 - INFO - Preparando para scrapear tarjeta de trabajo (ID: 4247130180).
11-Jun-25 17:18:29 - INFO - Haciendo clic en la tarjeta del trabajo (ID: 4247130180).
11-Jun-25 17:18:38 - INFO - Detalles del trabajo en el panel lateral cargados exitosamente.
11-Jun-25 17:18:45 - INFO - Trabajo extraído exitosamente: Data Scientist I+D en Treelogic (ID: 4247130180)
11-Jun-25 17:18:47 - INFO - Preparando para scrapear tarjeta de trabajo (ID: 4247349622).
11-Jun-25 17:18:47 - INFO - Haciendo clic en la tarjeta del trabajo (ID: 4247349622).
11-Jun-25 17:18:56 - INFO - Detalles del trabajo en el panel lateral cargados exitosamente.
11-Jun-25 17:19:02 - INFO - Trabajo extraído exitosamente: Data Analyst en Wipro (ID: 4247349622)
11-Jun-25 17:19:06 - INFO - Preparando para scrapear tarjeta de trabajo (ID: 4247155865).
11-Jun-25 17:19:06 - INFO - Haciendo clic en la tarjeta del trabajo (ID: 4247155865).
11-Jun-25 17:19:13 - INFO - Detalles del trabajo en el panel lateral cargados exitosamente.
11-Jun-25 17:19:18 - INFO - Trabajo extraído exitosamente: Data Scientist en fabbricadigitale (ID: 4247155865)
11-Jun-25 17:19:20 - INFO - Preparando para scrapear tarjeta de trabajo (ID: 4246762940).
11-Jun-25 17:19:20 - INFO - Haciendo clic en la tarjeta del trabajo (ID: 4246762940).
11-Jun-25 17:19:28 - INFO - Detalles del trabajo en el panel lateral cargados exitosamente.
11-Jun-25 17:19:33 - INFO - Trabajo extraído exitosamente: Lead Data Scientist en iScale Solutions (ID: 4246762940)
11-Jun-25 17:19:35 - INFO - Intentando pasar a la página 2...
11-Jun-25 17:19:37 - INFO - Clic en el botón de la página 2 exitoso.
11-Jun-25 17:19:56 - INFO - Encontradas 25 tarjetas de trabajos actualmente visibles y válidas en la página.
11-Jun-25 17:19:56 - INFO - --- Procesando Página 2 de un máximo de 3 ---
11-Jun-25 17:20:03 - INFO - Encontradas 25 tarjetas de trabajos actualmente visibles y válidas en la página.
11-Jun-25 17:20:03 - INFO - Total de tarjetas de trabajo válidas visibles en la página 2: 25
11-Jun-25 17:20:03 - INFO - Trabajo con ID 4249085755 ya procesado, saltando.
11-Jun-25 17:20:03 - INFO - Trabajo con ID 4247348554 ya procesado, saltando.
11-Jun-25 17:20:03 - INFO - Trabajo con ID 4231868796 ya procesado, saltando.
11-Jun-25 17:20:03 - INFO - Trabajo con ID 4247198398 ya procesado, saltando.
11-Jun-25 17:20:03 - INFO - Trabajo con ID 4237698064 ya procesado, saltando.
11-Jun-25 17:20:03 - INFO - Trabajo con ID 4247334073 ya procesado, saltando.
11-Jun-25 17:20:03 - INFO - Trabajo con ID 4247140467 ya procesado, saltando.
11-Jun-25 17:20:03 - INFO - Trabajo con ID 4249040829 ya procesado, saltando.
11-Jun-25 17:20:03 - INFO - Trabajo con ID 4247347581 ya procesado, saltando.
11-Jun-25 17:20:03 - INFO - Trabajo con ID 4249037234 ya procesado, saltando.
11-Jun-25 17:20:03 - INFO - Trabajo con ID 4248370389 ya procesado, saltando.
11-Jun-25 17:20:03 - INFO - Trabajo con ID 4247324727 ya procesado, saltando.
11-Jun-25 17:20:03 - INFO - Trabajo con ID 4247165086 ya procesado, saltando.
11-Jun-25 17:20:03 - INFO - Trabajo con ID 4192143919 ya procesado, saltando.
11-Jun-25 17:20:03 - INFO - Trabajo con ID 4249053768 ya procesado, saltando.
11-Jun-25 17:20:03 - INFO - Trabajo con ID 4249266285 ya procesado, saltando.
11-Jun-25 17:20:03 - INFO - Trabajo con ID 4249039969 ya procesado, saltando.
11-Jun-25 17:20:03 - INFO - Trabajo con ID 4246562434 ya procesado, saltando.
11-Jun-25 17:20:03 - INFO - Trabajo con ID 4233807217 ya procesado, saltando.
11-Jun-25 17:20:03 - INFO - Trabajo con ID 4248389553 ya procesado, saltando.
11-Jun-25 17:20:03 - INFO - Trabajo con ID 4246349866 ya procesado, saltando.
11-Jun-25 17:20:03 - INFO - Trabajo con ID 4247130180 ya procesado, saltando.
11-Jun-25 17:20:03 - INFO - Trabajo con ID 4247349622 ya procesado, saltando.
11-Jun-25 17:20:03 - INFO - Trabajo con ID 4247155865 ya procesado, saltando.
11-Jun-25 17:20:03 - INFO - Trabajo con ID 4246762940 ya procesado, saltando.
11-Jun-25 17:20:03 - INFO - Intentando pasar a la página 3...
11-Jun-25 17:20:05 - INFO - Clic en el botón de la página 3 exitoso.
11-Jun-25 17:20:27 - INFO - Encontradas 25 tarjetas de trabajos actualmente visibles y válidas en la página.
11-Jun-25 17:20:27 - INFO - --- Procesando Página 3 de un máximo de 3 ---
11-Jun-25 17:20:34 - INFO - Encontradas 25 tarjetas de trabajos actualmente visibles y válidas en la página.
11-Jun-25 17:20:34 - INFO - Total de tarjetas de trabajo válidas visibles en la página 3: 25
11-Jun-25 17:20:34 - INFO - Trabajo con ID 4249085755 ya procesado, saltando.
11-Jun-25 17:20:34 - INFO - Trabajo con ID 4247348554 ya procesado, saltando.
11-Jun-25 17:20:34 - INFO - Trabajo con ID 4231868796 ya procesado, saltando.
11-Jun-25 17:20:34 - INFO - Trabajo con ID 4247198398 ya procesado, saltando.
11-Jun-25 17:20:34 - INFO - Trabajo con ID 4237698064 ya procesado, saltando.
11-Jun-25 17:20:34 - INFO - Trabajo con ID 4247334073 ya procesado, saltando.
11-Jun-25 17:20:34 - INFO - Trabajo con ID 4247140467 ya procesado, saltando.
11-Jun-25 17:20:34 - INFO - Trabajo con ID 4249040829 ya procesado, saltando.
11-Jun-25 17:20:34 - INFO - Trabajo con ID 4247347581 ya procesado, saltando.
11-Jun-25 17:20:34 - INFO - Trabajo con ID 4249037234 ya procesado, saltando.
11-Jun-25 17:20:34 - INFO - Trabajo con ID 4248370389 ya procesado, saltando.
11-Jun-25 17:20:34 - INFO - Trabajo con ID 4247324727 ya procesado, saltando.
11-Jun-25 17:20:34 - INFO - Trabajo con ID 4247165086 ya procesado, saltando.
11-Jun-25 17:20:34 - INFO - Trabajo con ID 4192143919 ya procesado, saltando.
11-Jun-25 17:20:34 - INFO - Trabajo con ID 4249053768 ya procesado, saltando.
11-Jun-25 17:20:34 - INFO - Trabajo con ID 4249266285 ya procesado, saltando.
11-Jun-25 17:20:34 - INFO - Trabajo con ID 4249039969 ya procesado, saltando.
11-Jun-25 17:20:34 - INFO - Trabajo con ID 4246562434 ya procesado, saltando.
11-Jun-25 17:20:34 - INFO - Trabajo con ID 4233807217 ya procesado, saltando.
11-Jun-25 17:20:34 - INFO - Trabajo con ID 4248389553 ya procesado, saltando.
11-Jun-25 17:20:34 - INFO - Trabajo con ID 4246349866 ya procesado, saltando.
11-Jun-25 17:20:34 - INFO - Trabajo con ID 4247130180 ya procesado, saltando.
11-Jun-25 17:20:34 - INFO - Trabajo con ID 4247349622 ya procesado, saltando.
11-Jun-25 17:20:34 - INFO - Trabajo con ID 4247155865 ya procesado, saltando.
11-Jun-25 17:20:34 - INFO - Trabajo con ID 4246762940 ya procesado, saltando.
11-Jun-25 17:20:34 - INFO - Se ha alcanzado el número máximo de páginas (3) a scrapear. Terminando paginación.
11-Jun-25 17:20:34 - INFO - Scraping completado para 'Data%20Scientist'. Total de trabajos extraídos: 25.
11-Jun-25 17:20:34 - INFO - Iniciando búsqueda para: Keyword='Data%20Engineer', Ubicación='Spain', Remoto='true', Publicado='r86400'
11-Jun-25 17:20:34 - INFO - Navegando a la URL de búsqueda inicial: https://www.linkedin.com/jobs/search/?f_TPR=r86400&f_WRA=true&geoId=92000000&keywords=Data%20Engineer&location=Spain&start=0
11-Jun-25 17:20:52 - INFO - URL actual después de la navegación: https://www.linkedin.com/jobs/search/?currentJobId=4247328938&f_TPR=r86400&f_WT=2&geoId=92000000&keywords=Data%20Engineer&location=Spain
11-Jun-25 17:20:52 - INFO - Lista de resultados de búsqueda inicial encontrada y visible.
11-Jun-25 17:20:55 - WARNING - No se pudo obtener el conteo de resultados inicial. Intentando selectores alternativos o asumiendo un conteo bajo.
11-Jun-25 17:20:55 - WARNING - No se pudo obtener el conteo de resultados con selectores alternativos. Asumiendo 0 para continuar.
11-Jun-25 17:20:55 - INFO - Iniciando scraping para 'Data%20Engineer' en 'Spain' (0 resultados totales esperados)...
11-Jun-25 17:20:55 - INFO - --- Procesando Página 1 de un máximo de 3 ---
11-Jun-25 17:21:03 - INFO - Encontradas 25 tarjetas de trabajos actualmente visibles y válidas en la página.
11-Jun-25 17:21:03 - INFO - Total de tarjetas de trabajo válidas visibles en la página 1: 25
11-Jun-25 17:21:03 - INFO - Preparando para scrapear tarjeta de trabajo (ID: 4247328938).
11-Jun-25 17:21:03 - INFO - Haciendo clic en la tarjeta del trabajo (ID: 4247328938).
11-Jun-25 17:21:10 - INFO - Detalles del trabajo en el panel lateral cargados exitosamente.
11-Jun-25 17:21:15 - INFO - Trabajo extraído exitosamente: Data Engineer - Remoto en Stefanini LATAM (ID: 4247328938)
11-Jun-25 17:21:19 - INFO - Preparando para scrapear tarjeta de trabajo (ID: 4246333057).
11-Jun-25 17:21:19 - INFO - Haciendo clic en la tarjeta del trabajo (ID: 4246333057).
11-Jun-25 17:21:28 - INFO - Detalles del trabajo en el panel lateral cargados exitosamente.
11-Jun-25 17:21:34 - INFO - Trabajo extraído exitosamente: Data Engineer en Axon (ID: 4246333057)
11-Jun-25 17:21:37 - INFO - Preparando para scrapear tarjeta de trabajo (ID: 4246059931).
11-Jun-25 17:21:37 - INFO - Haciendo clic en la tarjeta del trabajo (ID: 4246059931).
11-Jun-25 17:21:44 - INFO - Detalles del trabajo en el panel lateral cargados exitosamente.
11-Jun-25 17:21:48 - INFO - Trabajo extraído exitosamente: Data Engineer - Customer Data Platform (CDP) en RED Global (ID: 4246059931)
11-Jun-25 17:21:51 - INFO - Preparando para scrapear tarjeta de trabajo (ID: 4242769980).
11-Jun-25 17:21:51 - INFO - Haciendo clic en la tarjeta del trabajo (ID: 4242769980).
11-Jun-25 17:22:00 - INFO - Detalles del trabajo en el panel lateral cargados exitosamente.
11-Jun-25 17:22:04 - INFO - Trabajo extraído exitosamente: Data Engineer en Nextar (ID: 4242769980)
11-Jun-25 17:22:07 - INFO - Preparando para scrapear tarjeta de trabajo (ID: 4249090728).
11-Jun-25 17:22:07 - INFO - Haciendo clic en la tarjeta del trabajo (ID: 4249090728).
11-Jun-25 17:22:15 - INFO - Detalles del trabajo en el panel lateral cargados exitosamente.
11-Jun-25 17:22:19 - INFO - Trabajo extraído exitosamente: Data Engineer (mid-level) en CareCentrix (ID: 4249090728)
11-Jun-25 17:22:22 - INFO - Preparando para scrapear tarjeta de trabajo (ID: 4248683290).
11-Jun-25 17:22:22 - INFO - Haciendo clic en la tarjeta del trabajo (ID: 4248683290).
11-Jun-25 17:22:28 - INFO - Detalles del trabajo en el panel lateral cargados exitosamente.
11-Jun-25 17:22:33 - WARNING - No se encontró el nombre de la empresa para ID 4248683290.
11-Jun-25 17:22:33 - INFO - Trabajo extraído exitosamente: Data Engineer en  (ID: 4248683290)
11-Jun-25 17:22:37 - INFO - Preparando para scrapear tarjeta de trabajo (ID: 4247319005).
11-Jun-25 17:22:37 - INFO - Haciendo clic en la tarjeta del trabajo (ID: 4247319005).
11-Jun-25 17:22:46 - INFO - Detalles del trabajo en el panel lateral cargados exitosamente.
11-Jun-25 17:22:50 - INFO - Trabajo extraído exitosamente: Senior Data Engineer en GBH (ID: 4247319005)
11-Jun-25 17:22:53 - INFO - Preparando para scrapear tarjeta de trabajo (ID: 4249078988).
11-Jun-25 17:22:53 - INFO - Haciendo clic en la tarjeta del trabajo (ID: 4249078988).
11-Jun-25 17:23:00 - INFO - Detalles del trabajo en el panel lateral cargados exitosamente.
11-Jun-25 17:23:05 - INFO - Trabajo extraído exitosamente: Senior Data Engineer - PowerBI en Altia (ID: 4249078988)
11-Jun-25 17:23:08 - INFO - Preparando para scrapear tarjeta de trabajo (ID: 4249274298).
11-Jun-25 17:23:08 - INFO - Haciendo clic en la tarjeta del trabajo (ID: 4249274298).
11-Jun-25 17:23:16 - INFO - Detalles del trabajo en el panel lateral cargados exitosamente.
