11-Jun-25 17:43:44 - INFO - Log file log\debug_pagination_MINIMAL_R2_11-Jun-25_17-43-44.log created for minimal pagination debugging (Revision 2).
11-Jun-25 17:43:45 - INFO - LOGUEANDOME A LINKEDIN COMO wegoda2685@adrewire.com...
11-Jun-25 17:43:59 - INFO - Login completado.
11-Jun-25 17:44:34 - ERROR - Timeout al esperar la barra de búsqueda global después del login. Posiblemente el login falló o hay un CAPTCHA.
11-Jun-25 17:44:34 - CRITICAL - Error crítico en el script principal de depuración: Message: 
Stacktrace:
	GetHandleVerifier [0x0x7ff608cefea5+79173]
	GetHandleVerifier [0x0x7ff608ceff00+79264]
	(No symbol) [0x0x7ff608aa9e5a]
	(No symbol) [0x0x7ff608b00586]
	(No symbol) [0x0x7ff608b0083c]
	(No symbol) [0x0x7ff608b54247]
	(No symbol) [0x0x7ff608b289af]
	(No symbol) [0x0x7ff608b5100d]
	(No symbol) [0x0x7ff608b28743]
	(No symbol) [0x0x7ff608af14c1]
	(No symbol) [0x0x7ff608af2253]
	GetHandleVerifier [0x0x7ff608fba2dd+3004797]
	GetHandleVerifier [0x0x7ff608fb472d+2981325]
	GetHandleVerifier [0x0x7ff608fd3380+3107360]
	GetHandleVerifier [0x0x7ff608d0aa2e+188622]
	GetHandleVerifier [0x0x7ff608d122bf+219487]
	GetHandleVerifier [0x0x7ff608cf8df4+115860]
	GetHandleVerifier [0x0x7ff608cf8fa9+116297]
	GetHandleVerifier [0x0x7ff608cdf558+11256]
	BaseThreadInitThunk [0x0x7ffc82a3257d+29]
	RtlUserThreadStart [0x0x7ffc842caf08+40]

11-Jun-25 17:44:34 - INFO - Proceso de depuración de paginación completado.
