11-Jun-25 17:53:48 - INFO - Log file log\debug_pagination_YOUR_SELECTORS_R4_11-Jun-25_17-53-48.log created for pagination debugging (Using your selectors R4).
11-Jun-25 17:53:49 - INFO - LOGUEANDOME A LINKEDIN COMO wegoda2685@adrewire.com...
11-Jun-25 17:54:08 - INFO - Login completado.
11-Jun-25 17:54:09 - INFO - Navegación exitosa a la página principal después del login.
11-Jun-25 17:54:20 - INFO - Navegando a la URL de búsqueda inicial para depuración: https://www.linkedin.com/jobs/search/?keywords=Python%20Developer&location=Spain&start=0
11-Jun-25 17:54:35 - INFO - URL actual después de la navegación: https://www.linkedin.com/jobs/search/?currentJobId=4246219942&keywords=Python%20Developer&location=Spain
11-Jun-25 17:54:35 - INFO - Primeras tarjetas de resultados de búsqueda encontradas y visibles. ¡Página de resultados lista!
11-Jun-25 17:54:37 - INFO - --- Intentando pasar a la página 2 ---
11-Jun-25 17:54:37 - INFO - Botón de la página 2 encontrado usando tu XPath.
11-Jun-25 17:54:39 - INFO - Clic en el botón de la página 2 exitoso.
11-Jun-25 17:54:39 - INFO - VERIFICACIÓN: La página 2 se cargó o se activó correctamente.
11-Jun-25 17:54:45 - INFO - VERIFICACIÓN: Se detectaron elementos de trabajos en la página 2. Paginación visualmente exitosa.
11-Jun-25 17:54:45 - INFO - --- Intentando pasar a la página 3 ---
11-Jun-25 17:54:45 - INFO - Botón de la página 3 encontrado usando tu XPath.
11-Jun-25 17:54:47 - INFO - Clic en el botón de la página 3 exitoso.
11-Jun-25 17:54:47 - INFO - VERIFICACIÓN: La página 3 se cargó o se activó correctamente.
11-Jun-25 17:54:52 - INFO - VERIFICACIÓN: Se detectaron elementos de trabajos en la página 3. Paginación visualmente exitosa.
11-Jun-25 17:54:52 - INFO - --- Intentando pasar a la página 4 ---
11-Jun-25 17:54:52 - INFO - Botón de la página 4 encontrado usando tu XPath.
11-Jun-25 17:54:54 - INFO - Clic en el botón de la página 4 exitoso.
11-Jun-25 17:54:54 - INFO - VERIFICACIÓN: La página 4 se cargó o se activó correctamente.
11-Jun-25 17:55:01 - INFO - VERIFICACIÓN: Se detectaron elementos de trabajos en la página 4. Paginación visualmente exitosa.
11-Jun-25 17:55:01 - INFO - --- Intentando pasar a la página 5 ---
11-Jun-25 17:55:01 - INFO - Botón de la página 5 encontrado usando tu XPath.
11-Jun-25 17:55:03 - INFO - Clic en el botón de la página 5 exitoso.
11-Jun-25 17:55:03 - INFO - VERIFICACIÓN: La página 5 se cargó o se activó correctamente.
11-Jun-25 17:55:10 - INFO - VERIFICACIÓN: Se detectaron elementos de trabajos en la página 5. Paginación visualmente exitosa.
11-Jun-25 17:55:10 - INFO - Depuración de paginación completada. Última página intentada con éxito: 5.
11-Jun-25 17:55:10 - INFO - Cerrando el navegador después de la depuración de paginación.
11-Jun-25 17:55:13 - INFO - Proceso de depuración de paginación completado.
