11-Jun-25 17:48:32 - INFO - Log file log\debug_pagination_INTERACTIVE_R3_11-Jun-25_17-48-32.log created for interactive pagination debugging (Revision 3).
11-Jun-25 17:48:33 - INFO - LOGUEANDOME A LINKEDIN COMO wegoda2685@adrewire.com...
11-Jun-25 17:48:52 - INFO - Login completado.
11-Jun-25 17:48:52 - INFO - Navegación exitosa a la página principal después del login.
11-Jun-25 17:49:04 - INFO - Navegando a la URL de búsqueda inicial para depuración interactiva: https://www.linkedin.com/jobs/search/?keywords=Python%20Developer&location=Spain&start=0
11-Jun-25 17:49:23 - INFO - URL actual después de la navegación: https://www.linkedin.com/jobs/search/?currentJobId=4246219942&keywords=Python%20Developer&location=Spain
11-Jun-25 17:49:23 - INFO - Primeras tarjetas de resultados de búsqueda encontradas y visibles. ¡Página de resultados lista!
11-Jun-25 17:49:26 - INFO - --- PAUSA PARA INSPECCIÓN MANUAL ---
11-Jun-25 17:49:26 - INFO - El script está pausado en la primera página de resultados.
11-Jun-25 17:49:26 - INFO - POR FAVOR, HAGA LO SIGUIENTE:
11-Jun-25 17:49:26 - INFO - 1. Vaya al navegador Chrome que Selenium ha abierto.
11-Jun-25 17:49:26 - INFO - 2. DESPLÁCESE hacia abajo hasta que vea los botones de paginación (Página 1, 2, 3, etc.).
11-Jun-25 17:49:26 - INFO - 3. Haga clic derecho sobre el botón de la 'Página 2'.
11-Jun-25 17:49:26 - INFO - 4. Seleccione 'Inspeccionar' (Inspect).
11-Jun-25 17:49:26 - INFO - 5. En la ventana de herramientas de desarrollador, examine el elemento del botón de la 'Página 2'.
11-Jun-25 17:49:26 - INFO - 6. Copie el 'XPath completo' o el 'Selector CSS' de ese botón.
11-Jun-25 17:49:26 - INFO - 7. Vuelva a esta ventana de VS Code y pegue el XPath/Selector en el chat.
11-Jun-25 17:49:26 - INFO - 8. Presione Enter en la CONSOLA de VS Code (donde ejecuta el script) para continuar el script.
11-Jun-25 17:51:51 - INFO - Reanudando el script. Intentando encontrar y hacer clic en el botón de la página 2.
11-Jun-25 17:52:06 - INFO - No se encontró el botón de la página 2 en el tiempo esperado. Posiblemente no existe o el selector no es el correcto.
11-Jun-25 17:52:06 - INFO - Depuración de paginación completada. Última página intentada con éxito: 1.
11-Jun-25 17:52:06 - INFO - Cerrando el navegador después de la depuración de paginación.
11-Jun-25 17:52:09 - INFO - Proceso de depuración de paginación completado.
