11-Jun-25 18:03:39 - INFO - Log file log\scraper_11-Jun-25_18-03-39.log created for LinkedIn Job Scraper.
11-Jun-25 18:03:39 - INFO - output/11-Jun-25_linkedin_jobs.csv borrado
11-Jun-25 18:03:39 - INFO - output/11-Jun-25_linkedin_jobs.csv Creado con encabezado.
11-Jun-25 18:03:43 - INFO - LOGUEANDOME A LINKEDIN COMO wegoda2685@adrewire.com...
11-Jun-25 18:04:01 - INFO - Login completado.
11-Jun-25 18:04:03 - CRITICAL - Error crítico en el script principal (fuera del bucle de búsquedas): Message: unknown error: cannot determine loading status
from target frame detached
  (Session info: chrome=137.0.7151.69)
Stacktrace:
	GetHandleVerifier [0x0x7ff608cefea5+79173]
	GetHandleVerifier [0x0x7ff608ceff00+79264]
	(No symbol) [0x0x7ff608aa9c8c]
	(No symbol) [0x0x7ff608a96f6b]
	(No symbol) [0x0x7ff608a94b9f]
	(No symbol) [0x0x7ff608a955ff]
	(No symbol) [0x0x7ff608aa4819]
	(No symbol) [0x0x7ff608aba671]
	(No symbol) [0x0x7ff608ac17ba]
	(No symbol) [0x0x7ff608a95d9d]
	(No symbol) [0x0x7ff608ab9e61]
	(No symbol) [0x0x7ff608b50ee7]
	(No symbol) [0x0x7ff608b28743]
	(No symbol) [0x0x7ff608af14c1]
	(No symbol) [0x0x7ff608af2253]
	GetHandleVerifier [0x0x7ff608fba2dd+3004797]
	GetHandleVerifier [0x0x7ff608fb472d+2981325]
	GetHandleVerifier [0x0x7ff608fd3380+3107360]
	GetHandleVerifier [0x0x7ff608d0aa2e+188622]
	GetHandleVerifier [0x0x7ff608d122bf+219487]
	GetHandleVerifier [0x0x7ff608cf8df4+115860]
	GetHandleVerifier [0x0x7ff608cf8fa9+116297]
	GetHandleVerifier [0x0x7ff608cdf558+11256]
	BaseThreadInitThunk [0x0x7ffc82a3257d+29]
	RtlUserThreadStart [0x0x7ffc842caf08+40]

11-Jun-25 18:04:03 - INFO - Proceso de scraping completado.
